[ 2014-11-08T10:45:56+08:00 ] 127.0.0.1 /wish/index.php/Admin/Login/index.html
INFO: [ route_check ] --START--
INFO: CheckRoute Behavior ::run [ RunTime:0.019984s ]
INFO: [ route_check ] --END-- [ RunTime:0.020256s ]
INFO: [ app_begin ] --START--
INFO: ReadHtmlCache Behavior ::run [ RunTime:0.005791s ]
INFO: [ app_begin ] --END-- [ RunTime:0.005954s ]
INFO: [ view_parse ] --START--
INFO: ParseTemplate Behavior ::run [ RunTime:0.061620s ]
INFO: [ view_parse ] --END-- [ RunTime:0.061939s ]
INFO: [ view_filter ] --START--
INFO: ContentReplace Behavior ::run [ RunTime:0.014839s ]
INFO: TokenBuild Behavior ::run [ RunTime:0.015515s ]
INFO: WriteHtmlCache Behavior ::run [ RunTime:0.016242s ]
INFO: ShowRuntime Behavior ::run [ RunTime:0.010736s ]
INFO: [ view_filter ] --END-- [ RunTime:0.057750s ]
INFO: [ view_end ] --START--
INFO: ShowPageTrace Behavior ::run [ RunTime:0.003279s ]
INFO: [ view_end ] --END-- [ RunTime:0.003399s ]

[ 2014-11-08T10:45:56+08:00 ] 127.0.0.1 /wish/index.php/Admin/Login/verify.html
INFO: [ route_check ] --START--
INFO: CheckRoute Behavior ::run [ RunTime:0.001113s ]
INFO: [ route_check ] --END-- [ RunTime:0.001289s ]
INFO: [ app_begin ] --START--
INFO: ReadHtmlCache Behavior ::run [ RunTime:0.000784s ]
INFO: [ app_begin ] --END-- [ RunTime:0.000910s ]

[ 2014-11-08T10:46:04+08:00 ] 127.0.0.1 /wish/index.php/Admin/Login/index.html
INFO: [ route_check ] --START--
INFO: CheckRoute Behavior ::run [ RunTime:0.000532s ]
INFO: [ route_check ] --END-- [ RunTime:0.000651s ]
INFO: [ app_begin ] --START--
INFO: ReadHtmlCache Behavior ::run [ RunTime:0.000315s ]
INFO: [ app_begin ] --END-- [ RunTime:0.000381s ]
INFO: [ view_parse ] --START--
INFO: ParseTemplate Behavior ::run [ RunTime:0.004837s ]
INFO: [ view_parse ] --END-- [ RunTime:0.004939s ]
INFO: [ view_filter ] --START--
INFO: ContentReplace Behavior ::run [ RunTime:0.000290s ]
INFO: TokenBuild Behavior ::run [ RunTime:0.000311s ]
INFO: WriteHtmlCache Behavior ::run [ RunTime:0.000213s ]
INFO: ShowRuntime Behavior ::run [ RunTime:0.000352s ]
INFO: [ view_filter ] --END-- [ RunTime:0.001350s ]
INFO: [ view_end ] --START--
INFO: ShowPageTrace Behavior ::run [ RunTime:0.000406s ]
INFO: [ view_end ] --END-- [ RunTime:0.000468s ]

[ 2014-11-08T10:46:04+08:00 ] 127.0.0.1 /wish/index.php/Admin/Login/verify.html
INFO: [ route_check ] --START--
INFO: CheckRoute Behavior ::run [ RunTime:0.000421s ]
INFO: [ route_check ] --END-- [ RunTime:0.000500s ]
INFO: [ app_begin ] --START--
INFO: ReadHtmlCache Behavior ::run [ RunTime:0.000308s ]
INFO: [ app_begin ] --END-- [ RunTime:0.000373s ]

