[ 2014-11-18T15:55:56+08:00 ] 127.0.0.1 /wish/
INFO: [ app_begin ] --START--
INFO: ReadHtmlCache Behavior ::run [ RunTime:0.009339s ]
INFO: [ app_begin ] --END-- [ RunTime:0.009561s ]
NOTIC: [2048] Declaration of IndexAction::show() should be compatible with that of Action::show() D:\wamp\www\wish\App\Core\Index\Action\IndexAction.class.php 第 26 行.
SQL: SHOW COLUMNS FROM `hd_wish` [ RunTime:0.028663s ]
SQL: SELECT * FROM `hd_wish`  [ RunTime:0.000425s ]
INFO: [ view_parse ] --START--
INFO: ParseTemplate Behavior ::run [ RunTime:0.049901s ]
INFO: [ view_parse ] --END-- [ RunTime:0.050096s ]
INFO: [ view_filter ] --START--
INFO: ContentReplace Behavior ::run [ RunTime:0.001065s ]
INFO: TokenBuild Behavior ::run [ RunTime:0.011711s ]
INFO: WriteHtmlCache Behavior ::run [ RunTime:0.007903s ]
INFO: ShowRuntime Behavior ::run [ RunTime:0.001220s ]
INFO: [ view_filter ] --END-- [ RunTime:0.022387s ]
INFO: [ view_end ] --START--
INFO: ShowPageTrace Behavior ::run [ RunTime:0.001311s ]
INFO: [ view_end ] --END-- [ RunTime:0.001479s ]

[ 2014-11-18T15:56:03+08:00 ] 127.0.0.1 /wish/index.php/Admin/Login/index.html
INFO: [ route_check ] --START--
INFO: CheckRoute Behavior ::run [ RunTime:0.020415s ]
INFO: [ route_check ] --END-- [ RunTime:0.020593s ]
INFO: [ app_begin ] --START--
INFO: ReadHtmlCache Behavior ::run [ RunTime:0.000565s ]
INFO: [ app_begin ] --END-- [ RunTime:0.000663s ]
INFO: [ view_parse ] --START--
INFO: ParseTemplate Behavior ::run [ RunTime:0.016164s ]
INFO: [ view_parse ] --END-- [ RunTime:0.016248s ]
INFO: [ view_filter ] --START--
INFO: ContentReplace Behavior ::run [ RunTime:0.000329s ]
INFO: TokenBuild Behavior ::run [ RunTime:0.000283s ]
INFO: WriteHtmlCache Behavior ::run [ RunTime:0.000205s ]
INFO: ShowRuntime Behavior ::run [ RunTime:0.000351s ]
INFO: [ view_filter ] --END-- [ RunTime:0.001334s ]
INFO: [ view_end ] --START--
INFO: ShowPageTrace Behavior ::run [ RunTime:0.000379s ]
INFO: [ view_end ] --END-- [ RunTime:0.000439s ]

[ 2014-11-18T15:56:03+08:00 ] 127.0.0.1 /wish/index.php/admin/login/verify
INFO: [ route_check ] --START--
INFO: CheckRoute Behavior ::run [ RunTime:0.000471s ]
INFO: [ route_check ] --END-- [ RunTime:0.000548s ]
INFO: [ app_begin ] --START--
INFO: ReadHtmlCache Behavior ::run [ RunTime:0.000313s ]
INFO: [ app_begin ] --END-- [ RunTime:0.000385s ]

[ 2014-11-18T15:56:08+08:00 ] 127.0.0.1 /wish/index.php/admin/login/login
INFO: [ route_check ] --START--
INFO: CheckRoute Behavior ::run [ RunTime:0.000804s ]
INFO: [ route_check ] --END-- [ RunTime:0.000961s ]
INFO: [ app_begin ] --START--
INFO: ReadHtmlCache Behavior ::run [ RunTime:0.000548s ]
INFO: [ app_begin ] --END-- [ RunTime:0.000666s ]
SQL: SHOW COLUMNS FROM `hd_test` [ RunTime:0.088952s ]
SQL: SELECT * FROM `hd_test` WHERE ( `username` = 'admin' ) LIMIT 1   [ RunTime:0.089198s ]
SQL: UPDATE `hd_test` SET `logintime`=1416297368,`loginip`='127.0.0.1' WHERE ( `id` = 0 ) [ RunTime:0.209262s ]

[ 2014-11-18T15:56:08+08:00 ] 127.0.0.1 /wish/index.php/admin/index/index
INFO: [ route_check ] --START--
INFO: CheckRoute Behavior ::run [ RunTime:0.000817s ]
INFO: [ route_check ] --END-- [ RunTime:0.000957s ]
INFO: [ app_begin ] --START--
INFO: ReadHtmlCache Behavior ::run [ RunTime:0.000591s ]
INFO: [ app_begin ] --END-- [ RunTime:0.000717s ]
INFO: [ view_parse ] --START--
INFO: ParseTemplate Behavior ::run [ RunTime:0.025816s ]
INFO: [ view_parse ] --END-- [ RunTime:0.025937s ]
INFO: [ view_filter ] --START--
INFO: ContentReplace Behavior ::run [ RunTime:0.000288s ]
INFO: TokenBuild Behavior ::run [ RunTime:0.000295s ]
INFO: WriteHtmlCache Behavior ::run [ RunTime:0.000197s ]
INFO: ShowRuntime Behavior ::run [ RunTime:0.000348s ]
INFO: [ view_filter ] --END-- [ RunTime:0.001334s ]
INFO: [ view_end ] --START--
INFO: ShowPageTrace Behavior ::run [ RunTime:0.000456s ]
INFO: [ view_end ] --END-- [ RunTime:0.000530s ]

[ 2014-11-18T15:56:11+08:00 ] 127.0.0.1 /wish/index.php/admin/rbac/role
INFO: [ route_check ] --START--
INFO: CheckRoute Behavior ::run [ RunTime:0.000452s ]
INFO: [ route_check ] --END-- [ RunTime:0.000527s ]
INFO: [ app_begin ] --START--
INFO: ReadHtmlCache Behavior ::run [ RunTime:0.000319s ]
INFO: [ app_begin ] --END-- [ RunTime:0.000382s ]
SQL: SHOW COLUMNS FROM `hd_role` [ RunTime:0.032056s ]
SQL: SELECT * FROM `hd_role`  [ RunTime:0.000373s ]
INFO: [ view_parse ] --START--
INFO: ParseTemplate Behavior ::run [ RunTime:0.020626s ]
INFO: [ view_parse ] --END-- [ RunTime:0.020803s ]
INFO: [ view_filter ] --START--
INFO: ContentReplace Behavior ::run [ RunTime:0.000437s ]
INFO: TokenBuild Behavior ::run [ RunTime:0.000463s ]
INFO: WriteHtmlCache Behavior ::run [ RunTime:0.000300s ]
INFO: ShowRuntime Behavior ::run [ RunTime:0.000550s ]
INFO: [ view_filter ] --END-- [ RunTime:0.002074s ]
INFO: [ view_end ] --START--
INFO: ShowPageTrace Behavior ::run [ RunTime:0.000633s ]
INFO: [ view_end ] --END-- [ RunTime:0.000750s ]

[ 2014-11-18T15:56:12+08:00 ] 127.0.0.1 /wish/index.php/admin/rbac/node
INFO: [ route_check ] --START--
INFO: CheckRoute Behavior ::run [ RunTime:0.001281s ]
INFO: [ route_check ] --END-- [ RunTime:0.001501s ]
INFO: [ app_begin ] --START--
INFO: ReadHtmlCache Behavior ::run [ RunTime:0.000974s ]
INFO: [ app_begin ] --END-- [ RunTime:0.001181s ]
SQL: SHOW COLUMNS FROM `hd_node` [ RunTime:0.051850s ]
SQL: SELECT `id`,`name`,`title`,`pid` FROM `hd_node` ORDER BY sort  [ RunTime:0.000324s ]
INFO: [ view_parse ] --START--
INFO: ParseTemplate Behavior ::run [ RunTime:0.024800s ]
INFO: [ view_parse ] --END-- [ RunTime:0.024919s ]
INFO: [ view_filter ] --START--
INFO: ContentReplace Behavior ::run [ RunTime:0.000370s ]
INFO: TokenBuild Behavior ::run [ RunTime:0.000392s ]
INFO: WriteHtmlCache Behavior ::run [ RunTime:0.000251s ]
INFO: ShowRuntime Behavior ::run [ RunTime:0.000455s ]
INFO: [ view_filter ] --END-- [ RunTime:0.001736s ]
INFO: [ view_end ] --START--
INFO: ShowPageTrace Behavior ::run [ RunTime:0.000534s ]
INFO: [ view_end ] --END-- [ RunTime:0.000631s ]

[ 2014-11-18T15:56:15+08:00 ] 127.0.0.1 /wish/index.php/admin/rbac/role
INFO: [ route_check ] --START--
INFO: CheckRoute Behavior ::run [ RunTime:0.000919s ]
INFO: [ route_check ] --END-- [ RunTime:0.001091s ]
INFO: [ app_begin ] --START--
INFO: ReadHtmlCache Behavior ::run [ RunTime:0.000598s ]
INFO: [ app_begin ] --END-- [ RunTime:0.000721s ]
SQL: SHOW COLUMNS FROM `hd_role` [ RunTime:0.002554s ]
SQL: SELECT * FROM `hd_role`  [ RunTime:0.000249s ]
INFO: [ view_parse ] --START--
INFO: ParseTemplate Behavior ::run [ RunTime:0.009753s ]
INFO: [ view_parse ] --END-- [ RunTime:0.009941s ]
INFO: [ view_filter ] --START--
INFO: ContentReplace Behavior ::run [ RunTime:0.000371s ]
INFO: TokenBuild Behavior ::run [ RunTime:0.000248s ]
INFO: WriteHtmlCache Behavior ::run [ RunTime:0.000197s ]
INFO: ShowRuntime Behavior ::run [ RunTime:0.000687s ]
INFO: [ view_filter ] --END-- [ RunTime:0.001744s ]
INFO: [ view_end ] --START--
INFO: ShowPageTrace Behavior ::run [ RunTime:0.000434s ]
INFO: [ view_end ] --END-- [ RunTime:0.000512s ]

[ 2014-11-18T15:56:16+08:00 ] 127.0.0.1 /wish/index.php/admin/rbac/node
INFO: [ route_check ] --START--
INFO: CheckRoute Behavior ::run [ RunTime:0.001023s ]
INFO: [ route_check ] --END-- [ RunTime:0.001191s ]
INFO: [ app_begin ] --START--
INFO: ReadHtmlCache Behavior ::run [ RunTime:0.000679s ]
INFO: [ app_begin ] --END-- [ RunTime:0.000838s ]
SQL: SHOW COLUMNS FROM `hd_node` [ RunTime:0.001834s ]
SQL: SELECT `id`,`name`,`title`,`pid` FROM `hd_node` ORDER BY sort  [ RunTime:0.000162s ]
INFO: [ view_parse ] --START--
INFO: ParseTemplate Behavior ::run [ RunTime:0.007872s ]
INFO: [ view_parse ] --END-- [ RunTime:0.007949s ]
INFO: [ view_filter ] --START--
INFO: ContentReplace Behavior ::run [ RunTime:0.000226s ]
INFO: TokenBuild Behavior ::run [ RunTime:0.000230s ]
INFO: WriteHtmlCache Behavior ::run [ RunTime:0.000153s ]
INFO: ShowRuntime Behavior ::run [ RunTime:0.000274s ]
INFO: [ view_filter ] --END-- [ RunTime:0.001066s ]
INFO: [ view_end ] --START--
INFO: ShowPageTrace Behavior ::run [ RunTime:0.000424s ]
INFO: [ view_end ] --END-- [ RunTime:0.000488s ]

[ 2014-11-18T15:56:19+08:00 ] 127.0.0.1 /wish/index.php/admin/rbac/node
INFO: [ route_check ] --START--
INFO: CheckRoute Behavior ::run [ RunTime:0.000552s ]
INFO: [ route_check ] --END-- [ RunTime:0.000623s ]
INFO: [ app_begin ] --START--
INFO: ReadHtmlCache Behavior ::run [ RunTime:0.000344s ]
INFO: [ app_begin ] --END-- [ RunTime:0.000434s ]
SQL: SHOW COLUMNS FROM `hd_node` [ RunTime:0.001383s ]
SQL: SELECT `id`,`name`,`title`,`pid` FROM `hd_node` ORDER BY sort  [ RunTime:0.000149s ]
INFO: [ view_parse ] --START--
INFO: ParseTemplate Behavior ::run [ RunTime:0.007364s ]
INFO: [ view_parse ] --END-- [ RunTime:0.007431s ]
INFO: [ view_filter ] --START--
INFO: ContentReplace Behavior ::run [ RunTime:0.000270s ]
INFO: TokenBuild Behavior ::run [ RunTime:0.000275s ]
INFO: WriteHtmlCache Behavior ::run [ RunTime:0.000230s ]
INFO: ShowRuntime Behavior ::run [ RunTime:0.000313s ]
INFO: [ view_filter ] --END-- [ RunTime:0.001248s ]
INFO: [ view_end ] --START--
INFO: ShowPageTrace Behavior ::run [ RunTime:0.000452s ]
INFO: [ view_end ] --END-- [ RunTime:0.000509s ]

[ 2014-11-18T15:58:19+08:00 ] 127.0.0.1 /wish/index.php/admin/rbac/node
INFO: [ route_check ] --START--
INFO: CheckRoute Behavior ::run [ RunTime:0.000533s ]
INFO: [ route_check ] --END-- [ RunTime:0.000612s ]
INFO: [ app_begin ] --START--
INFO: ReadHtmlCache Behavior ::run [ RunTime:0.000388s ]
INFO: [ app_begin ] --END-- [ RunTime:0.000484s ]
SQL: SHOW COLUMNS FROM `hd_node` [ RunTime:0.001900s ]
SQL: SELECT `id`,`name`,`title`,`pid` FROM `hd_node` ORDER BY sort  [ RunTime:0.000187s ]
INFO: [ view_parse ] --START--
INFO: ParseTemplate Behavior ::run [ RunTime:0.008027s ]
INFO: [ view_parse ] --END-- [ RunTime:0.008121s ]
INFO: [ view_filter ] --START--
INFO: ContentReplace Behavior ::run [ RunTime:0.000280s ]
INFO: TokenBuild Behavior ::run [ RunTime:0.000307s ]
INFO: WriteHtmlCache Behavior ::run [ RunTime:0.000210s ]
INFO: ShowRuntime Behavior ::run [ RunTime:0.000327s ]
INFO: [ view_filter ] --END-- [ RunTime:0.001289s ]
INFO: [ view_end ] --START--
INFO: ShowPageTrace Behavior ::run [ RunTime:0.000417s ]
INFO: [ view_end ] --END-- [ RunTime:0.000476s ]

[ 2014-11-18T15:58:28+08:00 ] 127.0.0.1 /wish/index.php/admin/rbac/node
INFO: [ route_check ] --START--
INFO: CheckRoute Behavior ::run [ RunTime:0.000549s ]
INFO: [ route_check ] --END-- [ RunTime:0.000640s ]
INFO: [ app_begin ] --START--
INFO: ReadHtmlCache Behavior ::run [ RunTime:0.000365s ]
INFO: [ app_begin ] --END-- [ RunTime:0.000429s ]
SQL: SHOW COLUMNS FROM `hd_node` [ RunTime:0.001558s ]
SQL: SELECT `id`,`name`,`title`,`pid` FROM `hd_node` ORDER BY sort  [ RunTime:0.000137s ]
INFO: [ view_parse ] --START--
INFO: ParseTemplate Behavior ::run [ RunTime:0.007324s ]
INFO: [ view_parse ] --END-- [ RunTime:0.007395s ]
INFO: [ view_filter ] --START--
INFO: ContentReplace Behavior ::run [ RunTime:0.000298s ]
INFO: TokenBuild Behavior ::run [ RunTime:0.000301s ]
INFO: WriteHtmlCache Behavior ::run [ RunTime:0.000225s ]
INFO: ShowRuntime Behavior ::run [ RunTime:0.000379s ]
INFO: [ view_filter ] --END-- [ RunTime:0.001370s ]
INFO: [ view_end ] --START--
INFO: ShowPageTrace Behavior ::run [ RunTime:0.000400s ]
INFO: [ view_end ] --END-- [ RunTime:0.000459s ]

