[ 2014-10-27T22:13:46+08:00 ] 127.0.0.1 /wish/
INFO: [ app_begin ] --START--
INFO: ReadHtmlCache Behavior ::run [ RunTime:0.009833s ]
INFO: [ app_begin ] --END-- [ RunTime:0.009934s ]
NOTIC: [2048] Declaration of IndexAction::show() should be compatible with that of Action::show() D:\wamp\www\wish\App\Lib\Action\Index\IndexAction.class.php 第 25 行.
SQL: SHOW COLUMNS FROM `hd_wish` [ RunTime:0.040450s ]
SQL: SELECT * FROM `hd_wish`  [ RunTime:0.000241s ]
INFO: [ view_parse ] --START--
INFO: ParseTemplate Behavior ::run [ RunTime:0.056839s ]
INFO: [ view_parse ] --END-- [ RunTime:0.056967s ]
INFO: [ view_filter ] --START--
INFO: ContentReplace Behavior ::run [ RunTime:0.000691s ]
INFO: TokenBuild Behavior ::run [ RunTime:0.007528s ]
INFO: WriteHtmlCache Behavior ::run [ RunTime:0.008070s ]
INFO: ShowRuntime Behavior ::run [ RunTime:0.038358s ]
INFO: [ view_filter ] --END-- [ RunTime:0.054978s ]
INFO: [ view_end ] --START--
INFO: ShowPageTrace Behavior ::run [ RunTime:0.000947s ]
INFO: [ view_end ] --END-- [ RunTime:0.001051s ]

[ 2014-10-27T22:14:02+08:00 ] 127.0.0.1 /wish/index.php/admin
INFO: [ route_check ] --START--
INFO: CheckRoute Behavior ::run [ RunTime:0.026682s ]
INFO: [ route_check ] --END-- [ RunTime:0.026799s ]
INFO: [ app_begin ] --START--
INFO: ReadHtmlCache Behavior ::run [ RunTime:0.000371s ]
INFO: [ app_begin ] --END-- [ RunTime:0.000438s ]
INFO: [ view_parse ] --START--
INFO: ParseTemplate Behavior ::run [ RunTime:0.033529s ]
INFO: [ view_parse ] --END-- [ RunTime:0.033642s ]
INFO: [ view_filter ] --START--
INFO: ContentReplace Behavior ::run [ RunTime:0.000340s ]
INFO: TokenBuild Behavior ::run [ RunTime:0.000361s ]
INFO: WriteHtmlCache Behavior ::run [ RunTime:0.000221s ]
INFO: ShowRuntime Behavior ::run [ RunTime:0.000319s ]
INFO: [ view_filter ] --END-- [ RunTime:0.001411s ]
INFO: [ view_end ] --START--
INFO: ShowPageTrace Behavior ::run [ RunTime:0.000412s ]
INFO: [ view_end ] --END-- [ RunTime:0.000469s ]

[ 2014-10-27T22:14:48+08:00 ] 127.0.0.1 /wish/index.php/admin/index/copy
INFO: [ route_check ] --START--
INFO: CheckRoute Behavior ::run [ RunTime:0.000567s ]
INFO: [ route_check ] --END-- [ RunTime:0.000661s ]
INFO: [ app_begin ] --START--
INFO: ReadHtmlCache Behavior ::run [ RunTime:0.000366s ]
INFO: [ app_begin ] --END-- [ RunTime:0.000430s ]
ERR: 无法加载模块:index

[ 2014-10-27T22:14:54+08:00 ] 127.0.0.1 /wish/index.php/admin/Index/copy
INFO: [ route_check ] --START--
INFO: CheckRoute Behavior ::run [ RunTime:0.000605s ]
INFO: [ route_check ] --END-- [ RunTime:0.000719s ]
INFO: [ app_begin ] --START--
INFO: ReadHtmlCache Behavior ::run [ RunTime:0.000388s ]
INFO: [ app_begin ] --END-- [ RunTime:0.000466s ]

[ 2014-10-27T22:21:53+08:00 ] 127.0.0.1 /wish/index.php/admin
INFO: [ route_check ] --START--
INFO: CheckRoute Behavior ::run [ RunTime:0.001122s ]
INFO: [ route_check ] --END-- [ RunTime:0.001384s ]
INFO: [ app_begin ] --START--
INFO: ReadHtmlCache Behavior ::run [ RunTime:0.002683s ]
INFO: [ app_begin ] --END-- [ RunTime:0.003327s ]

[ 2014-10-27T22:22:16+08:00 ] 127.0.0.1 /wish/index.php/admin
INFO: [ route_check ] --START--
INFO: CheckRoute Behavior ::run [ RunTime:0.000677s ]
INFO: [ route_check ] --END-- [ RunTime:0.000803s ]
INFO: [ app_begin ] --START--
INFO: ReadHtmlCache Behavior ::run [ RunTime:0.000349s ]
INFO: [ app_begin ] --END-- [ RunTime:0.000412s ]

[ 2014-10-27T22:23:49+08:00 ] 127.0.0.1 /wish/index.php/admin
INFO: [ route_check ] --START--
INFO: CheckRoute Behavior ::run [ RunTime:0.000910s ]
INFO: [ route_check ] --END-- [ RunTime:0.001055s ]
INFO: [ app_begin ] --START--
INFO: ReadHtmlCache Behavior ::run [ RunTime:0.000557s ]
INFO: [ app_begin ] --END-- [ RunTime:0.000676s ]
INFO: [ view_parse ] --START--
INFO: ParseTemplate Behavior ::run [ RunTime:0.008427s ]
INFO: [ view_parse ] --END-- [ RunTime:0.008604s ]
INFO: [ view_filter ] --START--
INFO: ContentReplace Behavior ::run [ RunTime:0.000484s ]
INFO: TokenBuild Behavior ::run [ RunTime:0.000536s ]
INFO: WriteHtmlCache Behavior ::run [ RunTime:0.000350s ]
INFO: ShowRuntime Behavior ::run [ RunTime:0.000556s ]
INFO: [ view_filter ] --END-- [ RunTime:0.002181s ]
INFO: [ view_end ] --START--
INFO: ShowPageTrace Behavior ::run [ RunTime:0.000601s ]
INFO: [ view_end ] --END-- [ RunTime:0.000690s ]

[ 2014-10-27T22:24:38+08:00 ] 127.0.0.1 /wish/index.php/admin
INFO: [ route_check ] --START--
INFO: CheckRoute Behavior ::run [ RunTime:0.000533s ]
INFO: [ route_check ] --END-- [ RunTime:0.000666s ]
INFO: [ app_begin ] --START--
INFO: ReadHtmlCache Behavior ::run [ RunTime:0.000405s ]
INFO: [ app_begin ] --END-- [ RunTime:0.000490s ]
INFO: [ view_parse ] --START--
INFO: ParseTemplate Behavior ::run [ RunTime:0.004765s ]
INFO: [ view_parse ] --END-- [ RunTime:0.004853s ]
INFO: [ view_filter ] --START--
INFO: ContentReplace Behavior ::run [ RunTime:0.000321s ]
INFO: TokenBuild Behavior ::run [ RunTime:0.000313s ]
INFO: WriteHtmlCache Behavior ::run [ RunTime:0.000207s ]
INFO: ShowRuntime Behavior ::run [ RunTime:0.000377s ]
INFO: [ view_filter ] --END-- [ RunTime:0.001420s ]
INFO: [ view_end ] --START--
INFO: ShowPageTrace Behavior ::run [ RunTime:0.000466s ]
INFO: [ view_end ] --END-- [ RunTime:0.000546s ]

[ 2014-10-27T22:24:39+08:00 ] 127.0.0.1 /wish/index.php/admin
INFO: [ route_check ] --START--
INFO: CheckRoute Behavior ::run [ RunTime:0.001360s ]
INFO: [ route_check ] --END-- [ RunTime:0.001649s ]
INFO: [ app_begin ] --START--
INFO: ReadHtmlCache Behavior ::run [ RunTime:0.000809s ]
INFO: [ app_begin ] --END-- [ RunTime:0.000931s ]
INFO: [ view_parse ] --START--
INFO: ParseTemplate Behavior ::run [ RunTime:0.008645s ]
INFO: [ view_parse ] --END-- [ RunTime:0.008830s ]
INFO: [ view_filter ] --START--
INFO: ContentReplace Behavior ::run [ RunTime:0.000551s ]
INFO: TokenBuild Behavior ::run [ RunTime:0.000464s ]
INFO: WriteHtmlCache Behavior ::run [ RunTime:0.000311s ]
INFO: ShowRuntime Behavior ::run [ RunTime:0.000510s ]
INFO: [ view_filter ] --END-- [ RunTime:0.002108s ]
INFO: [ view_end ] --START--
INFO: ShowPageTrace Behavior ::run [ RunTime:0.000882s ]
INFO: [ view_end ] --END-- [ RunTime:0.001041s ]

[ 2014-10-27T22:24:41+08:00 ] 127.0.0.1 /wish/index.php/admin
INFO: [ route_check ] --START--
INFO: CheckRoute Behavior ::run [ RunTime:0.000919s ]
INFO: [ route_check ] --END-- [ RunTime:0.001163s ]
INFO: [ app_begin ] --START--
INFO: ReadHtmlCache Behavior ::run [ RunTime:0.000466s ]
INFO: [ app_begin ] --END-- [ RunTime:0.000557s ]
INFO: [ view_parse ] --START--
INFO: ParseTemplate Behavior ::run [ RunTime:0.006644s ]
INFO: [ view_parse ] --END-- [ RunTime:0.006847s ]
INFO: [ view_filter ] --START--
INFO: ContentReplace Behavior ::run [ RunTime:0.000567s ]
INFO: TokenBuild Behavior ::run [ RunTime:0.000544s ]
INFO: WriteHtmlCache Behavior ::run [ RunTime:0.000352s ]
INFO: ShowRuntime Behavior ::run [ RunTime:0.000515s ]
INFO: [ view_filter ] --END-- [ RunTime:0.002302s ]
INFO: [ view_end ] --START--
INFO: ShowPageTrace Behavior ::run [ RunTime:0.000616s ]
INFO: [ view_end ] --END-- [ RunTime:0.000712s ]

[ 2014-10-27T22:25:19+08:00 ] 127.0.0.1 /wish/index.php/admin/Index/index
INFO: [ route_check ] --START--
INFO: CheckRoute Behavior ::run [ RunTime:0.000515s ]
INFO: [ route_check ] --END-- [ RunTime:0.000611s ]
INFO: [ app_begin ] --START--
INFO: ReadHtmlCache Behavior ::run [ RunTime:0.000373s ]
INFO: [ app_begin ] --END-- [ RunTime:0.000450s ]
INFO: [ view_parse ] --START--
INFO: ParseTemplate Behavior ::run [ RunTime:0.006067s ]
INFO: [ view_parse ] --END-- [ RunTime:0.007350s ]
INFO: [ view_filter ] --START--
INFO: ContentReplace Behavior ::run [ RunTime:0.001021s ]
INFO: TokenBuild Behavior ::run [ RunTime:0.000805s ]
INFO: WriteHtmlCache Behavior ::run [ RunTime:0.000554s ]
INFO: ShowRuntime Behavior ::run [ RunTime:0.000688s ]
INFO: [ view_filter ] --END-- [ RunTime:0.003620s ]
INFO: [ view_end ] --START--
INFO: ShowPageTrace Behavior ::run [ RunTime:0.000706s ]
INFO: [ view_end ] --END-- [ RunTime:0.000833s ]

[ 2014-10-27T22:26:50+08:00 ] 127.0.0.1 /wish/index.php/admin/Index/index
INFO: [ route_check ] --START--
INFO: CheckRoute Behavior ::run [ RunTime:0.000538s ]
INFO: [ route_check ] --END-- [ RunTime:0.000621s ]
INFO: [ app_begin ] --START--
INFO: ReadHtmlCache Behavior ::run [ RunTime:0.000368s ]
INFO: [ app_begin ] --END-- [ RunTime:0.000429s ]
INFO: [ view_parse ] --START--
INFO: ParseTemplate Behavior ::run [ RunTime:0.004760s ]
INFO: [ view_parse ] --END-- [ RunTime:0.004855s ]
INFO: [ view_filter ] --START--
INFO: ContentReplace Behavior ::run [ RunTime:0.000277s ]
INFO: TokenBuild Behavior ::run [ RunTime:0.000303s ]
INFO: WriteHtmlCache Behavior ::run [ RunTime:0.000201s ]
INFO: ShowRuntime Behavior ::run [ RunTime:0.000325s ]
INFO: [ view_filter ] --END-- [ RunTime:0.001269s ]
INFO: [ view_end ] --START--
INFO: ShowPageTrace Behavior ::run [ RunTime:0.000402s ]
INFO: [ view_end ] --END-- [ RunTime:0.000460s ]

[ 2014-10-27T22:26:51+08:00 ] 127.0.0.1 /wish/index.php/admin/Index/index
INFO: [ route_check ] --START--
INFO: CheckRoute Behavior ::run [ RunTime:0.001342s ]
INFO: [ route_check ] --END-- [ RunTime:0.001546s ]
INFO: [ app_begin ] --START--
INFO: ReadHtmlCache Behavior ::run [ RunTime:0.000555s ]
INFO: [ app_begin ] --END-- [ RunTime:0.000651s ]
INFO: [ view_parse ] --START--
INFO: ParseTemplate Behavior ::run [ RunTime:0.007176s ]
INFO: [ view_parse ] --END-- [ RunTime:0.007321s ]
INFO: [ view_filter ] --START--
INFO: ContentReplace Behavior ::run [ RunTime:0.000471s ]
INFO: TokenBuild Behavior ::run [ RunTime:0.000443s ]
INFO: WriteHtmlCache Behavior ::run [ RunTime:0.000307s ]
INFO: ShowRuntime Behavior ::run [ RunTime:0.000507s ]
INFO: [ view_filter ] --END-- [ RunTime:0.001983s ]
INFO: [ view_end ] --START--
INFO: ShowPageTrace Behavior ::run [ RunTime:0.000583s ]
INFO: [ view_end ] --END-- [ RunTime:0.000670s ]

[ 2014-10-27T22:27:46+08:00 ] 127.0.0.1 /wish/index.php/admin/Index/index
INFO: [ route_check ] --START--
INFO: CheckRoute Behavior ::run [ RunTime:0.001101s ]
INFO: [ route_check ] --END-- [ RunTime:0.001321s ]
INFO: [ app_begin ] --START--
INFO: ReadHtmlCache Behavior ::run [ RunTime:0.000804s ]
INFO: [ app_begin ] --END-- [ RunTime:0.000976s ]
NOTIC: [8] Undefined variable: _SSESSION D:\wamp\www\wish\App\Lib\Action\Admin\CommonAction.class.php 第 6 行.

[ 2014-10-27T22:27:49+08:00 ] 127.0.0.1 /wish/index.php/admin/Index/index
INFO: [ route_check ] --START--
INFO: CheckRoute Behavior ::run [ RunTime:0.000805s ]
INFO: [ route_check ] --END-- [ RunTime:0.000954s ]
INFO: [ app_begin ] --START--
INFO: ReadHtmlCache Behavior ::run [ RunTime:0.000601s ]
INFO: [ app_begin ] --END-- [ RunTime:0.000726s ]
NOTIC: [8] Undefined variable: _SSESSION D:\wamp\www\wish\App\Lib\Action\Admin\CommonAction.class.php 第 6 行.

[ 2014-10-27T22:28:00+08:00 ] 127.0.0.1 /wish/index.php/admin/Index/index
INFO: [ route_check ] --START--
INFO: CheckRoute Behavior ::run [ RunTime:0.000611s ]
INFO: [ route_check ] --END-- [ RunTime:0.000726s ]
INFO: [ app_begin ] --START--
INFO: ReadHtmlCache Behavior ::run [ RunTime:0.000466s ]
INFO: [ app_begin ] --END-- [ RunTime:0.000561s ]

[ 2014-10-27T22:28:00+08:00 ] 127.0.0.1 /wish/index.php/Admin/Login/index.html
INFO: [ route_check ] --START--
INFO: CheckRoute Behavior ::run [ RunTime:0.000668s ]
INFO: [ route_check ] --END-- [ RunTime:0.000792s ]
INFO: [ app_begin ] --START--
INFO: ReadHtmlCache Behavior ::run [ RunTime:0.000469s ]
INFO: [ app_begin ] --END-- [ RunTime:0.000565s ]
INFO: [ view_parse ] --START--
INFO: ParseTemplate Behavior ::run [ RunTime:0.006597s ]
INFO: [ view_parse ] --END-- [ RunTime:0.006741s ]
INFO: [ view_filter ] --START--
INFO: ContentReplace Behavior ::run [ RunTime:0.000463s ]
INFO: TokenBuild Behavior ::run [ RunTime:0.000427s ]
INFO: WriteHtmlCache Behavior ::run [ RunTime:0.000267s ]
INFO: ShowRuntime Behavior ::run [ RunTime:0.000488s ]
INFO: [ view_filter ] --END-- [ RunTime:0.001921s ]
INFO: [ view_end ] --START--
INFO: ShowPageTrace Behavior ::run [ RunTime:0.000541s ]
INFO: [ view_end ] --END-- [ RunTime:0.000631s ]

[ 2014-10-27T22:28:00+08:00 ] 127.0.0.1 /wish/index.php/Admin/Login/verify.html
INFO: [ route_check ] --START--
INFO: CheckRoute Behavior ::run [ RunTime:0.000582s ]
INFO: [ route_check ] --END-- [ RunTime:0.000728s ]
INFO: [ app_begin ] --START--
INFO: ReadHtmlCache Behavior ::run [ RunTime:0.000330s ]
INFO: [ app_begin ] --END-- [ RunTime:0.000404s ]

[ 2014-10-27T22:28:15+08:00 ] 127.0.0.1 /wish/index.php/Admin/Login/login.html
INFO: [ route_check ] --START--
INFO: CheckRoute Behavior ::run [ RunTime:0.000788s ]
INFO: [ route_check ] --END-- [ RunTime:0.001002s ]
INFO: [ app_begin ] --START--
INFO: ReadHtmlCache Behavior ::run [ RunTime:0.000594s ]
INFO: [ app_begin ] --END-- [ RunTime:0.000717s ]
SQL: SHOW COLUMNS FROM `hd_test` [ RunTime:0.058418s ]
SQL: SELECT * FROM `hd_test` LIMIT 1   [ RunTime:0.000147s ]
SQL: UPDATE `hd_test` SET `logintime`=1414420095,`loginip`='127.0.0.1' WHERE ( `id` = 1 ) [ RunTime:0.000210s ]

[ 2014-10-27T22:28:15+08:00 ] 127.0.0.1 /wish/index.php/Admin/Index/index.html
INFO: [ route_check ] --START--
INFO: CheckRoute Behavior ::run [ RunTime:0.000425s ]
INFO: [ route_check ] --END-- [ RunTime:0.000508s ]
INFO: [ app_begin ] --START--
INFO: ReadHtmlCache Behavior ::run [ RunTime:0.000305s ]
INFO: [ app_begin ] --END-- [ RunTime:0.000368s ]

[ 2014-10-27T22:28:15+08:00 ] 127.0.0.1 /wish/index.php/Admin/Login/index.html
INFO: [ route_check ] --START--
INFO: CheckRoute Behavior ::run [ RunTime:0.000664s ]
INFO: [ route_check ] --END-- [ RunTime:0.000826s ]
INFO: [ app_begin ] --START--
INFO: ReadHtmlCache Behavior ::run [ RunTime:0.000295s ]
INFO: [ app_begin ] --END-- [ RunTime:0.000356s ]
INFO: [ view_parse ] --START--
INFO: ParseTemplate Behavior ::run [ RunTime:0.004194s ]
INFO: [ view_parse ] --END-- [ RunTime:0.004276s ]
INFO: [ view_filter ] --START--
INFO: ContentReplace Behavior ::run [ RunTime:0.000406s ]
INFO: TokenBuild Behavior ::run [ RunTime:0.000276s ]
INFO: WriteHtmlCache Behavior ::run [ RunTime:0.000151s ]
INFO: ShowRuntime Behavior ::run [ RunTime:0.000276s ]
INFO: [ view_filter ] --END-- [ RunTime:0.001315s ]
INFO: [ view_end ] --START--
INFO: ShowPageTrace Behavior ::run [ RunTime:0.000322s ]
INFO: [ view_end ] --END-- [ RunTime:0.000381s ]

[ 2014-10-27T22:28:15+08:00 ] 127.0.0.1 /wish/index.php/Admin/Login/verify.html
INFO: [ route_check ] --START--
INFO: CheckRoute Behavior ::run [ RunTime:0.000618s ]
INFO: [ route_check ] --END-- [ RunTime:0.000757s ]
INFO: [ app_begin ] --START--
INFO: ReadHtmlCache Behavior ::run [ RunTime:0.000395s ]
INFO: [ app_begin ] --END-- [ RunTime:0.000480s ]

[ 2014-10-27T22:28:28+08:00 ] 127.0.0.1 /wish/index.php/Admin/Login/login.html
INFO: [ route_check ] --START--
INFO: CheckRoute Behavior ::run [ RunTime:0.001424s ]
INFO: [ route_check ] --END-- [ RunTime:0.001664s ]
INFO: [ app_begin ] --START--
INFO: ReadHtmlCache Behavior ::run [ RunTime:0.000952s ]
INFO: [ app_begin ] --END-- [ RunTime:0.001131s ]
SQL: SHOW COLUMNS FROM `hd_test` [ RunTime:0.001586s ]
SQL: SELECT * FROM `hd_test` LIMIT 1   [ RunTime:0.000131s ]
INFO: [ view_parse ] --START--
INFO: ParseTemplate Behavior ::run [ RunTime:0.021709s ]
INFO: [ view_parse ] --END-- [ RunTime:0.021813s ]
INFO: [ view_filter ] --START--
INFO: ContentReplace Behavior ::run [ RunTime:0.000316s ]
INFO: TokenBuild Behavior ::run [ RunTime:0.000329s ]
INFO: WriteHtmlCache Behavior ::run [ RunTime:0.000232s ]
INFO: ShowRuntime Behavior ::run [ RunTime:0.000380s ]
INFO: [ view_filter ] --END-- [ RunTime:0.001450s ]
INFO: [ view_end ] --START--
INFO: ShowPageTrace Behavior ::run [ RunTime:0.000432s ]
INFO: [ view_end ] --END-- [ RunTime:0.000499s ]

[ 2014-10-27T22:28:31+08:00 ] 127.0.0.1 /wish/index.php/Admin/Login/verify.html
INFO: [ route_check ] --START--
INFO: CheckRoute Behavior ::run [ RunTime:0.000947s ]
INFO: [ route_check ] --END-- [ RunTime:0.001138s ]
INFO: [ app_begin ] --START--
INFO: ReadHtmlCache Behavior ::run [ RunTime:0.000396s ]
INFO: [ app_begin ] --END-- [ RunTime:0.000488s ]

[ 2014-10-27T22:28:45+08:00 ] 127.0.0.1 /wish/index.php/Admin/Login/login.html
INFO: [ route_check ] --START--
INFO: CheckRoute Behavior ::run [ RunTime:0.001202s ]
INFO: [ route_check ] --END-- [ RunTime:0.001417s ]
INFO: [ app_begin ] --START--
INFO: ReadHtmlCache Behavior ::run [ RunTime:0.000969s ]
INFO: [ app_begin ] --END-- [ RunTime:0.001156s ]
SQL: SHOW COLUMNS FROM `hd_test` [ RunTime:0.003653s ]
SQL: SELECT * FROM `hd_test` LIMIT 1   [ RunTime:0.000581s ]
SQL: UPDATE `hd_test` SET `logintime`=1414420125,`loginip`='127.0.0.1' WHERE ( `id` = 1 ) [ RunTime:0.000524s ]

[ 2014-10-27T22:28:45+08:00 ] 127.0.0.1 /wish/index.php/Admin/Index/index.html
INFO: [ route_check ] --START--
INFO: CheckRoute Behavior ::run [ RunTime:0.001031s ]
INFO: [ route_check ] --END-- [ RunTime:0.001372s ]
INFO: [ app_begin ] --START--
INFO: ReadHtmlCache Behavior ::run [ RunTime:0.000784s ]
INFO: [ app_begin ] --END-- [ RunTime:0.000920s ]

[ 2014-10-27T22:28:45+08:00 ] 127.0.0.1 /wish/index.php/Admin/Login/index.html
INFO: [ route_check ] --START--
INFO: CheckRoute Behavior ::run [ RunTime:0.000467s ]
INFO: [ route_check ] --END-- [ RunTime:0.000565s ]
INFO: [ app_begin ] --START--
INFO: ReadHtmlCache Behavior ::run [ RunTime:0.000385s ]
INFO: [ app_begin ] --END-- [ RunTime:0.000470s ]
INFO: [ view_parse ] --START--
INFO: ParseTemplate Behavior ::run [ RunTime:0.006245s ]
INFO: [ view_parse ] --END-- [ RunTime:0.006383s ]
INFO: [ view_filter ] --START--
INFO: ContentReplace Behavior ::run [ RunTime:0.000761s ]
INFO: TokenBuild Behavior ::run [ RunTime:0.000614s ]
INFO: WriteHtmlCache Behavior ::run [ RunTime:0.000354s ]
INFO: ShowRuntime Behavior ::run [ RunTime:0.000759s ]
INFO: [ view_filter ] --END-- [ RunTime:0.002988s ]
INFO: [ view_end ] --START--
INFO: ShowPageTrace Behavior ::run [ RunTime:0.000902s ]
INFO: [ view_end ] --END-- [ RunTime:0.001025s ]

[ 2014-10-27T22:28:45+08:00 ] 127.0.0.1 /wish/index.php/Admin/Login/verify.html
INFO: [ route_check ] --START--
INFO: CheckRoute Behavior ::run [ RunTime:0.000916s ]
INFO: [ route_check ] --END-- [ RunTime:0.001197s ]
INFO: [ app_begin ] --START--
INFO: ReadHtmlCache Behavior ::run [ RunTime:0.000594s ]
INFO: [ app_begin ] --END-- [ RunTime:0.000706s ]

[ 2014-10-27T22:29:30+08:00 ] 127.0.0.1 /wish/index.php/Admin/Login/login.html
INFO: [ route_check ] --START--
INFO: CheckRoute Behavior ::run [ RunTime:0.001115s ]
INFO: [ route_check ] --END-- [ RunTime:0.001341s ]
INFO: [ app_begin ] --START--
INFO: ReadHtmlCache Behavior ::run [ RunTime:0.000665s ]
INFO: [ app_begin ] --END-- [ RunTime:0.000810s ]
SQL: SHOW COLUMNS FROM `hd_test` [ RunTime:0.002051s ]
SQL: SELECT * FROM `hd_test` LIMIT 1   [ RunTime:0.000108s ]
SQL: UPDATE `hd_test` SET `logintime`=1414420170,`loginip`='127.0.0.1' WHERE ( `id` = 1 ) [ RunTime:0.000217s ]

[ 2014-10-27T22:29:30+08:00 ] 127.0.0.1 /wish/index.php/Admin/Index/index.html
INFO: [ route_check ] --START--
INFO: CheckRoute Behavior ::run [ RunTime:0.000404s ]
INFO: [ route_check ] --END-- [ RunTime:0.000479s ]
INFO: [ app_begin ] --START--
INFO: ReadHtmlCache Behavior ::run [ RunTime:0.000295s ]
INFO: [ app_begin ] --END-- [ RunTime:0.000356s ]

[ 2014-10-27T22:29:30+08:00 ] 127.0.0.1 /wish/index.php/Admin/Login/index.html
INFO: [ route_check ] --START--
INFO: CheckRoute Behavior ::run [ RunTime:0.000612s ]
INFO: [ route_check ] --END-- [ RunTime:0.000762s ]
INFO: [ app_begin ] --START--
INFO: ReadHtmlCache Behavior ::run [ RunTime:0.000297s ]
INFO: [ app_begin ] --END-- [ RunTime:0.000359s ]
INFO: [ view_parse ] --START--
INFO: ParseTemplate Behavior ::run [ RunTime:0.004443s ]
INFO: [ view_parse ] --END-- [ RunTime:0.004518s ]
INFO: [ view_filter ] --START--
INFO: ContentReplace Behavior ::run [ RunTime:0.000226s ]
INFO: TokenBuild Behavior ::run [ RunTime:0.000236s ]
INFO: WriteHtmlCache Behavior ::run [ RunTime:0.000154s ]
INFO: ShowRuntime Behavior ::run [ RunTime:0.000306s ]
INFO: [ view_filter ] --END-- [ RunTime:0.001090s ]
INFO: [ view_end ] --START--
INFO: ShowPageTrace Behavior ::run [ RunTime:0.000354s ]
INFO: [ view_end ] --END-- [ RunTime:0.000418s ]

[ 2014-10-27T22:29:31+08:00 ] 127.0.0.1 /wish/index.php/Admin/Login/verify.html
INFO: [ route_check ] --START--
INFO: CheckRoute Behavior ::run [ RunTime:0.000525s ]
INFO: [ route_check ] --END-- [ RunTime:0.000621s ]
INFO: [ app_begin ] --START--
INFO: ReadHtmlCache Behavior ::run [ RunTime:0.000371s ]
INFO: [ app_begin ] --END-- [ RunTime:0.000439s ]

[ 2014-10-27T22:29:40+08:00 ] 127.0.0.1 /wish/index.php/Admin/Login/login.html
INFO: [ route_check ] --START--
INFO: CheckRoute Behavior ::run [ RunTime:0.001048s ]
INFO: [ route_check ] --END-- [ RunTime:0.001226s ]
INFO: [ app_begin ] --START--
INFO: ReadHtmlCache Behavior ::run [ RunTime:0.000579s ]
INFO: [ app_begin ] --END-- [ RunTime:0.000682s ]
SQL: SHOW COLUMNS FROM `hd_test` [ RunTime:0.002149s ]
SQL: SELECT * FROM `hd_test` LIMIT 1   [ RunTime:0.000158s ]
SQL: UPDATE `hd_test` SET `logintime`=1414420180,`loginip`='127.0.0.1' WHERE ( `id` = 1 ) [ RunTime:0.000249s ]

[ 2014-10-27T22:29:40+08:00 ] 127.0.0.1 /wish/index.php/Admin/Index/index.html
INFO: [ route_check ] --START--
INFO: CheckRoute Behavior ::run [ RunTime:0.000388s ]
INFO: [ route_check ] --END-- [ RunTime:0.000463s ]
INFO: [ app_begin ] --START--
INFO: ReadHtmlCache Behavior ::run [ RunTime:0.000565s ]
INFO: [ app_begin ] --END-- [ RunTime:0.000698s ]

[ 2014-10-27T22:29:40+08:00 ] 127.0.0.1 /wish/index.php/Admin/Login/index.html
INFO: [ route_check ] --START--
INFO: CheckRoute Behavior ::run [ RunTime:0.000396s ]
INFO: [ route_check ] --END-- [ RunTime:0.000467s ]
INFO: [ app_begin ] --START--
INFO: ReadHtmlCache Behavior ::run [ RunTime:0.000293s ]
INFO: [ app_begin ] --END-- [ RunTime:0.000354s ]
INFO: [ view_parse ] --START--
INFO: ParseTemplate Behavior ::run [ RunTime:0.004326s ]
INFO: [ view_parse ] --END-- [ RunTime:0.004389s ]
INFO: [ view_filter ] --START--
INFO: ContentReplace Behavior ::run [ RunTime:0.000281s ]
INFO: TokenBuild Behavior ::run [ RunTime:0.000276s ]
INFO: WriteHtmlCache Behavior ::run [ RunTime:0.000333s ]
INFO: ShowRuntime Behavior ::run [ RunTime:0.000463s ]
INFO: [ view_filter ] --END-- [ RunTime:0.001604s ]
INFO: [ view_end ] --START--
INFO: ShowPageTrace Behavior ::run [ RunTime:0.000393s ]
INFO: [ view_end ] --END-- [ RunTime:0.000457s ]

[ 2014-10-27T22:29:40+08:00 ] 127.0.0.1 /wish/index.php/Admin/Login/verify.html
INFO: [ route_check ] --START--
INFO: CheckRoute Behavior ::run [ RunTime:0.000461s ]
INFO: [ route_check ] --END-- [ RunTime:0.000555s ]
INFO: [ app_begin ] --START--
INFO: ReadHtmlCache Behavior ::run [ RunTime:0.000326s ]
INFO: [ app_begin ] --END-- [ RunTime:0.000410s ]

