[ 2014-12-15T19:22:18+08:00 ] 192.168.1.174 /wish/
INFO: [ app_begin ] --START--
INFO: ReadHtmlCache Behavior ::run [ RunTime:0.012417s ]
INFO: [ app_begin ] --END-- [ RunTime:0.012564s ]
NOTIC: [2048] Declaration of IndexAction::show() should be compatible with that of Action::show() D:\wamp\www\wish\App\Core\Index\Action\IndexAction.class.php 第 26 行.
SQL: SHOW COLUMNS FROM `hd_wish` [ RunTime:0.023037s ]
SQL: SELECT * FROM `hd_wish`  [ RunTime:0.000191s ]
INFO: [ view_parse ] --START--
INFO: ParseTemplate Behavior ::run [ RunTime:0.049978s ]
INFO: [ view_parse ] --END-- [ RunTime:0.050057s ]
INFO: [ view_filter ] --START--
INFO: ContentReplace Behavior ::run [ RunTime:0.000463s ]
INFO: TokenBuild Behavior ::run [ RunTime:0.011009s ]
INFO: WriteHtmlCache Behavior ::run [ RunTime:0.008098s ]
INFO: ShowRuntime Behavior ::run [ RunTime:0.000503s ]
INFO: [ view_filter ] --END-- [ RunTime:0.020264s ]
INFO: [ view_end ] --START--
INFO: ShowPageTrace Behavior ::run [ RunTime:0.000521s ]
INFO: [ view_end ] --END-- [ RunTime:0.000581s ]

[ 2014-12-15T19:22:45+08:00 ] 192.168.1.174 /wish/index.php/admin
INFO: [ route_check ] --START--
INFO: CheckRoute Behavior ::run [ RunTime:0.014840s ]
INFO: [ route_check ] --END-- [ RunTime:0.014918s ]
INFO: [ app_begin ] --START--
INFO: ReadHtmlCache Behavior ::run [ RunTime:0.000411s ]
INFO: [ app_begin ] --END-- [ RunTime:0.000498s ]

[ 2014-12-15T19:22:45+08:00 ] 192.168.1.174 /wish/index.php/admin/login/index
INFO: [ route_check ] --START--
INFO: CheckRoute Behavior ::run [ RunTime:0.000433s ]
INFO: [ route_check ] --END-- [ RunTime:0.000509s ]
INFO: [ app_begin ] --START--
INFO: ReadHtmlCache Behavior ::run [ RunTime:0.000349s ]
INFO: [ app_begin ] --END-- [ RunTime:0.000414s ]
INFO: [ view_parse ] --START--
INFO: ParseTemplate Behavior ::run [ RunTime:0.014388s ]
INFO: [ view_parse ] --END-- [ RunTime:0.014514s ]
INFO: [ view_filter ] --START--
INFO: ContentReplace Behavior ::run [ RunTime:0.000329s ]
INFO: TokenBuild Behavior ::run [ RunTime:0.000323s ]
INFO: WriteHtmlCache Behavior ::run [ RunTime:0.000231s ]
INFO: ShowRuntime Behavior ::run [ RunTime:0.000335s ]
INFO: [ view_filter ] --END-- [ RunTime:0.001395s ]
INFO: [ view_end ] --START--
INFO: ShowPageTrace Behavior ::run [ RunTime:0.000406s ]
INFO: [ view_end ] --END-- [ RunTime:0.000465s ]

[ 2014-12-15T19:22:45+08:00 ] 192.168.1.174 /wish/index.php/admin/login/verify
INFO: [ route_check ] --START--
INFO: CheckRoute Behavior ::run [ RunTime:0.000572s ]
INFO: [ route_check ] --END-- [ RunTime:0.000646s ]
INFO: [ app_begin ] --START--
INFO: ReadHtmlCache Behavior ::run [ RunTime:0.000391s ]
INFO: [ app_begin ] --END-- [ RunTime:0.000478s ]

[ 2014-12-15T19:23:03+08:00 ] 192.168.1.174 /wish/index.php/admin/login/login
INFO: [ route_check ] --START--
INFO: CheckRoute Behavior ::run [ RunTime:0.000500s ]
INFO: [ route_check ] --END-- [ RunTime:0.000578s ]
INFO: [ app_begin ] --START--
INFO: ReadHtmlCache Behavior ::run [ RunTime:0.000330s ]
INFO: [ app_begin ] --END-- [ RunTime:0.000393s ]
SQL: SHOW COLUMNS FROM `hd_user` [ RunTime:0.024221s ]
SQL: SELECT * FROM `hd_user` WHERE ( `username` = 'admin' ) LIMIT 1   [ RunTime:0.000256s ]
NOTIC: [8] Undefined index: uid D:\wamp\www\wish\App\Core\Admin\Action\LoginAction.class.php 第 29 行.

[ 2014-12-15T19:23:03+08:00 ] 192.168.1.174 /wish/index.php/admin/index/index
INFO: [ route_check ] --START--
INFO: CheckRoute Behavior ::run [ RunTime:0.000407s ]
INFO: [ route_check ] --END-- [ RunTime:0.000489s ]
INFO: [ app_begin ] --START--
INFO: ReadHtmlCache Behavior ::run [ RunTime:0.000338s ]
INFO: [ app_begin ] --END-- [ RunTime:0.000404s ]
INFO: [ view_parse ] --START--
INFO: ParseTemplate Behavior ::run [ RunTime:0.015780s ]
INFO: [ view_parse ] --END-- [ RunTime:0.015852s ]
INFO: [ view_filter ] --START--
INFO: ContentReplace Behavior ::run [ RunTime:0.000310s ]
INFO: TokenBuild Behavior ::run [ RunTime:0.000265s ]
INFO: WriteHtmlCache Behavior ::run [ RunTime:0.000193s ]
INFO: ShowRuntime Behavior ::run [ RunTime:0.000314s ]
INFO: [ view_filter ] --END-- [ RunTime:0.001254s ]
INFO: [ view_end ] --START--
INFO: ShowPageTrace Behavior ::run [ RunTime:0.000400s ]
INFO: [ view_end ] --END-- [ RunTime:0.000480s ]

[ 2014-12-15T19:23:08+08:00 ] 192.168.1.174 /wish/index.php/admin/msg_manage/index
INFO: [ route_check ] --START--
INFO: CheckRoute Behavior ::run [ RunTime:0.000388s ]
INFO: [ route_check ] --END-- [ RunTime:0.000457s ]
INFO: [ app_begin ] --START--
INFO: ReadHtmlCache Behavior ::run [ RunTime:0.000312s ]
INFO: [ app_begin ] --END-- [ RunTime:0.000387s ]
SQL: SHOW COLUMNS FROM `hd_wish` [ RunTime:0.001739s ]
SQL: SELECT COUNT(*) AS tp_count FROM `hd_wish` LIMIT 1   [ RunTime:0.000144s ]
SQL: SELECT * FROM `hd_wish` ORDER BY time DESC LIMIT 0,10   [ RunTime:0.000226s ]
INFO: [ view_parse ] --START--
INFO: ParseTemplate Behavior ::run [ RunTime:0.016703s ]
INFO: [ view_parse ] --END-- [ RunTime:0.016810s ]
INFO: [ view_filter ] --START--
INFO: ContentReplace Behavior ::run [ RunTime:0.000297s ]
INFO: TokenBuild Behavior ::run [ RunTime:0.000371s ]
INFO: WriteHtmlCache Behavior ::run [ RunTime:0.000204s ]
INFO: ShowRuntime Behavior ::run [ RunTime:0.000322s ]
INFO: [ view_filter ] --END-- [ RunTime:0.001391s ]
INFO: [ view_end ] --START--
INFO: ShowPageTrace Behavior ::run [ RunTime:0.000679s ]
INFO: [ view_end ] --END-- [ RunTime:0.000776s ]

[ 2014-12-15T19:23:11+08:00 ] 192.168.1.174 /wish/index.php/admin/rbac/index
INFO: [ route_check ] --START--
INFO: CheckRoute Behavior ::run [ RunTime:0.000571s ]
INFO: [ route_check ] --END-- [ RunTime:0.000664s ]
INFO: [ app_begin ] --START--
INFO: ReadHtmlCache Behavior ::run [ RunTime:0.000314s ]
INFO: [ app_begin ] --END-- [ RunTime:0.000379s ]
SQL: SHOW COLUMNS FROM `hd_user` [ RunTime:0.001736s ]
SQL: SELECT `id`,`username`,`logintime`,`loginip`,`lock` FROM `hd_user`  [ RunTime:0.000205s ]
SQL: SHOW COLUMNS FROM `hd_role` [ RunTime:0.026513s ]
NOTIC: [8] Undefined index: mapping_order D:\wamp\www\wish\ThinkPHP\Extend\Model\RelationModel.class.php 第 188 行.
NOTIC: [8] Undefined index: mapping_limit D:\wamp\www\wish\ThinkPHP\Extend\Model\RelationModel.class.php 第 189 行.
NOTIC: [8] Undefined index: relation_foreign_key D:\wamp\www\wish\ThinkPHP\Extend\Model\RelationModel.class.php 第 190 行.
SQL: SELECT b.id,name,remark FROM hd_role_user AS a, hd_role AS b WHERE a.role_id = b.id AND a. user_id='4' [ RunTime:0.022200s ]
NOTIC: [8] Undefined index: mapping_order D:\wamp\www\wish\ThinkPHP\Extend\Model\RelationModel.class.php 第 188 行.
NOTIC: [8] Undefined index: mapping_limit D:\wamp\www\wish\ThinkPHP\Extend\Model\RelationModel.class.php 第 189 行.
NOTIC: [8] Undefined index: relation_foreign_key D:\wamp\www\wish\ThinkPHP\Extend\Model\RelationModel.class.php 第 190 行.
SQL: SELECT b.id,name,remark FROM hd_role_user AS a, hd_role AS b WHERE a.role_id = b.id AND a. user_id='5' [ RunTime:0.000238s ]
NOTIC: [8] Undefined index: mapping_order D:\wamp\www\wish\ThinkPHP\Extend\Model\RelationModel.class.php 第 188 行.
NOTIC: [8] Undefined index: mapping_limit D:\wamp\www\wish\ThinkPHP\Extend\Model\RelationModel.class.php 第 189 行.
NOTIC: [8] Undefined index: relation_foreign_key D:\wamp\www\wish\ThinkPHP\Extend\Model\RelationModel.class.php 第 190 行.
SQL: SELECT b.id,name,remark FROM hd_role_user AS a, hd_role AS b WHERE a.role_id = b.id AND a. user_id='6' [ RunTime:0.000196s ]
NOTIC: [8] Undefined index: mapping_order D:\wamp\www\wish\ThinkPHP\Extend\Model\RelationModel.class.php 第 188 行.
NOTIC: [8] Undefined index: mapping_limit D:\wamp\www\wish\ThinkPHP\Extend\Model\RelationModel.class.php 第 189 行.
NOTIC: [8] Undefined index: relation_foreign_key D:\wamp\www\wish\ThinkPHP\Extend\Model\RelationModel.class.php 第 190 行.
SQL: SELECT b.id,name,remark FROM hd_role_user AS a, hd_role AS b WHERE a.role_id = b.id AND a. user_id='7' [ RunTime:0.000173s ]
INFO: [ view_parse ] --START--
INFO: ParseTemplate Behavior ::run [ RunTime:0.012817s ]
INFO: [ view_parse ] --END-- [ RunTime:0.012912s ]
INFO: [ view_filter ] --START--
INFO: ContentReplace Behavior ::run [ RunTime:0.000225s ]
INFO: TokenBuild Behavior ::run [ RunTime:0.000230s ]
INFO: WriteHtmlCache Behavior ::run [ RunTime:0.000152s ]
INFO: ShowRuntime Behavior ::run [ RunTime:0.000323s ]
INFO: [ view_filter ] --END-- [ RunTime:0.001107s ]
INFO: [ view_end ] --START--
INFO: ShowPageTrace Behavior ::run [ RunTime:0.000332s ]
INFO: [ view_end ] --END-- [ RunTime:0.000390s ]

[ 2014-12-15T19:23:15+08:00 ] 192.168.1.174 /wish/index.php/admin/rbac/role
INFO: [ route_check ] --START--
INFO: CheckRoute Behavior ::run [ RunTime:0.000410s ]
INFO: [ route_check ] --END-- [ RunTime:0.000478s ]
INFO: [ app_begin ] --START--
INFO: ReadHtmlCache Behavior ::run [ RunTime:0.000303s ]
INFO: [ app_begin ] --END-- [ RunTime:0.000375s ]
SQL: SHOW COLUMNS FROM `hd_role` [ RunTime:0.001705s ]
SQL: SELECT * FROM `hd_role`  [ RunTime:0.000148s ]
INFO: [ view_parse ] --START--
INFO: ParseTemplate Behavior ::run [ RunTime:0.018998s ]
INFO: [ view_parse ] --END-- [ RunTime:0.019088s ]
INFO: [ view_filter ] --START--
INFO: ContentReplace Behavior ::run [ RunTime:0.000234s ]
INFO: TokenBuild Behavior ::run [ RunTime:0.000236s ]
INFO: WriteHtmlCache Behavior ::run [ RunTime:0.000156s ]
INFO: ShowRuntime Behavior ::run [ RunTime:0.000281s ]
INFO: [ view_filter ] --END-- [ RunTime:0.001073s ]
INFO: [ view_end ] --START--
INFO: ShowPageTrace Behavior ::run [ RunTime:0.000331s ]
INFO: [ view_end ] --END-- [ RunTime:0.000392s ]

[ 2014-12-15T19:23:18+08:00 ] 192.168.1.174 /wish/index.php/admin/rbac/node
INFO: [ route_check ] --START--
INFO: CheckRoute Behavior ::run [ RunTime:0.000483s ]
INFO: [ route_check ] --END-- [ RunTime:0.000563s ]
INFO: [ app_begin ] --START--
INFO: ReadHtmlCache Behavior ::run [ RunTime:0.000334s ]
INFO: [ app_begin ] --END-- [ RunTime:0.000402s ]
SQL: SHOW COLUMNS FROM `hd_node` [ RunTime:0.017709s ]
SQL: SELECT `id`,`name`,`title`,`pid` FROM `hd_node` ORDER BY sort  [ RunTime:0.000190s ]
INFO: [ view_parse ] --START--
INFO: ParseTemplate Behavior ::run [ RunTime:0.011573s ]
INFO: [ view_parse ] --END-- [ RunTime:0.011717s ]
INFO: [ view_filter ] --START--
INFO: ContentReplace Behavior ::run [ RunTime:0.000242s ]
INFO: TokenBuild Behavior ::run [ RunTime:0.000242s ]
INFO: WriteHtmlCache Behavior ::run [ RunTime:0.000149s ]
INFO: ShowRuntime Behavior ::run [ RunTime:0.000311s ]
INFO: [ view_filter ] --END-- [ RunTime:0.001101s ]
INFO: [ view_end ] --START--
INFO: ShowPageTrace Behavior ::run [ RunTime:0.000307s ]
INFO: [ view_end ] --END-- [ RunTime:0.000362s ]

[ 2014-12-15T19:23:19+08:00 ] 192.168.1.174 /wish/index.php/admin/rbac/addUser
INFO: [ route_check ] --START--
INFO: CheckRoute Behavior ::run [ RunTime:0.000411s ]
INFO: [ route_check ] --END-- [ RunTime:0.000483s ]
INFO: [ app_begin ] --START--
INFO: ReadHtmlCache Behavior ::run [ RunTime:0.000318s ]
INFO: [ app_begin ] --END-- [ RunTime:0.000380s ]
SQL: SHOW COLUMNS FROM `hd_role` [ RunTime:0.001491s ]
SQL: SELECT * FROM `hd_role`  [ RunTime:0.000140s ]
INFO: [ view_parse ] --START--
INFO: ParseTemplate Behavior ::run [ RunTime:0.027636s ]
INFO: [ view_parse ] --END-- [ RunTime:0.027717s ]
INFO: [ view_filter ] --START--
INFO: ContentReplace Behavior ::run [ RunTime:0.000246s ]
INFO: TokenBuild Behavior ::run [ RunTime:0.000238s ]
INFO: WriteHtmlCache Behavior ::run [ RunTime:0.000159s ]
INFO: ShowRuntime Behavior ::run [ RunTime:0.000284s ]
INFO: [ view_filter ] --END-- [ RunTime:0.001093s ]
INFO: [ view_end ] --START--
INFO: ShowPageTrace Behavior ::run [ RunTime:0.000331s ]
INFO: [ view_end ] --END-- [ RunTime:0.000391s ]

[ 2014-12-15T19:23:48+08:00 ] 192.168.1.174 /wish/index.php/admin/rbac/addUserhandle
INFO: [ route_check ] --START--
INFO: CheckRoute Behavior ::run [ RunTime:0.001055s ]
INFO: [ route_check ] --END-- [ RunTime:0.001237s ]
INFO: [ app_begin ] --START--
INFO: ReadHtmlCache Behavior ::run [ RunTime:0.000835s ]
INFO: [ app_begin ] --END-- [ RunTime:0.001117s ]
SQL: SHOW COLUMNS FROM `hd_user` [ RunTime:0.001946s ]
SQL: INSERT INTO `hd_user` (`username`,`password`,`logintime`,`loginip`,`lock`) VALUES ('phone','f7a42fe7211f98ac7a60a285ac3a9e87',1418642628,'192.168.1.174',0) [ RunTime:0.085283s ]
SQL: SHOW COLUMNS FROM `hd_role_user` [ RunTime:0.001901s ]
SQL: INSERT INTO `hd_role_user` (`role_id`,`user_id`) VALUES (1,8) [ RunTime:0.000236s ]
INFO: [ view_parse ] --START--
INFO: ParseTemplate Behavior ::run [ RunTime:0.014725s ]
INFO: [ view_parse ] --END-- [ RunTime:0.014836s ]
INFO: [ view_filter ] --START--
INFO: ContentReplace Behavior ::run [ RunTime:0.000320s ]
INFO: TokenBuild Behavior ::run [ RunTime:0.000337s ]
INFO: WriteHtmlCache Behavior ::run [ RunTime:0.000227s ]
INFO: ShowRuntime Behavior ::run [ RunTime:0.000415s ]
INFO: [ view_filter ] --END-- [ RunTime:0.001551s ]
INFO: [ view_end ] --START--
INFO: ShowPageTrace Behavior ::run [ RunTime:0.000476s ]
INFO: [ view_end ] --END-- [ RunTime:0.000562s ]

[ 2014-12-15T19:23:50+08:00 ] 192.168.1.174 /wish/index.php/admin/rbac/index
INFO: [ route_check ] --START--
INFO: CheckRoute Behavior ::run [ RunTime:0.000622s ]
INFO: [ route_check ] --END-- [ RunTime:0.000729s ]
INFO: [ app_begin ] --START--
INFO: ReadHtmlCache Behavior ::run [ RunTime:0.000440s ]
INFO: [ app_begin ] --END-- [ RunTime:0.000533s ]
SQL: SHOW COLUMNS FROM `hd_user` [ RunTime:0.002013s ]
SQL: SELECT `id`,`username`,`logintime`,`loginip`,`lock` FROM `hd_user`  [ RunTime:0.000225s ]
SQL: SHOW COLUMNS FROM `hd_role` [ RunTime:0.002021s ]
NOTIC: [8] Undefined index: mapping_order D:\wamp\www\wish\ThinkPHP\Extend\Model\RelationModel.class.php 第 188 行.
NOTIC: [8] Undefined index: mapping_limit D:\wamp\www\wish\ThinkPHP\Extend\Model\RelationModel.class.php 第 189 行.
NOTIC: [8] Undefined index: relation_foreign_key D:\wamp\www\wish\ThinkPHP\Extend\Model\RelationModel.class.php 第 190 行.
SQL: SELECT b.id,name,remark FROM hd_role_user AS a, hd_role AS b WHERE a.role_id = b.id AND a. user_id='4' [ RunTime:0.000335s ]
NOTIC: [8] Undefined index: mapping_order D:\wamp\www\wish\ThinkPHP\Extend\Model\RelationModel.class.php 第 188 行.
NOTIC: [8] Undefined index: mapping_limit D:\wamp\www\wish\ThinkPHP\Extend\Model\RelationModel.class.php 第 189 行.
NOTIC: [8] Undefined index: relation_foreign_key D:\wamp\www\wish\ThinkPHP\Extend\Model\RelationModel.class.php 第 190 行.
SQL: SELECT b.id,name,remark FROM hd_role_user AS a, hd_role AS b WHERE a.role_id = b.id AND a. user_id='5' [ RunTime:0.000918s ]
NOTIC: [8] Undefined index: mapping_order D:\wamp\www\wish\ThinkPHP\Extend\Model\RelationModel.class.php 第 188 行.
NOTIC: [8] Undefined index: mapping_limit D:\wamp\www\wish\ThinkPHP\Extend\Model\RelationModel.class.php 第 189 行.
NOTIC: [8] Undefined index: relation_foreign_key D:\wamp\www\wish\ThinkPHP\Extend\Model\RelationModel.class.php 第 190 行.
SQL: SELECT b.id,name,remark FROM hd_role_user AS a, hd_role AS b WHERE a.role_id = b.id AND a. user_id='6' [ RunTime:0.000221s ]
NOTIC: [8] Undefined index: mapping_order D:\wamp\www\wish\ThinkPHP\Extend\Model\RelationModel.class.php 第 188 行.
NOTIC: [8] Undefined index: mapping_limit D:\wamp\www\wish\ThinkPHP\Extend\Model\RelationModel.class.php 第 189 行.
NOTIC: [8] Undefined index: relation_foreign_key D:\wamp\www\wish\ThinkPHP\Extend\Model\RelationModel.class.php 第 190 行.
SQL: SELECT b.id,name,remark FROM hd_role_user AS a, hd_role AS b WHERE a.role_id = b.id AND a. user_id='7' [ RunTime:0.000197s ]
NOTIC: [8] Undefined index: mapping_order D:\wamp\www\wish\ThinkPHP\Extend\Model\RelationModel.class.php 第 188 行.
NOTIC: [8] Undefined index: mapping_limit D:\wamp\www\wish\ThinkPHP\Extend\Model\RelationModel.class.php 第 189 行.
NOTIC: [8] Undefined index: relation_foreign_key D:\wamp\www\wish\ThinkPHP\Extend\Model\RelationModel.class.php 第 190 行.
SQL: SELECT b.id,name,remark FROM hd_role_user AS a, hd_role AS b WHERE a.role_id = b.id AND a. user_id='8' [ RunTime:0.000200s ]
INFO: [ view_parse ] --START--
INFO: ParseTemplate Behavior ::run [ RunTime:0.008499s ]
INFO: [ view_parse ] --END-- [ RunTime:0.008609s ]
INFO: [ view_filter ] --START--
INFO: ContentReplace Behavior ::run [ RunTime:0.000319s ]
INFO: TokenBuild Behavior ::run [ RunTime:0.000342s ]
INFO: WriteHtmlCache Behavior ::run [ RunTime:0.000221s ]
INFO: ShowRuntime Behavior ::run [ RunTime:0.000406s ]
INFO: [ view_filter ] --END-- [ RunTime:0.001532s ]
INFO: [ view_end ] --START--
INFO: ShowPageTrace Behavior ::run [ RunTime:0.000473s ]
INFO: [ view_end ] --END-- [ RunTime:0.000567s ]

[ 2014-12-15T19:23:57+08:00 ] 192.168.1.174 /wish/index.php/admin/rbac/addUserhandle
INFO: [ route_check ] --START--
INFO: CheckRoute Behavior ::run [ RunTime:0.001178s ]
INFO: [ route_check ] --END-- [ RunTime:0.001357s ]
INFO: [ app_begin ] --START--
INFO: ReadHtmlCache Behavior ::run [ RunTime:0.000785s ]
INFO: [ app_begin ] --END-- [ RunTime:0.000954s ]
SQL: SHOW COLUMNS FROM `hd_user` [ RunTime:0.002468s ]
SQL: INSERT INTO `hd_user` (`username`,`password`,`logintime`,`loginip`,`lock`) VALUES ('phone','f7a42fe7211f98ac7a60a285ac3a9e87',1418642637,'192.168.1.174',0) [ RunTime:0.092070s ]
SQL: SHOW COLUMNS FROM `hd_role_user` [ RunTime:0.003992s ]
SQL: INSERT INTO `hd_role_user` (`role_id`,`user_id`) VALUES (1,9) [ RunTime:0.000301s ]
INFO: [ view_parse ] --START--
INFO: ParseTemplate Behavior ::run [ RunTime:0.011954s ]
INFO: [ view_parse ] --END-- [ RunTime:0.012203s ]
INFO: [ view_filter ] --START--
INFO: ContentReplace Behavior ::run [ RunTime:0.000672s ]
INFO: TokenBuild Behavior ::run [ RunTime:0.000705s ]
INFO: WriteHtmlCache Behavior ::run [ RunTime:0.000480s ]
INFO: ShowRuntime Behavior ::run [ RunTime:0.000876s ]
INFO: [ view_filter ] --END-- [ RunTime:0.003246s ]
INFO: [ view_end ] --START--
INFO: ShowPageTrace Behavior ::run [ RunTime:0.000995s ]
INFO: [ view_end ] --END-- [ RunTime:0.001174s ]

[ 2014-12-15T19:23:58+08:00 ] 192.168.1.174 /wish/index.php/admin/rbac/addUser
INFO: [ route_check ] --START--
INFO: CheckRoute Behavior ::run [ RunTime:0.001058s ]
INFO: [ route_check ] --END-- [ RunTime:0.001239s ]
INFO: [ app_begin ] --START--
INFO: ReadHtmlCache Behavior ::run [ RunTime:0.000791s ]
INFO: [ app_begin ] --END-- [ RunTime:0.000964s ]
SQL: SHOW COLUMNS FROM `hd_role` [ RunTime:0.003400s ]
SQL: SELECT * FROM `hd_role`  [ RunTime:0.000347s ]
INFO: [ view_parse ] --START--
INFO: ParseTemplate Behavior ::run [ RunTime:0.012350s ]
INFO: [ view_parse ] --END-- [ RunTime:0.012535s ]
INFO: [ view_filter ] --START--
INFO: ContentReplace Behavior ::run [ RunTime:0.000582s ]
INFO: TokenBuild Behavior ::run [ RunTime:0.000601s ]
INFO: WriteHtmlCache Behavior ::run [ RunTime:0.000402s ]
INFO: ShowRuntime Behavior ::run [ RunTime:0.000732s ]
INFO: [ view_filter ] --END-- [ RunTime:0.002745s ]
INFO: [ view_end ] --START--
INFO: ShowPageTrace Behavior ::run [ RunTime:0.000850s ]
INFO: [ view_end ] --END-- [ RunTime:0.001006s ]

[ 2014-12-15T19:23:59+08:00 ] 192.168.1.174 /wish/index.php/admin/rbac/node
INFO: [ route_check ] --START--
INFO: CheckRoute Behavior ::run [ RunTime:0.000419s ]
INFO: [ route_check ] --END-- [ RunTime:0.000491s ]
INFO: [ app_begin ] --START--
INFO: ReadHtmlCache Behavior ::run [ RunTime:0.000313s ]
INFO: [ app_begin ] --END-- [ RunTime:0.000373s ]
SQL: SHOW COLUMNS FROM `hd_node` [ RunTime:0.001538s ]
SQL: SELECT `id`,`name`,`title`,`pid` FROM `hd_node` ORDER BY sort  [ RunTime:0.000224s ]
INFO: [ view_parse ] --START--
INFO: ParseTemplate Behavior ::run [ RunTime:0.006839s ]
INFO: [ view_parse ] --END-- [ RunTime:0.006907s ]
INFO: [ view_filter ] --START--
INFO: ContentReplace Behavior ::run [ RunTime:0.000242s ]
INFO: TokenBuild Behavior ::run [ RunTime:0.000220s ]
INFO: WriteHtmlCache Behavior ::run [ RunTime:0.000147s ]
INFO: ShowRuntime Behavior ::run [ RunTime:0.000414s ]
INFO: [ view_filter ] --END-- [ RunTime:0.001225s ]
INFO: [ view_end ] --START--
INFO: ShowPageTrace Behavior ::run [ RunTime:0.000407s ]
INFO: [ view_end ] --END-- [ RunTime:0.000488s ]

[ 2014-12-15T19:24:00+08:00 ] 192.168.1.174 /wish/index.php/admin/rbac/role
INFO: [ route_check ] --START--
INFO: CheckRoute Behavior ::run [ RunTime:0.000700s ]
INFO: [ route_check ] --END-- [ RunTime:0.000817s ]
INFO: [ app_begin ] --START--
INFO: ReadHtmlCache Behavior ::run [ RunTime:0.000483s ]
INFO: [ app_begin ] --END-- [ RunTime:0.000582s ]
SQL: SHOW COLUMNS FROM `hd_role` [ RunTime:0.002129s ]
SQL: SELECT * FROM `hd_role`  [ RunTime:0.000203s ]
INFO: [ view_parse ] --START--
INFO: ParseTemplate Behavior ::run [ RunTime:0.008232s ]
INFO: [ view_parse ] --END-- [ RunTime:0.008343s ]
INFO: [ view_filter ] --START--
INFO: ContentReplace Behavior ::run [ RunTime:0.000373s ]
INFO: TokenBuild Behavior ::run [ RunTime:0.000371s ]
INFO: WriteHtmlCache Behavior ::run [ RunTime:0.000278s ]
INFO: ShowRuntime Behavior ::run [ RunTime:0.000487s ]
INFO: [ view_filter ] --END-- [ RunTime:0.001777s ]
INFO: [ view_end ] --START--
INFO: ShowPageTrace Behavior ::run [ RunTime:0.000534s ]
INFO: [ view_end ] --END-- [ RunTime:0.000629s ]

[ 2014-12-15T19:24:00+08:00 ] 192.168.1.174 /wish/index.php/admin/rbac/index
INFO: [ route_check ] --START--
INFO: CheckRoute Behavior ::run [ RunTime:0.000779s ]
INFO: [ route_check ] --END-- [ RunTime:0.000913s ]
INFO: [ app_begin ] --START--
INFO: ReadHtmlCache Behavior ::run [ RunTime:0.000631s ]
INFO: [ app_begin ] --END-- [ RunTime:0.000754s ]
SQL: SHOW COLUMNS FROM `hd_user` [ RunTime:0.002620s ]
SQL: SELECT `id`,`username`,`logintime`,`loginip`,`lock` FROM `hd_user`  [ RunTime:0.000307s ]
SQL: SHOW COLUMNS FROM `hd_role` [ RunTime:0.002385s ]
NOTIC: [8] Undefined index: mapping_order D:\wamp\www\wish\ThinkPHP\Extend\Model\RelationModel.class.php 第 188 行.
NOTIC: [8] Undefined index: mapping_limit D:\wamp\www\wish\ThinkPHP\Extend\Model\RelationModel.class.php 第 189 行.
NOTIC: [8] Undefined index: relation_foreign_key D:\wamp\www\wish\ThinkPHP\Extend\Model\RelationModel.class.php 第 190 行.
SQL: SELECT b.id,name,remark FROM hd_role_user AS a, hd_role AS b WHERE a.role_id = b.id AND a. user_id='4' [ RunTime:0.000216s ]
NOTIC: [8] Undefined index: mapping_order D:\wamp\www\wish\ThinkPHP\Extend\Model\RelationModel.class.php 第 188 行.
NOTIC: [8] Undefined index: mapping_limit D:\wamp\www\wish\ThinkPHP\Extend\Model\RelationModel.class.php 第 189 行.
NOTIC: [8] Undefined index: relation_foreign_key D:\wamp\www\wish\ThinkPHP\Extend\Model\RelationModel.class.php 第 190 行.
SQL: SELECT b.id,name,remark FROM hd_role_user AS a, hd_role AS b WHERE a.role_id = b.id AND a. user_id='5' [ RunTime:0.000180s ]
NOTIC: [8] Undefined index: mapping_order D:\wamp\www\wish\ThinkPHP\Extend\Model\RelationModel.class.php 第 188 行.
NOTIC: [8] Undefined index: mapping_limit D:\wamp\www\wish\ThinkPHP\Extend\Model\RelationModel.class.php 第 189 行.
NOTIC: [8] Undefined index: relation_foreign_key D:\wamp\www\wish\ThinkPHP\Extend\Model\RelationModel.class.php 第 190 行.
SQL: SELECT b.id,name,remark FROM hd_role_user AS a, hd_role AS b WHERE a.role_id = b.id AND a. user_id='6' [ RunTime:0.000200s ]
NOTIC: [8] Undefined index: mapping_order D:\wamp\www\wish\ThinkPHP\Extend\Model\RelationModel.class.php 第 188 行.
NOTIC: [8] Undefined index: mapping_limit D:\wamp\www\wish\ThinkPHP\Extend\Model\RelationModel.class.php 第 189 行.
NOTIC: [8] Undefined index: relation_foreign_key D:\wamp\www\wish\ThinkPHP\Extend\Model\RelationModel.class.php 第 190 行.
SQL: SELECT b.id,name,remark FROM hd_role_user AS a, hd_role AS b WHERE a.role_id = b.id AND a. user_id='7' [ RunTime:0.000179s ]
NOTIC: [8] Undefined index: mapping_order D:\wamp\www\wish\ThinkPHP\Extend\Model\RelationModel.class.php 第 188 行.
NOTIC: [8] Undefined index: mapping_limit D:\wamp\www\wish\ThinkPHP\Extend\Model\RelationModel.class.php 第 189 行.
NOTIC: [8] Undefined index: relation_foreign_key D:\wamp\www\wish\ThinkPHP\Extend\Model\RelationModel.class.php 第 190 行.
SQL: SELECT b.id,name,remark FROM hd_role_user AS a, hd_role AS b WHERE a.role_id = b.id AND a. user_id='8' [ RunTime:0.000192s ]
NOTIC: [8] Undefined index: mapping_order D:\wamp\www\wish\ThinkPHP\Extend\Model\RelationModel.class.php 第 188 行.
NOTIC: [8] Undefined index: mapping_limit D:\wamp\www\wish\ThinkPHP\Extend\Model\RelationModel.class.php 第 189 行.
NOTIC: [8] Undefined index: relation_foreign_key D:\wamp\www\wish\ThinkPHP\Extend\Model\RelationModel.class.php 第 190 行.
SQL: SELECT b.id,name,remark FROM hd_role_user AS a, hd_role AS b WHERE a.role_id = b.id AND a. user_id='9' [ RunTime:0.000193s ]
INFO: [ view_parse ] --START--
INFO: ParseTemplate Behavior ::run [ RunTime:0.006954s ]
INFO: [ view_parse ] --END-- [ RunTime:0.007043s ]
INFO: [ view_filter ] --START--
INFO: ContentReplace Behavior ::run [ RunTime:0.000264s ]
INFO: TokenBuild Behavior ::run [ RunTime:0.000282s ]
INFO: WriteHtmlCache Behavior ::run [ RunTime:0.000191s ]
INFO: ShowRuntime Behavior ::run [ RunTime:0.000378s ]
INFO: [ view_filter ] --END-- [ RunTime:0.001321s ]
INFO: [ view_end ] --START--
INFO: ShowPageTrace Behavior ::run [ RunTime:0.000527s ]
INFO: [ view_end ] --END-- [ RunTime:0.000601s ]

[ 2014-12-15T19:24:01+08:00 ] 192.168.1.174 /wish/index.php/admin/msg_manage/index
INFO: [ route_check ] --START--
INFO: CheckRoute Behavior ::run [ RunTime:0.001237s ]
INFO: [ route_check ] --END-- [ RunTime:0.001481s ]
INFO: [ app_begin ] --START--
INFO: ReadHtmlCache Behavior ::run [ RunTime:0.000928s ]
INFO: [ app_begin ] --END-- [ RunTime:0.001126s ]
SQL: SHOW COLUMNS FROM `hd_wish` [ RunTime:0.002024s ]
SQL: SELECT COUNT(*) AS tp_count FROM `hd_wish` LIMIT 1   [ RunTime:0.000149s ]
SQL: SELECT * FROM `hd_wish` ORDER BY time DESC LIMIT 0,10   [ RunTime:0.000257s ]
INFO: [ view_parse ] --START--
INFO: ParseTemplate Behavior ::run [ RunTime:0.009466s ]
INFO: [ view_parse ] --END-- [ RunTime:0.009581s ]
INFO: [ view_filter ] --START--
INFO: ContentReplace Behavior ::run [ RunTime:0.000366s ]
INFO: TokenBuild Behavior ::run [ RunTime:0.000364s ]
INFO: WriteHtmlCache Behavior ::run [ RunTime:0.000243s ]
INFO: ShowRuntime Behavior ::run [ RunTime:0.000446s ]
INFO: [ view_filter ] --END-- [ RunTime:0.001680s ]
INFO: [ view_end ] --START--
INFO: ShowPageTrace Behavior ::run [ RunTime:0.000534s ]
INFO: [ view_end ] --END-- [ RunTime:0.000632s ]

[ 2014-12-15T19:24:21+08:00 ] 192.168.1.174 /wish/index.php/admin/login/verify/0.3015802809968591
INFO: [ route_check ] --START--
INFO: CheckRoute Behavior ::run [ RunTime:0.000827s ]
INFO: [ route_check ] --END-- [ RunTime:0.000939s ]
INFO: [ app_begin ] --START--
INFO: ReadHtmlCache Behavior ::run [ RunTime:0.000574s ]
INFO: [ app_begin ] --END-- [ RunTime:0.000682s ]

[ 2014-12-15T19:24:31+08:00 ] 192.168.1.174 /wish/index.php/admin/login/login
INFO: [ route_check ] --START--
INFO: CheckRoute Behavior ::run [ RunTime:0.001334s ]
INFO: [ route_check ] --END-- [ RunTime:0.001517s ]
INFO: [ app_begin ] --START--
INFO: ReadHtmlCache Behavior ::run [ RunTime:0.000512s ]
INFO: [ app_begin ] --END-- [ RunTime:0.000674s ]
SQL: SHOW COLUMNS FROM `hd_user` [ RunTime:0.001945s ]
SQL: SELECT * FROM `hd_user` WHERE ( `username` = 'user1' ) LIMIT 1   [ RunTime:0.000297s ]
NOTIC: [8] Undefined index: uid D:\wamp\www\wish\App\Core\Admin\Action\LoginAction.class.php 第 29 行.

[ 2014-12-15T19:24:31+08:00 ] 192.168.1.174 /wish/index.php/admin/index/index
INFO: [ route_check ] --START--
INFO: CheckRoute Behavior ::run [ RunTime:0.001267s ]
INFO: [ route_check ] --END-- [ RunTime:0.001507s ]
INFO: [ app_begin ] --START--
INFO: ReadHtmlCache Behavior ::run [ RunTime:0.001069s ]
INFO: [ app_begin ] --END-- [ RunTime:0.001273s ]
INFO: [ view_parse ] --START--
INFO: ParseTemplate Behavior ::run [ RunTime:0.014085s ]
INFO: [ view_parse ] --END-- [ RunTime:0.014250s ]
INFO: [ view_filter ] --START--
INFO: ContentReplace Behavior ::run [ RunTime:0.000559s ]
INFO: TokenBuild Behavior ::run [ RunTime:0.000545s ]
INFO: WriteHtmlCache Behavior ::run [ RunTime:0.000393s ]
INFO: ShowRuntime Behavior ::run [ RunTime:0.000641s ]
INFO: [ view_filter ] --END-- [ RunTime:0.002501s ]
INFO: [ view_end ] --START--
INFO: ShowPageTrace Behavior ::run [ RunTime:0.000793s ]
INFO: [ view_end ] --END-- [ RunTime:0.000911s ]

[ 2014-12-15T19:24:36+08:00 ] 192.168.1.174 /wish/index.php/admin/msg_manage/index
INFO: [ route_check ] --START--
INFO: CheckRoute Behavior ::run [ RunTime:0.001021s ]
INFO: [ route_check ] --END-- [ RunTime:0.001194s ]
INFO: [ app_begin ] --START--
INFO: ReadHtmlCache Behavior ::run [ RunTime:0.000737s ]
INFO: [ app_begin ] --END-- [ RunTime:0.000897s ]
SQL: SHOW COLUMNS FROM `hd_wish` [ RunTime:0.003286s ]
SQL: SELECT COUNT(*) AS tp_count FROM `hd_wish` LIMIT 1   [ RunTime:0.000211s ]
SQL: SELECT * FROM `hd_wish` ORDER BY time DESC LIMIT 0,10   [ RunTime:0.000319s ]
INFO: [ view_parse ] --START--
INFO: ParseTemplate Behavior ::run [ RunTime:0.014514s ]
INFO: [ view_parse ] --END-- [ RunTime:0.014687s ]
INFO: [ view_filter ] --START--
INFO: ContentReplace Behavior ::run [ RunTime:0.000595s ]
INFO: TokenBuild Behavior ::run [ RunTime:0.000568s ]
INFO: WriteHtmlCache Behavior ::run [ RunTime:0.000382s ]
INFO: ShowRuntime Behavior ::run [ RunTime:0.000690s ]
INFO: [ view_filter ] --END-- [ RunTime:0.002653s ]
INFO: [ view_end ] --START--
INFO: ShowPageTrace Behavior ::run [ RunTime:0.000799s ]
INFO: [ view_end ] --END-- [ RunTime:0.000943s ]

[ 2014-12-15T19:24:37+08:00 ] 192.168.1.174 /wish/index.php/admin/rbac/index
INFO: [ route_check ] --START--
INFO: CheckRoute Behavior ::run [ RunTime:0.000987s ]
INFO: [ route_check ] --END-- [ RunTime:0.001157s ]
INFO: [ app_begin ] --START--
INFO: ReadHtmlCache Behavior ::run [ RunTime:0.000735s ]
INFO: [ app_begin ] --END-- [ RunTime:0.000891s ]
SQL: SHOW COLUMNS FROM `hd_user` [ RunTime:0.002015s ]
SQL: SELECT `id`,`username`,`logintime`,`loginip`,`lock` FROM `hd_user`  [ RunTime:0.000224s ]
SQL: SHOW COLUMNS FROM `hd_role` [ RunTime:0.001864s ]
NOTIC: [8] Undefined index: mapping_order D:\wamp\www\wish\ThinkPHP\Extend\Model\RelationModel.class.php 第 188 行.
NOTIC: [8] Undefined index: mapping_limit D:\wamp\www\wish\ThinkPHP\Extend\Model\RelationModel.class.php 第 189 行.
NOTIC: [8] Undefined index: relation_foreign_key D:\wamp\www\wish\ThinkPHP\Extend\Model\RelationModel.class.php 第 190 行.
SQL: SELECT b.id,name,remark FROM hd_role_user AS a, hd_role AS b WHERE a.role_id = b.id AND a. user_id='4' [ RunTime:0.000268s ]
NOTIC: [8] Undefined index: mapping_order D:\wamp\www\wish\ThinkPHP\Extend\Model\RelationModel.class.php 第 188 行.
NOTIC: [8] Undefined index: mapping_limit D:\wamp\www\wish\ThinkPHP\Extend\Model\RelationModel.class.php 第 189 行.
NOTIC: [8] Undefined index: relation_foreign_key D:\wamp\www\wish\ThinkPHP\Extend\Model\RelationModel.class.php 第 190 行.
SQL: SELECT b.id,name,remark FROM hd_role_user AS a, hd_role AS b WHERE a.role_id = b.id AND a. user_id='5' [ RunTime:0.000226s ]
NOTIC: [8] Undefined index: mapping_order D:\wamp\www\wish\ThinkPHP\Extend\Model\RelationModel.class.php 第 188 行.
NOTIC: [8] Undefined index: mapping_limit D:\wamp\www\wish\ThinkPHP\Extend\Model\RelationModel.class.php 第 189 行.
NOTIC: [8] Undefined index: relation_foreign_key D:\wamp\www\wish\ThinkPHP\Extend\Model\RelationModel.class.php 第 190 行.
SQL: SELECT b.id,name,remark FROM hd_role_user AS a, hd_role AS b WHERE a.role_id = b.id AND a. user_id='6' [ RunTime:0.000230s ]
NOTIC: [8] Undefined index: mapping_order D:\wamp\www\wish\ThinkPHP\Extend\Model\RelationModel.class.php 第 188 行.
NOTIC: [8] Undefined index: mapping_limit D:\wamp\www\wish\ThinkPHP\Extend\Model\RelationModel.class.php 第 189 行.
NOTIC: [8] Undefined index: relation_foreign_key D:\wamp\www\wish\ThinkPHP\Extend\Model\RelationModel.class.php 第 190 行.
SQL: SELECT b.id,name,remark FROM hd_role_user AS a, hd_role AS b WHERE a.role_id = b.id AND a. user_id='7' [ RunTime:0.000212s ]
NOTIC: [8] Undefined index: mapping_order D:\wamp\www\wish\ThinkPHP\Extend\Model\RelationModel.class.php 第 188 行.
NOTIC: [8] Undefined index: mapping_limit D:\wamp\www\wish\ThinkPHP\Extend\Model\RelationModel.class.php 第 189 行.
NOTIC: [8] Undefined index: relation_foreign_key D:\wamp\www\wish\ThinkPHP\Extend\Model\RelationModel.class.php 第 190 行.
SQL: SELECT b.id,name,remark FROM hd_role_user AS a, hd_role AS b WHERE a.role_id = b.id AND a. user_id='8' [ RunTime:0.000213s ]
NOTIC: [8] Undefined index: mapping_order D:\wamp\www\wish\ThinkPHP\Extend\Model\RelationModel.class.php 第 188 行.
NOTIC: [8] Undefined index: mapping_limit D:\wamp\www\wish\ThinkPHP\Extend\Model\RelationModel.class.php 第 189 行.
NOTIC: [8] Undefined index: relation_foreign_key D:\wamp\www\wish\ThinkPHP\Extend\Model\RelationModel.class.php 第 190 行.
SQL: SELECT b.id,name,remark FROM hd_role_user AS a, hd_role AS b WHERE a.role_id = b.id AND a. user_id='9' [ RunTime:0.000227s ]
INFO: [ view_parse ] --START--
INFO: ParseTemplate Behavior ::run [ RunTime:0.008190s ]
INFO: [ view_parse ] --END-- [ RunTime:0.008300s ]
INFO: [ view_filter ] --START--
INFO: ContentReplace Behavior ::run [ RunTime:0.000323s ]
INFO: TokenBuild Behavior ::run [ RunTime:0.000339s ]
INFO: WriteHtmlCache Behavior ::run [ RunTime:0.000222s ]
INFO: ShowRuntime Behavior ::run [ RunTime:0.000409s ]
INFO: [ view_filter ] --END-- [ RunTime:0.001539s ]
INFO: [ view_end ] --START--
INFO: ShowPageTrace Behavior ::run [ RunTime:0.000476s ]
INFO: [ view_end ] --END-- [ RunTime:0.000562s ]

[ 2014-12-15T19:24:39+08:00 ] 192.168.1.174 /wish/index.php/admin/rbac/role
INFO: [ route_check ] --START--
INFO: CheckRoute Behavior ::run [ RunTime:0.000895s ]
INFO: [ route_check ] --END-- [ RunTime:0.001051s ]
INFO: [ app_begin ] --START--
INFO: ReadHtmlCache Behavior ::run [ RunTime:0.000687s ]
INFO: [ app_begin ] --END-- [ RunTime:0.000834s ]
SQL: SHOW COLUMNS FROM `hd_role` [ RunTime:0.001966s ]
SQL: SELECT * FROM `hd_role`  [ RunTime:0.000141s ]
INFO: [ view_parse ] --START--
INFO: ParseTemplate Behavior ::run [ RunTime:0.005854s ]
INFO: [ view_parse ] --END-- [ RunTime:0.005940s ]
INFO: [ view_filter ] --START--
INFO: ContentReplace Behavior ::run [ RunTime:0.000249s ]
INFO: TokenBuild Behavior ::run [ RunTime:0.000251s ]
INFO: WriteHtmlCache Behavior ::run [ RunTime:0.000167s ]
INFO: ShowRuntime Behavior ::run [ RunTime:0.000316s ]
INFO: [ view_filter ] --END-- [ RunTime:0.001164s ]
INFO: [ view_end ] --START--
INFO: ShowPageTrace Behavior ::run [ RunTime:0.000357s ]
INFO: [ view_end ] --END-- [ RunTime:0.000422s ]

[ 2014-12-15T19:24:40+08:00 ] 192.168.1.174 /wish/index.php/admin/rbac/node
INFO: [ route_check ] --START--
INFO: CheckRoute Behavior ::run [ RunTime:0.001840s ]
INFO: [ route_check ] --END-- [ RunTime:0.002154s ]
INFO: [ app_begin ] --START--
INFO: ReadHtmlCache Behavior ::run [ RunTime:0.001657s ]
INFO: [ app_begin ] --END-- [ RunTime:0.001984s ]
SQL: SHOW COLUMNS FROM `hd_node` [ RunTime:0.002522s ]
SQL: SELECT `id`,`name`,`title`,`pid` FROM `hd_node` ORDER BY sort  [ RunTime:0.000279s ]
INFO: [ view_parse ] --START--
INFO: ParseTemplate Behavior ::run [ RunTime:0.010745s ]
INFO: [ view_parse ] --END-- [ RunTime:0.010853s ]
INFO: [ view_filter ] --START--
INFO: ContentReplace Behavior ::run [ RunTime:0.000347s ]
INFO: TokenBuild Behavior ::run [ RunTime:0.000282s ]
INFO: WriteHtmlCache Behavior ::run [ RunTime:0.000207s ]
INFO: ShowRuntime Behavior ::run [ RunTime:0.000339s ]
INFO: [ view_filter ] --END-- [ RunTime:0.001375s ]
INFO: [ view_end ] --START--
INFO: ShowPageTrace Behavior ::run [ RunTime:0.000394s ]
INFO: [ view_end ] --END-- [ RunTime:0.000466s ]

[ 2014-12-15T19:24:40+08:00 ] 192.168.1.174 /wish/index.php/admin/rbac/addUser
INFO: [ route_check ] --START--
INFO: CheckRoute Behavior ::run [ RunTime:0.000657s ]
INFO: [ route_check ] --END-- [ RunTime:0.000771s ]
INFO: [ app_begin ] --START--
INFO: ReadHtmlCache Behavior ::run [ RunTime:0.000482s ]
INFO: [ app_begin ] --END-- [ RunTime:0.000565s ]
SQL: SHOW COLUMNS FROM `hd_role` [ RunTime:0.001436s ]
SQL: SELECT * FROM `hd_role`  [ RunTime:0.000173s ]
INFO: [ view_parse ] --START--
INFO: ParseTemplate Behavior ::run [ RunTime:0.005149s ]
INFO: [ view_parse ] --END-- [ RunTime:0.005219s ]
INFO: [ view_filter ] --START--
INFO: ContentReplace Behavior ::run [ RunTime:0.000218s ]
INFO: TokenBuild Behavior ::run [ RunTime:0.000263s ]
INFO: WriteHtmlCache Behavior ::run [ RunTime:0.000152s ]
INFO: ShowRuntime Behavior ::run [ RunTime:0.000271s ]
INFO: [ view_filter ] --END-- [ RunTime:0.001062s ]
INFO: [ view_end ] --START--
INFO: ShowPageTrace Behavior ::run [ RunTime:0.000376s ]
INFO: [ view_end ] --END-- [ RunTime:0.000433s ]

[ 2014-12-15T19:24:41+08:00 ] 192.168.1.174 /wish/index.php/admin/rbac/addRole
INFO: [ route_check ] --START--
INFO: CheckRoute Behavior ::run [ RunTime:0.001474s ]
INFO: [ route_check ] --END-- [ RunTime:0.001694s ]
INFO: [ app_begin ] --START--
INFO: ReadHtmlCache Behavior ::run [ RunTime:0.001039s ]
INFO: [ app_begin ] --END-- [ RunTime:0.001248s ]
INFO: [ view_parse ] --START--
INFO: ParseTemplate Behavior ::run [ RunTime:0.022484s ]
INFO: [ view_parse ] --END-- [ RunTime:0.022653s ]
INFO: [ view_filter ] --START--
INFO: ContentReplace Behavior ::run [ RunTime:0.000608s ]
INFO: TokenBuild Behavior ::run [ RunTime:0.000538s ]
INFO: WriteHtmlCache Behavior ::run [ RunTime:0.000330s ]
INFO: ShowRuntime Behavior ::run [ RunTime:0.000572s ]
INFO: [ view_filter ] --END-- [ RunTime:0.002403s ]
INFO: [ view_end ] --START--
INFO: ShowPageTrace Behavior ::run [ RunTime:0.000646s ]
INFO: [ view_end ] --END-- [ RunTime:0.000761s ]

[ 2014-12-15T19:24:42+08:00 ] 192.168.1.174 /wish/index.php/admin/rbac/node
INFO: [ route_check ] --START--
INFO: CheckRoute Behavior ::run [ RunTime:0.000872s ]
INFO: [ route_check ] --END-- [ RunTime:0.001022s ]
INFO: [ app_begin ] --START--
INFO: ReadHtmlCache Behavior ::run [ RunTime:0.000647s ]
INFO: [ app_begin ] --END-- [ RunTime:0.000787s ]
SQL: SHOW COLUMNS FROM `hd_node` [ RunTime:0.002990s ]
SQL: SELECT `id`,`name`,`title`,`pid` FROM `hd_node` ORDER BY sort  [ RunTime:0.000334s ]
INFO: [ view_parse ] --START--
INFO: ParseTemplate Behavior ::run [ RunTime:0.012883s ]
INFO: [ view_parse ] --END-- [ RunTime:0.012997s ]
INFO: [ view_filter ] --START--
INFO: ContentReplace Behavior ::run [ RunTime:0.000350s ]
INFO: TokenBuild Behavior ::run [ RunTime:0.000323s ]
INFO: WriteHtmlCache Behavior ::run [ RunTime:0.000238s ]
INFO: ShowRuntime Behavior ::run [ RunTime:0.000493s ]
INFO: [ view_filter ] --END-- [ RunTime:0.001642s ]
INFO: [ view_end ] --START--
INFO: ShowPageTrace Behavior ::run [ RunTime:0.000479s ]
INFO: [ view_end ] --END-- [ RunTime:0.000562s ]

[ 2014-12-15T19:24:56+08:00 ] 127.0.0.1 /wish/index.php/admin/login/index
INFO: [ route_check ] --START--
INFO: CheckRoute Behavior ::run [ RunTime:0.000668s ]
INFO: [ route_check ] --END-- [ RunTime:0.000861s ]
INFO: [ app_begin ] --START--
INFO: ReadHtmlCache Behavior ::run [ RunTime:0.000441s ]
INFO: [ app_begin ] --END-- [ RunTime:0.000519s ]
INFO: [ view_parse ] --START--
INFO: ParseTemplate Behavior ::run [ RunTime:0.005800s ]
INFO: [ view_parse ] --END-- [ RunTime:0.005947s ]
INFO: [ view_filter ] --START--
INFO: ContentReplace Behavior ::run [ RunTime:0.000238s ]
INFO: TokenBuild Behavior ::run [ RunTime:0.000241s ]
INFO: WriteHtmlCache Behavior ::run [ RunTime:0.000160s ]
INFO: ShowRuntime Behavior ::run [ RunTime:0.000293s ]
INFO: [ view_filter ] --END-- [ RunTime:0.001100s ]
INFO: [ view_end ] --START--
INFO: ShowPageTrace Behavior ::run [ RunTime:0.000357s ]
INFO: [ view_end ] --END-- [ RunTime:0.000416s ]

[ 2014-12-15T19:24:56+08:00 ] 127.0.0.1 /wish/index.php/admin/login/verify
INFO: [ route_check ] --START--
INFO: CheckRoute Behavior ::run [ RunTime:0.000452s ]
INFO: [ route_check ] --END-- [ RunTime:0.000614s ]
INFO: [ app_begin ] --START--
INFO: ReadHtmlCache Behavior ::run [ RunTime:0.000574s ]
INFO: [ app_begin ] --END-- [ RunTime:0.000649s ]

[ 2014-12-15T19:25:10+08:00 ] 127.0.0.1 /wish/index.php/admin/login/login
INFO: [ route_check ] --START--
INFO: CheckRoute Behavior ::run [ RunTime:0.000818s ]
INFO: [ route_check ] --END-- [ RunTime:0.000998s ]
INFO: [ app_begin ] --START--
INFO: ReadHtmlCache Behavior ::run [ RunTime:0.000578s ]
INFO: [ app_begin ] --END-- [ RunTime:0.000685s ]
SQL: SHOW COLUMNS FROM `hd_user` [ RunTime:0.001609s ]
SQL: SELECT * FROM `hd_user` WHERE ( `username` = 'user1' ) LIMIT 1   [ RunTime:0.000187s ]
NOTIC: [8] Undefined index: uid D:\wamp\www\wish\App\Core\Admin\Action\LoginAction.class.php 第 29 行.
NOTIC: [8] Undefined index: superadmin D:\wamp\www\wish\ThinkPHP\Extend\Library\ORG\Util\RBAC.class.php 第 94 行.
SQL: select node.id,node.name from hd_role as role,hd_role_user as user,hd_access as access ,hd_node as node where user.user_id='4' and user.role_id=role.id and ( access.role_id=role.id  or (access.role_id=role.pid and role.pid!=0 ) ) and role.status=1 and access.node_id=node.id and node.level=1 and node.status=1 [ RunTime:0.038345s ]
SQL: select node.id,node.name from hd_role as role,hd_role_user as user,hd_access as access ,hd_node as node where user.user_id='4' and user.role_id=role.id and ( access.role_id=role.id  or (access.role_id=role.pid and role.pid!=0 ) ) and role.status=1 and access.node_id=node.id and node.level=2 and node.pid=1 and node.status=1 [ RunTime:0.000254s ]
SQL: select node.id,node.name from hd_role as role,hd_role_user as user,hd_access as access ,hd_node as node where user.user_id='4' and user.role_id=role.id and ( access.role_id=role.id  or (access.role_id=role.pid and role.pid!=0 ) ) and role.status=1 and access.node_id=node.id and node.level=3 and node.pid=5 and node.status=1 [ RunTime:0.000203s ]
SQL: select node.id,node.name from hd_role as role,hd_role_user as user,hd_access as access ,hd_node as node where user.user_id='4' and user.role_id=role.id and ( access.role_id=role.id  or (access.role_id=role.pid and role.pid!=0 ) ) and role.status=1 and access.node_id=node.id and node.level=3 and node.pid=20 and node.status=1 [ RunTime:0.000190s ]

[ 2014-12-15T19:25:10+08:00 ] 127.0.0.1 /wish/index.php/admin/index/index
INFO: [ route_check ] --START--
INFO: CheckRoute Behavior ::run [ RunTime:0.000400s ]
INFO: [ route_check ] --END-- [ RunTime:0.000473s ]
INFO: [ app_begin ] --START--
INFO: ReadHtmlCache Behavior ::run [ RunTime:0.000304s ]
INFO: [ app_begin ] --END-- [ RunTime:0.000366s ]
INFO: [ view_parse ] --START--
INFO: ParseTemplate Behavior ::run [ RunTime:0.006770s ]
INFO: [ view_parse ] --END-- [ RunTime:0.006843s ]
INFO: [ view_filter ] --START--
INFO: ContentReplace Behavior ::run [ RunTime:0.000298s ]
INFO: TokenBuild Behavior ::run [ RunTime:0.000271s ]
INFO: WriteHtmlCache Behavior ::run [ RunTime:0.000194s ]
INFO: ShowRuntime Behavior ::run [ RunTime:0.000328s ]
INFO: [ view_filter ] --END-- [ RunTime:0.001260s ]
INFO: [ view_end ] --START--
INFO: ShowPageTrace Behavior ::run [ RunTime:0.000362s ]
INFO: [ view_end ] --END-- [ RunTime:0.000419s ]

[ 2014-12-15T19:25:11+08:00 ] 127.0.0.1 /wish/index.php/admin/msg_manage/index
INFO: [ route_check ] --START--
INFO: CheckRoute Behavior ::run [ RunTime:0.000699s ]
INFO: [ route_check ] --END-- [ RunTime:0.000869s ]
INFO: [ app_begin ] --START--
INFO: ReadHtmlCache Behavior ::run [ RunTime:0.000295s ]
INFO: [ app_begin ] --END-- [ RunTime:0.000356s ]
NOTIC: [8] Undefined index: 254a2787ab3cd1a5afeae5f6bb03b327 D:\wamp\www\wish\ThinkPHP\Extend\Library\ORG\Util\RBAC.class.php 第 176 行.
SQL: SHOW COLUMNS FROM `hd_wish` [ RunTime:0.002858s ]
SQL: SELECT COUNT(*) AS tp_count FROM `hd_wish` LIMIT 1   [ RunTime:0.000158s ]
SQL: SELECT * FROM `hd_wish` ORDER BY time DESC LIMIT 0,10   [ RunTime:0.000208s ]
INFO: [ view_parse ] --START--
INFO: ParseTemplate Behavior ::run [ RunTime:0.007451s ]
INFO: [ view_parse ] --END-- [ RunTime:0.007571s ]
INFO: [ view_filter ] --START--
INFO: ContentReplace Behavior ::run [ RunTime:0.000239s ]
INFO: TokenBuild Behavior ::run [ RunTime:0.000227s ]
INFO: WriteHtmlCache Behavior ::run [ RunTime:0.000173s ]
INFO: ShowRuntime Behavior ::run [ RunTime:0.000313s ]
INFO: [ view_filter ] --END-- [ RunTime:0.001113s ]
INFO: [ view_end ] --START--
INFO: ShowPageTrace Behavior ::run [ RunTime:0.000325s ]
INFO: [ view_end ] --END-- [ RunTime:0.000383s ]

[ 2014-12-15T19:25:12+08:00 ] 127.0.0.1 /wish/index.php/admin/rbac/index
INFO: [ route_check ] --START--
INFO: CheckRoute Behavior ::run [ RunTime:0.000404s ]
INFO: [ route_check ] --END-- [ RunTime:0.000474s ]
INFO: [ app_begin ] --START--
INFO: ReadHtmlCache Behavior ::run [ RunTime:0.000301s ]
INFO: [ app_begin ] --END-- [ RunTime:0.000364s ]
NOTIC: [8] Undefined index: 72936d70a0c84145425611570d406b3f D:\wamp\www\wish\ThinkPHP\Extend\Library\ORG\Util\RBAC.class.php 第 176 行.
INFO: [ view_parse ] --START--
INFO: ParseTemplate Behavior ::run [ RunTime:0.003868s ]
INFO: [ view_parse ] --END-- [ RunTime:0.003947s ]
INFO: [ view_filter ] --START--
INFO: ContentReplace Behavior ::run [ RunTime:0.000220s ]
INFO: TokenBuild Behavior ::run [ RunTime:0.000250s ]
INFO: WriteHtmlCache Behavior ::run [ RunTime:0.000154s ]
INFO: ShowRuntime Behavior ::run [ RunTime:0.000278s ]
INFO: [ view_filter ] --END-- [ RunTime:0.001067s ]
INFO: [ view_end ] --START--
INFO: ShowPageTrace Behavior ::run [ RunTime:0.000423s ]
INFO: [ view_end ] --END-- [ RunTime:0.000488s ]

[ 2014-12-15T19:25:13+08:00 ] 127.0.0.1 /wish/index.php/admin/rbac/role
INFO: [ route_check ] --START--
INFO: CheckRoute Behavior ::run [ RunTime:0.000712s ]
INFO: [ route_check ] --END-- [ RunTime:0.000825s ]
INFO: [ app_begin ] --START--
INFO: ReadHtmlCache Behavior ::run [ RunTime:0.000628s ]
INFO: [ app_begin ] --END-- [ RunTime:0.000729s ]
NOTIC: [8] Undefined index: 308bc99ce28c162758f41831a7af691f D:\wamp\www\wish\ThinkPHP\Extend\Library\ORG\Util\RBAC.class.php 第 176 行.
INFO: [ view_parse ] --START--
INFO: ParseTemplate Behavior ::run [ RunTime:0.004737s ]
INFO: [ view_parse ] --END-- [ RunTime:0.004842s ]
INFO: [ view_filter ] --START--
INFO: ContentReplace Behavior ::run [ RunTime:0.000341s ]
INFO: TokenBuild Behavior ::run [ RunTime:0.000349s ]
INFO: WriteHtmlCache Behavior ::run [ RunTime:0.000242s ]
INFO: ShowRuntime Behavior ::run [ RunTime:0.000771s ]
INFO: [ view_filter ] --END-- [ RunTime:0.001973s ]
INFO: [ view_end ] --START--
INFO: ShowPageTrace Behavior ::run [ RunTime:0.000568s ]
INFO: [ view_end ] --END-- [ RunTime:0.000655s ]

[ 2014-12-15T19:25:14+08:00 ] 127.0.0.1 /wish/index.php/admin/rbac/role
INFO: [ route_check ] --START--
INFO: CheckRoute Behavior ::run [ RunTime:0.000659s ]
INFO: [ route_check ] --END-- [ RunTime:0.000775s ]
INFO: [ app_begin ] --START--
INFO: ReadHtmlCache Behavior ::run [ RunTime:0.000436s ]
INFO: [ app_begin ] --END-- [ RunTime:0.000515s ]
INFO: [ view_parse ] --START--
INFO: ParseTemplate Behavior ::run [ RunTime:0.005572s ]
INFO: [ view_parse ] --END-- [ RunTime:0.005784s ]
INFO: [ view_filter ] --START--
INFO: ContentReplace Behavior ::run [ RunTime:0.000364s ]
INFO: TokenBuild Behavior ::run [ RunTime:0.000407s ]
INFO: WriteHtmlCache Behavior ::run [ RunTime:0.000168s ]
INFO: ShowRuntime Behavior ::run [ RunTime:0.000275s ]
INFO: [ view_filter ] --END-- [ RunTime:0.001526s ]
INFO: [ view_end ] --START--
INFO: ShowPageTrace Behavior ::run [ RunTime:0.000324s ]
INFO: [ view_end ] --END-- [ RunTime:0.000382s ]

[ 2014-12-15T19:25:14+08:00 ] 127.0.0.1 /wish/index.php/admin/rbac/role
INFO: [ route_check ] --START--
INFO: CheckRoute Behavior ::run [ RunTime:0.000440s ]
INFO: [ route_check ] --END-- [ RunTime:0.000510s ]
INFO: [ app_begin ] --START--
INFO: ReadHtmlCache Behavior ::run [ RunTime:0.000372s ]
INFO: [ app_begin ] --END-- [ RunTime:0.000450s ]
INFO: [ view_parse ] --START--
INFO: ParseTemplate Behavior ::run [ RunTime:0.004820s ]
INFO: [ view_parse ] --END-- [ RunTime:0.004908s ]
INFO: [ view_filter ] --START--
INFO: ContentReplace Behavior ::run [ RunTime:0.000250s ]
INFO: TokenBuild Behavior ::run [ RunTime:0.000277s ]
INFO: WriteHtmlCache Behavior ::run [ RunTime:0.000231s ]
INFO: ShowRuntime Behavior ::run [ RunTime:0.000387s ]
INFO: [ view_filter ] --END-- [ RunTime:0.001325s ]
INFO: [ view_end ] --START--
INFO: ShowPageTrace Behavior ::run [ RunTime:0.000916s ]
INFO: [ view_end ] --END-- [ RunTime:0.000985s ]

[ 2014-12-15T19:25:15+08:00 ] 127.0.0.1 /wish/index.php/admin/rbac/node
INFO: [ route_check ] --START--
INFO: CheckRoute Behavior ::run [ RunTime:0.000514s ]
INFO: [ route_check ] --END-- [ RunTime:0.000582s ]
INFO: [ app_begin ] --START--
INFO: ReadHtmlCache Behavior ::run [ RunTime:0.000306s ]
INFO: [ app_begin ] --END-- [ RunTime:0.000371s ]
NOTIC: [8] Undefined index: 694af5b5b0db2d390c585ba19238512d D:\wamp\www\wish\ThinkPHP\Extend\Library\ORG\Util\RBAC.class.php 第 176 行.
INFO: [ view_parse ] --START--
INFO: ParseTemplate Behavior ::run [ RunTime:0.004272s ]
INFO: [ view_parse ] --END-- [ RunTime:0.004366s ]
INFO: [ view_filter ] --START--
INFO: ContentReplace Behavior ::run [ RunTime:0.000252s ]
INFO: TokenBuild Behavior ::run [ RunTime:0.000308s ]
INFO: WriteHtmlCache Behavior ::run [ RunTime:0.000233s ]
INFO: ShowRuntime Behavior ::run [ RunTime:0.000385s ]
INFO: [ view_filter ] --END-- [ RunTime:0.001357s ]
INFO: [ view_end ] --START--
INFO: ShowPageTrace Behavior ::run [ RunTime:0.000446s ]
INFO: [ view_end ] --END-- [ RunTime:0.000509s ]

[ 2014-12-15T19:25:15+08:00 ] 127.0.0.1 /wish/index.php/admin/rbac/addRole
INFO: [ route_check ] --START--
INFO: CheckRoute Behavior ::run [ RunTime:0.000503s ]
INFO: [ route_check ] --END-- [ RunTime:0.000608s ]
INFO: [ app_begin ] --START--
INFO: ReadHtmlCache Behavior ::run [ RunTime:0.000333s ]
INFO: [ app_begin ] --END-- [ RunTime:0.000396s ]
NOTIC: [8] Undefined index: 8660c70a6c392a7b6448cd922428f440 D:\wamp\www\wish\ThinkPHP\Extend\Library\ORG\Util\RBAC.class.php 第 176 行.
INFO: [ view_parse ] --START--
INFO: ParseTemplate Behavior ::run [ RunTime:0.005115s ]
INFO: [ view_parse ] --END-- [ RunTime:0.005324s ]
INFO: [ view_filter ] --START--
INFO: ContentReplace Behavior ::run [ RunTime:0.000479s ]
INFO: TokenBuild Behavior ::run [ RunTime:0.000351s ]
INFO: WriteHtmlCache Behavior ::run [ RunTime:0.000270s ]
INFO: ShowRuntime Behavior ::run [ RunTime:0.000473s ]
INFO: [ view_filter ] --END-- [ RunTime:0.001863s ]
INFO: [ view_end ] --START--
INFO: ShowPageTrace Behavior ::run [ RunTime:0.000345s ]
INFO: [ view_end ] --END-- [ RunTime:0.000404s ]

[ 2014-12-15T19:25:16+08:00 ] 127.0.0.1 /wish/index.php/admin/rbac/addNode
INFO: [ route_check ] --START--
INFO: CheckRoute Behavior ::run [ RunTime:0.000564s ]
INFO: [ route_check ] --END-- [ RunTime:0.000669s ]
INFO: [ app_begin ] --START--
INFO: ReadHtmlCache Behavior ::run [ RunTime:0.000394s ]
INFO: [ app_begin ] --END-- [ RunTime:0.000496s ]
NOTIC: [8] Undefined index: caba67a9ac27320d9d0adb4de73d24fd D:\wamp\www\wish\ThinkPHP\Extend\Library\ORG\Util\RBAC.class.php 第 176 行.
INFO: [ view_parse ] --START--
INFO: ParseTemplate Behavior ::run [ RunTime:0.006207s ]
INFO: [ view_parse ] --END-- [ RunTime:0.006332s ]
INFO: [ view_filter ] --START--
INFO: ContentReplace Behavior ::run [ RunTime:0.000381s ]
INFO: TokenBuild Behavior ::run [ RunTime:0.000321s ]
INFO: WriteHtmlCache Behavior ::run [ RunTime:0.000170s ]
INFO: ShowRuntime Behavior ::run [ RunTime:0.000495s ]
INFO: [ view_filter ] --END-- [ RunTime:0.001584s ]
INFO: [ view_end ] --START--
INFO: ShowPageTrace Behavior ::run [ RunTime:0.000536s ]
INFO: [ view_end ] --END-- [ RunTime:0.000618s ]

[ 2014-12-15T19:25:19+08:00 ] 127.0.0.1 /wish/index.php/admin/rbac/addRole
INFO: [ route_check ] --START--
INFO: CheckRoute Behavior ::run [ RunTime:0.000415s ]
INFO: [ route_check ] --END-- [ RunTime:0.000486s ]
INFO: [ app_begin ] --START--
INFO: ReadHtmlCache Behavior ::run [ RunTime:0.000403s ]
INFO: [ app_begin ] --END-- [ RunTime:0.000467s ]
INFO: [ view_parse ] --START--
INFO: ParseTemplate Behavior ::run [ RunTime:0.005261s ]
INFO: [ view_parse ] --END-- [ RunTime:0.005371s ]
INFO: [ view_filter ] --START--
INFO: ContentReplace Behavior ::run [ RunTime:0.000230s ]
INFO: TokenBuild Behavior ::run [ RunTime:0.000232s ]
INFO: WriteHtmlCache Behavior ::run [ RunTime:0.000155s ]
INFO: ShowRuntime Behavior ::run [ RunTime:0.000289s ]
INFO: [ view_filter ] --END-- [ RunTime:0.001071s ]
INFO: [ view_end ] --START--
INFO: ShowPageTrace Behavior ::run [ RunTime:0.000336s ]
INFO: [ view_end ] --END-- [ RunTime:0.000396s ]

[ 2014-12-15T19:25:22+08:00 ] 127.0.0.1 /wish/index.php/admin/rbac/node
INFO: [ route_check ] --START--
INFO: CheckRoute Behavior ::run [ RunTime:0.000421s ]
INFO: [ route_check ] --END-- [ RunTime:0.000493s ]
INFO: [ app_begin ] --START--
INFO: ReadHtmlCache Behavior ::run [ RunTime:0.000318s ]
INFO: [ app_begin ] --END-- [ RunTime:0.000380s ]
INFO: [ view_parse ] --START--
INFO: ParseTemplate Behavior ::run [ RunTime:0.004509s ]
INFO: [ view_parse ] --END-- [ RunTime:0.004614s ]
INFO: [ view_filter ] --START--
INFO: ContentReplace Behavior ::run [ RunTime:0.000409s ]
INFO: TokenBuild Behavior ::run [ RunTime:0.000333s ]
INFO: WriteHtmlCache Behavior ::run [ RunTime:0.000278s ]
INFO: ShowRuntime Behavior ::run [ RunTime:0.000398s ]
INFO: [ view_filter ] --END-- [ RunTime:0.001650s ]
INFO: [ view_end ] --START--
INFO: ShowPageTrace Behavior ::run [ RunTime:0.000413s ]
INFO: [ view_end ] --END-- [ RunTime:0.000474s ]

[ 2014-12-15T19:25:25+08:00 ] 127.0.0.1 /wish/index.php/admin/rbac/role
INFO: [ route_check ] --START--
INFO: CheckRoute Behavior ::run [ RunTime:0.000531s ]
INFO: [ route_check ] --END-- [ RunTime:0.000655s ]
INFO: [ app_begin ] --START--
INFO: ReadHtmlCache Behavior ::run [ RunTime:0.000443s ]
INFO: [ app_begin ] --END-- [ RunTime:0.000517s ]
INFO: [ view_parse ] --START--
INFO: ParseTemplate Behavior ::run [ RunTime:0.004001s ]
INFO: [ view_parse ] --END-- [ RunTime:0.004078s ]
INFO: [ view_filter ] --START--
INFO: ContentReplace Behavior ::run [ RunTime:0.000229s ]
INFO: TokenBuild Behavior ::run [ RunTime:0.000299s ]
INFO: WriteHtmlCache Behavior ::run [ RunTime:0.000202s ]
INFO: ShowRuntime Behavior ::run [ RunTime:0.000438s ]
INFO: [ view_filter ] --END-- [ RunTime:0.001341s ]
INFO: [ view_end ] --START--
INFO: ShowPageTrace Behavior ::run [ RunTime:0.000336s ]
INFO: [ view_end ] --END-- [ RunTime:0.000394s ]

[ 2014-12-15T19:25:28+08:00 ] 127.0.0.1 /wish/index.php/admin/rbac/index
INFO: [ route_check ] --START--
INFO: CheckRoute Behavior ::run [ RunTime:0.000414s ]
INFO: [ route_check ] --END-- [ RunTime:0.000490s ]
INFO: [ app_begin ] --START--
INFO: ReadHtmlCache Behavior ::run [ RunTime:0.000303s ]
INFO: [ app_begin ] --END-- [ RunTime:0.000367s ]
INFO: [ view_parse ] --START--
INFO: ParseTemplate Behavior ::run [ RunTime:0.006349s ]
INFO: [ view_parse ] --END-- [ RunTime:0.006427s ]
INFO: [ view_filter ] --START--
INFO: ContentReplace Behavior ::run [ RunTime:0.000236s ]
INFO: TokenBuild Behavior ::run [ RunTime:0.000236s ]
INFO: WriteHtmlCache Behavior ::run [ RunTime:0.000148s ]
INFO: ShowRuntime Behavior ::run [ RunTime:0.000271s ]
INFO: [ view_filter ] --END-- [ RunTime:0.001065s ]
INFO: [ view_end ] --START--
INFO: ShowPageTrace Behavior ::run [ RunTime:0.000342s ]
INFO: [ view_end ] --END-- [ RunTime:0.000398s ]

[ 2014-12-15T19:25:31+08:00 ] 127.0.0.1 /wish/index.php/admin/msg_manage/index
INFO: [ route_check ] --START--
INFO: CheckRoute Behavior ::run [ RunTime:0.000400s ]
INFO: [ route_check ] --END-- [ RunTime:0.000479s ]
INFO: [ app_begin ] --START--
INFO: ReadHtmlCache Behavior ::run [ RunTime:0.000294s ]
INFO: [ app_begin ] --END-- [ RunTime:0.000355s ]
SQL: SHOW COLUMNS FROM `hd_wish` [ RunTime:0.001412s ]
SQL: SELECT COUNT(*) AS tp_count FROM `hd_wish` LIMIT 1   [ RunTime:0.000139s ]
SQL: SELECT * FROM `hd_wish` ORDER BY time DESC LIMIT 0,10   [ RunTime:0.000215s ]
INFO: [ view_parse ] --START--
INFO: ParseTemplate Behavior ::run [ RunTime:0.008433s ]
INFO: [ view_parse ] --END-- [ RunTime:0.008534s ]
INFO: [ view_filter ] --START--
INFO: ContentReplace Behavior ::run [ RunTime:0.000273s ]
INFO: TokenBuild Behavior ::run [ RunTime:0.000244s ]
INFO: WriteHtmlCache Behavior ::run [ RunTime:0.000167s ]
INFO: ShowRuntime Behavior ::run [ RunTime:0.000293s ]
INFO: [ view_filter ] --END-- [ RunTime:0.001148s ]
INFO: [ view_end ] --START--
INFO: ShowPageTrace Behavior ::run [ RunTime:0.000589s ]
INFO: [ view_end ] --END-- [ RunTime:0.000687s ]

[ 2014-12-15T19:40:39+08:00 ] 192.168.1.104 /wish/
INFO: [ app_begin ] --START--
INFO: ReadHtmlCache Behavior ::run [ RunTime:0.000690s ]
INFO: [ app_begin ] --END-- [ RunTime:0.000827s ]
NOTIC: [2048] Declaration of IndexAction::show() should be compatible with that of Action::show() D:\wamp\www\wish\App\Core\Index\Action\IndexAction.class.php 第 26 行.
INFO: [ action_begin ] --START--

[ 2014-12-15T19:40:45+08:00 ] 192.168.1.104 /wish/index.php
INFO: [ app_begin ] --START--
INFO: ReadHtmlCache Behavior ::run [ RunTime:0.000672s ]
INFO: [ app_begin ] --END-- [ RunTime:0.000844s ]
NOTIC: [2048] Declaration of IndexAction::show() should be compatible with that of Action::show() D:\wamp\www\wish\App\Core\Index\Action\IndexAction.class.php 第 26 行.
INFO: [ action_begin ] --START--

[ 2014-12-15T19:40:50+08:00 ] 192.168.1.104 /wish/index.php
INFO: [ app_begin ] --START--
INFO: ReadHtmlCache Behavior ::run [ RunTime:0.000537s ]
INFO: [ app_begin ] --END-- [ RunTime:0.000628s ]
NOTIC: [2048] Declaration of IndexAction::show() should be compatible with that of Action::show() D:\wamp\www\wish\App\Core\Index\Action\IndexAction.class.php 第 26 行.
INFO: [ action_begin ] --START--

[ 2014-12-15T19:40:55+08:00 ] 127.0.0.1 /wish/
INFO: [ app_begin ] --START--
INFO: ReadHtmlCache Behavior ::run [ RunTime:0.000626s ]
INFO: [ app_begin ] --END-- [ RunTime:0.000733s ]
NOTIC: [2048] Declaration of IndexAction::show() should be compatible with that of Action::show() D:\wamp\www\wish\App\Core\Index\Action\IndexAction.class.php 第 26 行.
INFO: [ action_begin ] --START--

[ 2014-12-15T19:41:00+08:00 ] 127.0.0.1 /wish/index.php
INFO: [ app_begin ] --START--
INFO: ReadHtmlCache Behavior ::run [ RunTime:0.001201s ]
INFO: [ app_begin ] --END-- [ RunTime:0.001519s ]
NOTIC: [2048] Declaration of IndexAction::show() should be compatible with that of Action::show() D:\wamp\www\wish\App\Core\Index\Action\IndexAction.class.php 第 26 行.
INFO: [ action_begin ] --START--

[ 2014-12-15T19:41:06+08:00 ] 127.0.0.1 /wish/index.php
INFO: [ app_begin ] --START--
INFO: ReadHtmlCache Behavior ::run [ RunTime:0.000703s ]
INFO: [ app_begin ] --END-- [ RunTime:0.000828s ]
NOTIC: [2048] Declaration of IndexAction::show() should be compatible with that of Action::show() D:\wamp\www\wish\App\Core\Index\Action\IndexAction.class.php 第 26 行.
INFO: [ action_begin ] --START--

[ 2014-12-15T19:41:11+08:00 ] 127.0.0.1 /wish/index.php
INFO: [ app_begin ] --START--
INFO: ReadHtmlCache Behavior ::run [ RunTime:0.000535s ]
INFO: [ app_begin ] --END-- [ RunTime:0.000642s ]
NOTIC: [2048] Declaration of IndexAction::show() should be compatible with that of Action::show() D:\wamp\www\wish\App\Core\Index\Action\IndexAction.class.php 第 26 行.
INFO: [ action_begin ] --START--

[ 2014-12-15T20:05:38+08:00 ] 192.168.1.174 /wish/index.php/admin/msg_manage/index
INFO: [ route_check ] --START--
INFO: CheckRoute Behavior ::run [ RunTime:0.000637s ]
INFO: [ route_check ] --END-- [ RunTime:0.000723s ]
INFO: [ app_begin ] --START--
INFO: ReadHtmlCache Behavior ::run [ RunTime:0.000381s ]
INFO: [ app_begin ] --END-- [ RunTime:0.000577s ]
INFO: [ action_begin ] --START--

[ 2014-12-15T20:05:43+08:00 ] 192.168.1.174 /wish/index.php/admin/index/index
INFO: [ route_check ] --START--
INFO: CheckRoute Behavior ::run [ RunTime:0.000634s ]
INFO: [ route_check ] --END-- [ RunTime:0.000774s ]
INFO: [ app_begin ] --START--
INFO: ReadHtmlCache Behavior ::run [ RunTime:0.000490s ]
INFO: [ app_begin ] --END-- [ RunTime:0.000597s ]
INFO: [ action_begin ] --START--

[ 2014-12-15T20:05:45+08:00 ] 192.168.1.174 /wish/index.php/admin/rbac/node
INFO: [ route_check ] --START--
INFO: CheckRoute Behavior ::run [ RunTime:0.000502s ]
INFO: [ route_check ] --END-- [ RunTime:0.000632s ]
INFO: [ app_begin ] --START--
INFO: ReadHtmlCache Behavior ::run [ RunTime:0.000545s ]
INFO: [ app_begin ] --END-- [ RunTime:0.000666s ]
INFO: [ action_begin ] --START--

[ 2014-12-15T20:05:47+08:00 ] 192.168.1.174 /wish/index.php/admin/rbac/role
INFO: [ route_check ] --START--
INFO: CheckRoute Behavior ::run [ RunTime:0.000759s ]
INFO: [ route_check ] --END-- [ RunTime:0.000869s ]
INFO: [ app_begin ] --START--
INFO: ReadHtmlCache Behavior ::run [ RunTime:0.000514s ]
INFO: [ app_begin ] --END-- [ RunTime:0.000627s ]
INFO: [ action_begin ] --START--

[ 2014-12-15T20:05:48+08:00 ] 192.168.1.174 /wish/index.php/admin/rbac/role
INFO: [ route_check ] --START--
INFO: CheckRoute Behavior ::run [ RunTime:0.000404s ]
INFO: [ route_check ] --END-- [ RunTime:0.000479s ]
INFO: [ app_begin ] --START--
INFO: ReadHtmlCache Behavior ::run [ RunTime:0.000332s ]
INFO: [ app_begin ] --END-- [ RunTime:0.000395s ]
INFO: [ action_begin ] --START--

[ 2014-12-15T20:05:49+08:00 ] 192.168.1.174 /wish/index.php/admin/rbac/addUser
INFO: [ route_check ] --START--
INFO: CheckRoute Behavior ::run [ RunTime:0.000678s ]
INFO: [ route_check ] --END-- [ RunTime:0.000844s ]
INFO: [ app_begin ] --START--
INFO: ReadHtmlCache Behavior ::run [ RunTime:0.000430s ]
INFO: [ app_begin ] --END-- [ RunTime:0.000554s ]
INFO: [ action_begin ] --START--

[ 2014-12-15T20:05:51+08:00 ] 192.168.1.174 /wish/index.php/admin/rbac/role
INFO: [ route_check ] --START--
INFO: CheckRoute Behavior ::run [ RunTime:0.000405s ]
INFO: [ route_check ] --END-- [ RunTime:0.000478s ]
INFO: [ app_begin ] --START--
INFO: ReadHtmlCache Behavior ::run [ RunTime:0.000333s ]
INFO: [ app_begin ] --END-- [ RunTime:0.000403s ]
INFO: [ action_begin ] --START--

[ 2014-12-15T20:05:52+08:00 ] 192.168.1.174 /wish/index.php/admin/rbac/node
INFO: [ route_check ] --START--
INFO: CheckRoute Behavior ::run [ RunTime:0.000427s ]
INFO: [ route_check ] --END-- [ RunTime:0.000500s ]
INFO: [ app_begin ] --START--
INFO: ReadHtmlCache Behavior ::run [ RunTime:0.000328s ]
INFO: [ app_begin ] --END-- [ RunTime:0.000394s ]
INFO: [ action_begin ] --START--

[ 2014-12-15T20:05:53+08:00 ] 192.168.1.174 /wish/index.php/admin/index/index
INFO: [ route_check ] --START--
INFO: CheckRoute Behavior ::run [ RunTime:0.000479s ]
INFO: [ route_check ] --END-- [ RunTime:0.000555s ]
INFO: [ app_begin ] --START--
INFO: ReadHtmlCache Behavior ::run [ RunTime:0.000366s ]
INFO: [ app_begin ] --END-- [ RunTime:0.000444s ]
INFO: [ action_begin ] --START--

[ 2014-12-15T20:05:53+08:00 ] 192.168.1.174 /wish/index.php/admin/msg_manage/index
INFO: [ route_check ] --START--
INFO: CheckRoute Behavior ::run [ RunTime:0.000418s ]
INFO: [ route_check ] --END-- [ RunTime:0.000493s ]
INFO: [ app_begin ] --START--
INFO: ReadHtmlCache Behavior ::run [ RunTime:0.000319s ]
INFO: [ app_begin ] --END-- [ RunTime:0.000384s ]
INFO: [ action_begin ] --START--

[ 2014-12-15T20:23:05+08:00 ] 127.0.0.1 /wish/index.php/admin/login/index
INFO: [ route_check ] --START--
INFO: CheckRoute Behavior ::run [ RunTime:0.000587s ]
INFO: [ route_check ] --END-- [ RunTime:0.000663s ]
INFO: [ app_begin ] --START--
INFO: ReadHtmlCache Behavior ::run [ RunTime:0.000395s ]
INFO: [ app_begin ] --END-- [ RunTime:0.000479s ]
INFO: [ action_begin ] --START--

