[ 2014-12-18T16:26:11+08:00 ] 127.0.0.1 /wish/index.php/Admin/Login/index.html
INFO: [ route_check ] --START--
INFO: CheckRoute Behavior ::run [ RunTime:0.012273s ]
INFO: [ route_check ] --END-- [ RunTime:0.029854s ]
INFO: [ app_begin ] --START--
INFO: ReadHtmlCache Behavior ::run [ RunTime:0.000631s ]
INFO: [ app_begin ] --END-- [ RunTime:0.000724s ]
INFO: [ action_begin ] --START--
INFO: SwitchMobileTpl Behavior ::run [ RunTime:0.033369s ]
INFO: [ action_begin ] --END-- [ RunTime:0.033490s ]
INFO: [ view_parse ] --START--
NOTIC: [2] file_get_contents(./App/Core/Admin/Tpl/layout.html) [<a href='function.file-get-contents'>function.file-get-contents</a>]: failed to open stream: No such file or directory D:\wamp\www\wish\ThinkPHP\Lib\Template\ThinkTemplate.class.php 第 112 行.
INFO: ParseTemplate Behavior ::run [ RunTime:0.030103s ]
INFO: [ view_parse ] --END-- [ RunTime:0.030195s ]
INFO: [ view_filter ] --START--
INFO: ContentReplace Behavior ::run [ RunTime:0.000486s ]
INFO: TokenBuild Behavior ::run [ RunTime:0.000452s ]
INFO: WriteHtmlCache Behavior ::run [ RunTime:0.000340s ]
INFO: ShowRuntime Behavior ::run [ RunTime:0.000474s ]
INFO: [ view_filter ] --END-- [ RunTime:0.001939s ]
INFO: [ view_end ] --START--
INFO: ShowPageTrace Behavior ::run [ RunTime:0.000610s ]
INFO: [ view_end ] --END-- [ RunTime:0.000699s ]

