[ 2014-10-22T10:04:13+08:00 ] 127.0.0.1 /wish/
INFO: [ app_begin ] --START--
INFO: ReadHtmlCache Behavior ::run [ RunTime:0.010838s ]
INFO: [ app_begin ] --END-- [ RunTime:0.023502s ]
NOTIC: [2048] Declaration of IndexAction::show() should be compatible with that of Action::show() D:\wamp\www\wish\App\Lib\Action\Index\IndexAction.class.php 第 21 行.
SQL: SHOW COLUMNS FROM `hd_wish` [ RunTime:0.018485s ]
SQL: SELECT * FROM `hd_wish`  [ RunTime:0.000206s ]
ERR: 模板不存在[./App/Tpl/Index/Index_index.html]

[ 2014-10-22T10:04:18+08:00 ] 127.0.0.1 /wish/index.php
INFO: [ app_begin ] --START--
INFO: ReadHtmlCache Behavior ::run [ RunTime:0.000502s ]
INFO: [ app_begin ] --END-- [ RunTime:0.000579s ]
NOTIC: [2048] Declaration of IndexAction::show() should be compatible with that of Action::show() D:\wamp\www\wish\App\Lib\Action\Index\IndexAction.class.php 第 21 行.
SQL: SHOW COLUMNS FROM `hd_wish` [ RunTime:0.001536s ]
SQL: SELECT * FROM `hd_wish`  [ RunTime:0.000201s ]
ERR: 模板不存在[./App/Tpl/Index/Index_index.html]

[ 2014-10-22T10:04:23+08:00 ] 127.0.0.1 /wish/index.php
INFO: [ app_begin ] --START--
INFO: ReadHtmlCache Behavior ::run [ RunTime:0.001140s ]
INFO: [ app_begin ] --END-- [ RunTime:0.001441s ]
NOTIC: [2048] Declaration of IndexAction::show() should be compatible with that of Action::show() D:\wamp\www\wish\App\Lib\Action\Index\IndexAction.class.php 第 21 行.
SQL: SHOW COLUMNS FROM `hd_wish` [ RunTime:0.002705s ]
SQL: SELECT * FROM `hd_wish`  [ RunTime:0.000300s ]
ERR: 模板不存在[./App/Tpl/Index/Index_index.html]

[ 2014-10-22T10:04:28+08:00 ] 127.0.0.1 /wish/index.php
INFO: [ app_begin ] --START--
INFO: ReadHtmlCache Behavior ::run [ RunTime:0.000406s ]
INFO: [ app_begin ] --END-- [ RunTime:0.000484s ]
NOTIC: [2048] Declaration of IndexAction::show() should be compatible with that of Action::show() D:\wamp\www\wish\App\Lib\Action\Index\IndexAction.class.php 第 21 行.
SQL: SHOW COLUMNS FROM `hd_wish` [ RunTime:0.002448s ]
SQL: SELECT * FROM `hd_wish`  [ RunTime:0.000554s ]
ERR: 模板不存在[./App/Tpl/Index/Index_index.html]

[ 2014-10-22T10:04:34+08:00 ] 127.0.0.1 /wish/index.php
INFO: [ app_begin ] --START--
INFO: ReadHtmlCache Behavior ::run [ RunTime:0.000661s ]
INFO: [ app_begin ] --END-- [ RunTime:0.000818s ]
NOTIC: [2048] Declaration of IndexAction::show() should be compatible with that of Action::show() D:\wamp\www\wish\App\Lib\Action\Index\IndexAction.class.php 第 21 行.
SQL: SHOW COLUMNS FROM `hd_wish` [ RunTime:0.003009s ]
SQL: SELECT * FROM `hd_wish`  [ RunTime:0.000285s ]
ERR: 模板不存在[./App/Tpl/Index/Index_index.html]

[ 2014-10-22T10:04:39+08:00 ] 127.0.0.1 /wish/index.php
INFO: [ app_begin ] --START--
INFO: ReadHtmlCache Behavior ::run [ RunTime:0.000549s ]
INFO: [ app_begin ] --END-- [ RunTime:0.000677s ]
NOTIC: [2048] Declaration of IndexAction::show() should be compatible with that of Action::show() D:\wamp\www\wish\App\Lib\Action\Index\IndexAction.class.php 第 21 行.
SQL: SHOW COLUMNS FROM `hd_wish` [ RunTime:0.002385s ]
SQL: SELECT * FROM `hd_wish`  [ RunTime:0.000284s ]
ERR: 模板不存在[./App/Tpl/Index/Index_index.html]

[ 2014-10-22T10:04:44+08:00 ] 127.0.0.1 /wish/index.php
INFO: [ app_begin ] --START--
INFO: ReadHtmlCache Behavior ::run [ RunTime:0.000610s ]
INFO: [ app_begin ] --END-- [ RunTime:0.000745s ]
NOTIC: [2048] Declaration of IndexAction::show() should be compatible with that of Action::show() D:\wamp\www\wish\App\Lib\Action\Index\IndexAction.class.php 第 21 行.
SQL: SHOW COLUMNS FROM `hd_wish` [ RunTime:0.002982s ]
SQL: SELECT * FROM `hd_wish`  [ RunTime:0.000482s ]
INFO: [ view_parse ] --START--
INFO: ParseTemplate Behavior ::run [ RunTime:0.028025s ]
INFO: [ view_parse ] --END-- [ RunTime:0.028209s ]
INFO: [ view_filter ] --START--
INFO: ContentReplace Behavior ::run [ RunTime:0.006756s ]
INFO: TokenBuild Behavior ::run [ RunTime:0.005470s ]
INFO: WriteHtmlCache Behavior ::run [ RunTime:0.000431s ]
INFO: ShowRuntime Behavior ::run [ RunTime:0.007930s ]
INFO: [ view_filter ] --END-- [ RunTime:0.020784s ]
INFO: [ view_end ] --START--
INFO: ShowPageTrace Behavior ::run [ RunTime:0.000601s ]
INFO: [ view_end ] --END-- [ RunTime:0.000669s ]

[ 2014-10-22T10:10:09+08:00 ] 127.0.0.1 /wish/index.php
INFO: [ app_begin ] --START--
INFO: ReadHtmlCache Behavior ::run [ RunTime:0.000480s ]
INFO: [ app_begin ] --END-- [ RunTime:0.000571s ]
NOTIC: [2048] Declaration of IndexAction::show() should be compatible with that of Action::show() D:\wamp\www\wish\App\Lib\Action\Index\IndexAction.class.php 第 21 行.
SQL: SHOW COLUMNS FROM `hd_wish` [ RunTime:0.001572s ]
SQL: SELECT * FROM `hd_wish`  [ RunTime:0.000222s ]
INFO: [ view_parse ] --START--
INFO: ParseTemplate Behavior ::run [ RunTime:0.006458s ]
INFO: [ view_parse ] --END-- [ RunTime:0.006540s ]
INFO: [ view_filter ] --START--
INFO: ContentReplace Behavior ::run [ RunTime:0.000338s ]
INFO: TokenBuild Behavior ::run [ RunTime:0.000329s ]
INFO: WriteHtmlCache Behavior ::run [ RunTime:0.000238s ]
INFO: ShowRuntime Behavior ::run [ RunTime:0.000388s ]
INFO: [ view_filter ] --END-- [ RunTime:0.001484s ]
INFO: [ view_end ] --START--
INFO: ShowPageTrace Behavior ::run [ RunTime:0.000433s ]
INFO: [ view_end ] --END-- [ RunTime:0.000501s ]

[ 2014-10-22T10:10:30+08:00 ] 127.0.0.1 /wish/index.php
INFO: [ app_begin ] --START--
INFO: ReadHtmlCache Behavior ::run [ RunTime:0.000396s ]
INFO: [ app_begin ] --END-- [ RunTime:0.000468s ]
NOTIC: [2048] Declaration of IndexAction::show() should be compatible with that of Action::show() D:\wamp\www\wish\App\Lib\Action\Index\IndexAction.class.php 第 21 行.
SQL: SHOW COLUMNS FROM `hd_wish` [ RunTime:0.001512s ]
SQL: SELECT * FROM `hd_wish`  [ RunTime:0.000176s ]
INFO: [ view_parse ] --START--
INFO: ParseTemplate Behavior ::run [ RunTime:0.005574s ]
INFO: [ view_parse ] --END-- [ RunTime:0.005643s ]
INFO: [ view_filter ] --START--
INFO: ContentReplace Behavior ::run [ RunTime:0.000332s ]
INFO: TokenBuild Behavior ::run [ RunTime:0.000286s ]
INFO: WriteHtmlCache Behavior ::run [ RunTime:0.000205s ]
INFO: ShowRuntime Behavior ::run [ RunTime:0.000332s ]
INFO: [ view_filter ] --END-- [ RunTime:0.001331s ]
INFO: [ view_end ] --START--
INFO: ShowPageTrace Behavior ::run [ RunTime:0.000376s ]
INFO: [ view_end ] --END-- [ RunTime:0.000435s ]

[ 2014-10-22T10:11:05+08:00 ] 127.0.0.1 /wish/index.php
INFO: [ app_begin ] --START--
INFO: ReadHtmlCache Behavior ::run [ RunTime:0.000665s ]
INFO: [ app_begin ] --END-- [ RunTime:0.000816s ]
NOTIC: [2048] Declaration of IndexAction::show() should be compatible with that of Action::show() D:\wamp\www\wish\App\Lib\Action\Index\IndexAction.class.php 第 21 行.
SQL: SHOW COLUMNS FROM `hd_wish` [ RunTime:0.001628s ]
SQL: SELECT * FROM `hd_wish`  [ RunTime:0.000216s ]
INFO: [ view_parse ] --START--
INFO: ParseTemplate Behavior ::run [ RunTime:0.005826s ]
INFO: [ view_parse ] --END-- [ RunTime:0.005908s ]
INFO: [ view_filter ] --START--
INFO: ContentReplace Behavior ::run [ RunTime:0.000277s ]
INFO: TokenBuild Behavior ::run [ RunTime:0.000274s ]
INFO: WriteHtmlCache Behavior ::run [ RunTime:0.000180s ]
INFO: ShowRuntime Behavior ::run [ RunTime:0.000336s ]
INFO: [ view_filter ] --END-- [ RunTime:0.001255s ]
INFO: [ view_end ] --START--
INFO: ShowPageTrace Behavior ::run [ RunTime:0.000377s ]
INFO: [ view_end ] --END-- [ RunTime:0.000445s ]

[ 2014-10-22T10:11:17+08:00 ] 127.0.0.1 /wish/index.php/Index/handle.html
INFO: [ route_check ] --START--
INFO: CheckRoute Behavior ::run [ RunTime:0.001491s ]
INFO: [ route_check ] --END-- [ RunTime:0.001706s ]
INFO: [ app_begin ] --START--
INFO: ReadHtmlCache Behavior ::run [ RunTime:0.001012s ]
INFO: [ app_begin ] --END-- [ RunTime:0.001194s ]
ERR: 无法加载模块:handle

[ 2014-10-22T10:12:09+08:00 ] 127.0.0.1 /wish/index.php
INFO: [ app_begin ] --START--
INFO: ReadHtmlCache Behavior ::run [ RunTime:0.000337s ]
INFO: [ app_begin ] --END-- [ RunTime:0.000423s ]
NOTIC: [2048] Declaration of IndexAction::show() should be compatible with that of Action::show() D:\wamp\www\wish\App\Lib\Action\Index\IndexAction.class.php 第 21 行.
SQL: SHOW COLUMNS FROM `hd_wish` [ RunTime:0.001641s ]
SQL: SELECT * FROM `hd_wish`  [ RunTime:0.000171s ]
INFO: [ view_parse ] --START--
INFO: ParseTemplate Behavior ::run [ RunTime:0.005365s ]
INFO: [ view_parse ] --END-- [ RunTime:0.005431s ]
INFO: [ view_filter ] --START--
INFO: ContentReplace Behavior ::run [ RunTime:0.000405s ]
INFO: TokenBuild Behavior ::run [ RunTime:0.000359s ]
INFO: WriteHtmlCache Behavior ::run [ RunTime:0.000234s ]
INFO: ShowRuntime Behavior ::run [ RunTime:0.000403s ]
INFO: [ view_filter ] --END-- [ RunTime:0.001688s ]
INFO: [ view_end ] --START--
INFO: ShowPageTrace Behavior ::run [ RunTime:0.000347s ]
INFO: [ view_end ] --END-- [ RunTime:0.000405s ]

[ 2014-10-22T10:16:58+08:00 ] 127.0.0.1 /wish/index.php
INFO: [ app_begin ] --START--
INFO: ReadHtmlCache Behavior ::run [ RunTime:0.000472s ]
INFO: [ app_begin ] --END-- [ RunTime:0.000581s ]
NOTIC: [2048] Declaration of IndexAction::show() should be compatible with that of Action::show() D:\wamp\www\wish\App\Lib\Action\Index\IndexAction.class.php 第 21 行.
SQL: SHOW COLUMNS FROM `hd_wish` [ RunTime:0.001728s ]
SQL: SELECT * FROM `hd_wish`  [ RunTime:0.000212s ]
INFO: [ view_parse ] --START--
INFO: ParseTemplate Behavior ::run [ RunTime:0.005471s ]
INFO: [ view_parse ] --END-- [ RunTime:0.005538s ]
INFO: [ view_filter ] --START--
INFO: ContentReplace Behavior ::run [ RunTime:0.000319s ]
INFO: TokenBuild Behavior ::run [ RunTime:0.000280s ]
INFO: WriteHtmlCache Behavior ::run [ RunTime:0.000223s ]
INFO: ShowRuntime Behavior ::run [ RunTime:0.000330s ]
INFO: [ view_filter ] --END-- [ RunTime:0.001319s ]
INFO: [ view_end ] --START--
INFO: ShowPageTrace Behavior ::run [ RunTime:0.000389s ]
INFO: [ view_end ] --END-- [ RunTime:0.000446s ]

[ 2014-10-22T11:55:56+08:00 ] 127.0.0.1 /wish/index.php
INFO: [ app_begin ] --START--
INFO: ReadHtmlCache Behavior ::run [ RunTime:0.000449s ]
INFO: [ app_begin ] --END-- [ RunTime:0.000553s ]
NOTIC: [2048] Declaration of IndexAction::show() should be compatible with that of Action::show() D:\wamp\www\wish\App\Lib\Action\Index\IndexAction.class.php 第 21 行.
SQL: SHOW COLUMNS FROM `hd_wish` [ RunTime:0.001701s ]
SQL: SELECT * FROM `hd_wish`  [ RunTime:0.000174s ]
INFO: [ view_parse ] --START--
INFO: ParseTemplate Behavior ::run [ RunTime:0.005353s ]
INFO: [ view_parse ] --END-- [ RunTime:0.005420s ]
INFO: [ view_filter ] --START--
INFO: ContentReplace Behavior ::run [ RunTime:0.000344s ]
INFO: TokenBuild Behavior ::run [ RunTime:0.000270s ]
INFO: WriteHtmlCache Behavior ::run [ RunTime:0.000195s ]
INFO: ShowRuntime Behavior ::run [ RunTime:0.000381s ]
INFO: [ view_filter ] --END-- [ RunTime:0.001347s ]
INFO: [ view_end ] --START--
INFO: ShowPageTrace Behavior ::run [ RunTime:0.000367s ]
INFO: [ view_end ] --END-- [ RunTime:0.000424s ]

[ 2014-10-22T12:01:01+08:00 ] 127.0.0.1 /wish/index.php
INFO: [ app_begin ] --START--
INFO: ReadHtmlCache Behavior ::run [ RunTime:0.000512s ]
INFO: [ app_begin ] --END-- [ RunTime:0.000595s ]
NOTIC: [2048] Declaration of IndexAction::show() should be compatible with that of Action::show() D:\wamp\www\wish\App\Lib\Action\Index\IndexAction.class.php 第 21 行.
SQL: SHOW COLUMNS FROM `hd_wish` [ RunTime:0.001802s ]
SQL: SELECT * FROM `hd_wish`  [ RunTime:0.000197s ]
INFO: [ view_parse ] --START--
INFO: ParseTemplate Behavior ::run [ RunTime:0.006874s ]
INFO: [ view_parse ] --END-- [ RunTime:0.006958s ]
INFO: [ view_filter ] --START--
INFO: ContentReplace Behavior ::run [ RunTime:0.000384s ]
INFO: TokenBuild Behavior ::run [ RunTime:0.000321s ]
INFO: WriteHtmlCache Behavior ::run [ RunTime:0.000311s ]
INFO: ShowRuntime Behavior ::run [ RunTime:0.000333s ]
INFO: [ view_filter ] --END-- [ RunTime:0.001517s ]
INFO: [ view_end ] --START--
INFO: ShowPageTrace Behavior ::run [ RunTime:0.000448s ]
INFO: [ view_end ] --END-- [ RunTime:0.000508s ]

[ 2014-10-22T12:02:00+08:00 ] 127.0.0.1 /wish/index.php/Index/index/show
INFO: [ route_check ] --START--
INFO: CheckRoute Behavior ::run [ RunTime:0.000783s ]
INFO: [ route_check ] --END-- [ RunTime:0.000865s ]
INFO: [ app_begin ] --START--
INFO: ReadHtmlCache Behavior ::run [ RunTime:0.000664s ]
INFO: [ app_begin ] --END-- [ RunTime:0.000735s ]
ERR: 无法加载模块:index

[ 2014-10-22T12:02:05+08:00 ] 127.0.0.1 /wish/index.php
INFO: [ app_begin ] --START--
INFO: ReadHtmlCache Behavior ::run [ RunTime:0.000898s ]
INFO: [ app_begin ] --END-- [ RunTime:0.001035s ]
NOTIC: [2048] Declaration of IndexAction::show() should be compatible with that of Action::show() D:\wamp\www\wish\App\Lib\Action\Index\IndexAction.class.php 第 21 行.
SQL: SHOW COLUMNS FROM `hd_wish` [ RunTime:0.002633s ]
SQL: SELECT * FROM `hd_wish`  [ RunTime:0.000279s ]
INFO: [ view_parse ] --START--
INFO: ParseTemplate Behavior ::run [ RunTime:0.008027s ]
INFO: [ view_parse ] --END-- [ RunTime:0.008125s ]
INFO: [ view_filter ] --START--
INFO: ContentReplace Behavior ::run [ RunTime:0.000826s ]
INFO: TokenBuild Behavior ::run [ RunTime:0.000879s ]
INFO: WriteHtmlCache Behavior ::run [ RunTime:0.000592s ]
INFO: ShowRuntime Behavior ::run [ RunTime:0.000711s ]
INFO: [ view_filter ] --END-- [ RunTime:0.003239s ]
INFO: [ view_end ] --START--
INFO: ShowPageTrace Behavior ::run [ RunTime:0.000695s ]
INFO: [ view_end ] --END-- [ RunTime:0.000756s ]

[ 2014-10-22T12:04:46+08:00 ] 127.0.0.1 /wish/index.php
INFO: [ app_begin ] --START--
INFO: ReadHtmlCache Behavior ::run [ RunTime:0.000518s ]
INFO: [ app_begin ] --END-- [ RunTime:0.000645s ]
NOTIC: [2048] Declaration of IndexAction::show() should be compatible with that of Action::show() D:\wamp\www\wish\App\Lib\Action\Index\IndexAction.class.php 第 21 行.
SQL: SHOW COLUMNS FROM `hd_wish` [ RunTime:0.002377s ]
SQL: SELECT * FROM `hd_wish`  [ RunTime:0.000195s ]
INFO: [ view_parse ] --START--
INFO: ParseTemplate Behavior ::run [ RunTime:0.006252s ]
INFO: [ view_parse ] --END-- [ RunTime:0.006326s ]
INFO: [ view_filter ] --START--
INFO: ContentReplace Behavior ::run [ RunTime:0.000338s ]
INFO: TokenBuild Behavior ::run [ RunTime:0.000357s ]
INFO: WriteHtmlCache Behavior ::run [ RunTime:0.000270s ]
INFO: ShowRuntime Behavior ::run [ RunTime:0.000452s ]
INFO: [ view_filter ] --END-- [ RunTime:0.001595s ]
INFO: [ view_end ] --START--
INFO: ShowPageTrace Behavior ::run [ RunTime:0.000505s ]
INFO: [ view_end ] --END-- [ RunTime:0.000610s ]

[ 2014-10-22T12:05:27+08:00 ] 127.0.0.1 /wish/index.php
INFO: [ app_begin ] --START--
INFO: ReadHtmlCache Behavior ::run [ RunTime:0.000526s ]
INFO: [ app_begin ] --END-- [ RunTime:0.000654s ]
NOTIC: [2048] Declaration of IndexAction::show() should be compatible with that of Action::show() D:\wamp\www\wish\App\Lib\Action\Index\IndexAction.class.php 第 21 行.
SQL: SHOW COLUMNS FROM `hd_wish` [ RunTime:0.001479s ]
SQL: SELECT * FROM `hd_wish`  [ RunTime:0.000148s ]
INFO: [ view_parse ] --START--
INFO: ParseTemplate Behavior ::run [ RunTime:0.006733s ]
INFO: [ view_parse ] --END-- [ RunTime:0.006805s ]
INFO: [ view_filter ] --START--
INFO: ContentReplace Behavior ::run [ RunTime:0.000315s ]
INFO: TokenBuild Behavior ::run [ RunTime:0.000313s ]
INFO: WriteHtmlCache Behavior ::run [ RunTime:0.000241s ]
INFO: ShowRuntime Behavior ::run [ RunTime:0.000364s ]
INFO: [ view_filter ] --END-- [ RunTime:0.001428s ]
INFO: [ view_end ] --START--
INFO: ShowPageTrace Behavior ::run [ RunTime:0.000428s ]
INFO: [ view_end ] --END-- [ RunTime:0.000487s ]

[ 2014-10-22T12:06:05+08:00 ] 127.0.0.1 /wish/index.php
INFO: [ app_begin ] --START--
INFO: ReadHtmlCache Behavior ::run [ RunTime:0.000606s ]
INFO: [ app_begin ] --END-- [ RunTime:0.000717s ]
NOTIC: [2048] Declaration of IndexAction::show() should be compatible with that of Action::show() D:\wamp\www\wish\App\Lib\Action\Index\IndexAction.class.php 第 21 行.
SQL: SHOW COLUMNS FROM `hd_wish` [ RunTime:0.001755s ]
SQL: SELECT * FROM `hd_wish`  [ RunTime:0.000190s ]
INFO: [ view_parse ] --START--
INFO: ParseTemplate Behavior ::run [ RunTime:0.008108s ]
INFO: [ view_parse ] --END-- [ RunTime:0.008211s ]
INFO: [ view_filter ] --START--
INFO: ContentReplace Behavior ::run [ RunTime:0.000385s ]
INFO: TokenBuild Behavior ::run [ RunTime:0.000342s ]
INFO: WriteHtmlCache Behavior ::run [ RunTime:0.000258s ]
INFO: ShowRuntime Behavior ::run [ RunTime:0.000418s ]
INFO: [ view_filter ] --END-- [ RunTime:0.001611s ]
INFO: [ view_end ] --START--
INFO: ShowPageTrace Behavior ::run [ RunTime:0.000494s ]
INFO: [ view_end ] --END-- [ RunTime:0.000556s ]

[ 2014-10-22T12:07:24+08:00 ] 127.0.0.1 /wish/index.php
INFO: [ app_begin ] --START--
INFO: ReadHtmlCache Behavior ::run [ RunTime:0.000748s ]
INFO: [ app_begin ] --END-- [ RunTime:0.000880s ]
NOTIC: [2048] Declaration of IndexAction::show() should be compatible with that of Action::show() D:\wamp\www\wish\App\Lib\Action\Index\IndexAction.class.php 第 21 行.
SQL: SHOW COLUMNS FROM `hd_wish` [ RunTime:0.001948s ]
SQL: SELECT * FROM `hd_wish`  [ RunTime:0.000171s ]
INFO: [ view_parse ] --START--
INFO: ParseTemplate Behavior ::run [ RunTime:0.006559s ]
INFO: [ view_parse ] --END-- [ RunTime:0.006635s ]
INFO: [ view_filter ] --START--
INFO: ContentReplace Behavior ::run [ RunTime:0.000368s ]
INFO: TokenBuild Behavior ::run [ RunTime:0.000350s ]
INFO: WriteHtmlCache Behavior ::run [ RunTime:0.000249s ]
INFO: ShowRuntime Behavior ::run [ RunTime:0.000380s ]
INFO: [ view_filter ] --END-- [ RunTime:0.001533s ]
INFO: [ view_end ] --START--
INFO: ShowPageTrace Behavior ::run [ RunTime:0.000454s ]
INFO: [ view_end ] --END-- [ RunTime:0.000525s ]

[ 2014-10-22T12:15:10+08:00 ] 127.0.0.1 /wish/index.php
INFO: [ app_begin ] --START--
INFO: ReadHtmlCache Behavior ::run [ RunTime:0.000611s ]
INFO: [ app_begin ] --END-- [ RunTime:0.000729s ]
NOTIC: [2048] Declaration of IndexAction::show() should be compatible with that of Action::show() D:\wamp\www\wish\App\Lib\Action\Index\IndexAction.class.php 第 21 行.
SQL: SHOW COLUMNS FROM `hd_wish` [ RunTime:0.001654s ]
SQL: SELECT * FROM `hd_wish`  [ RunTime:0.000159s ]
INFO: [ view_parse ] --START--
INFO: ParseTemplate Behavior ::run [ RunTime:0.006721s ]
INFO: [ view_parse ] --END-- [ RunTime:0.006805s ]
INFO: [ view_filter ] --START--
INFO: ContentReplace Behavior ::run [ RunTime:0.000349s ]
INFO: TokenBuild Behavior ::run [ RunTime:0.000329s ]
INFO: WriteHtmlCache Behavior ::run [ RunTime:0.000244s ]
INFO: ShowRuntime Behavior ::run [ RunTime:0.000340s ]
INFO: [ view_filter ] --END-- [ RunTime:0.001447s ]
INFO: [ view_end ] --START--
INFO: ShowPageTrace Behavior ::run [ RunTime:0.000419s ]
INFO: [ view_end ] --END-- [ RunTime:0.000480s ]

[ 2014-10-22T13:10:57+08:00 ] 127.0.0.1 /wish/index.php
INFO: [ app_begin ] --START--
INFO: ReadHtmlCache Behavior ::run [ RunTime:0.000434s ]
INFO: [ app_begin ] --END-- [ RunTime:0.000529s ]
NOTIC: [2048] Declaration of IndexAction::show() should be compatible with that of Action::show() D:\wamp\www\wish\App\Lib\Action\Index\IndexAction.class.php 第 21 行.
SQL: SHOW COLUMNS FROM `hd_wish` [ RunTime:0.019104s ]
SQL: SELECT * FROM `hd_wish`  [ RunTime:0.000180s ]
INFO: [ view_parse ] --START--
INFO: ParseTemplate Behavior ::run [ RunTime:0.009168s ]
INFO: [ view_parse ] --END-- [ RunTime:0.009254s ]
INFO: [ view_filter ] --START--
INFO: ContentReplace Behavior ::run [ RunTime:0.000327s ]
INFO: TokenBuild Behavior ::run [ RunTime:0.000332s ]
INFO: WriteHtmlCache Behavior ::run [ RunTime:0.000469s ]
INFO: ShowRuntime Behavior ::run [ RunTime:0.000777s ]
INFO: [ view_filter ] --END-- [ RunTime:0.002247s ]
INFO: [ view_end ] --START--
INFO: ShowPageTrace Behavior ::run [ RunTime:0.000856s ]
INFO: [ view_end ] --END-- [ RunTime:0.000997s ]

[ 2014-10-22T13:11:08+08:00 ] 127.0.0.1 /wish/index.php/Index/index/show
INFO: [ route_check ] --START--
INFO: CheckRoute Behavior ::run [ RunTime:0.000709s ]
INFO: [ route_check ] --END-- [ RunTime:0.000831s ]
INFO: [ app_begin ] --START--
INFO: ReadHtmlCache Behavior ::run [ RunTime:0.000546s ]
INFO: [ app_begin ] --END-- [ RunTime:0.000624s ]
ERR: 无法加载模块:index

[ 2014-10-22T13:12:37+08:00 ] 127.0.0.1 /wish/index.php
INFO: [ app_begin ] --START--
INFO: ReadHtmlCache Behavior ::run [ RunTime:0.000429s ]
INFO: [ app_begin ] --END-- [ RunTime:0.000543s ]
NOTIC: [2048] Declaration of IndexAction::show() should be compatible with that of Action::show() D:\wamp\www\wish\App\Lib\Action\Index\IndexAction.class.php 第 21 行.
SQL: SHOW COLUMNS FROM `hd_wish` [ RunTime:0.001607s ]
SQL: SELECT * FROM `hd_wish`  [ RunTime:0.000141s ]
INFO: [ view_parse ] --START--
INFO: ParseTemplate Behavior ::run [ RunTime:0.005788s ]
INFO: [ view_parse ] --END-- [ RunTime:0.005865s ]
INFO: [ view_filter ] --START--
INFO: ContentReplace Behavior ::run [ RunTime:0.000300s ]
INFO: TokenBuild Behavior ::run [ RunTime:0.000292s ]
INFO: WriteHtmlCache Behavior ::run [ RunTime:0.000212s ]
INFO: ShowRuntime Behavior ::run [ RunTime:0.000342s ]
INFO: [ view_filter ] --END-- [ RunTime:0.001312s ]
INFO: [ view_end ] --START--
INFO: ShowPageTrace Behavior ::run [ RunTime:0.000394s ]
INFO: [ view_end ] --END-- [ RunTime:0.000455s ]

[ 2014-10-22T13:13:08+08:00 ] 127.0.0.1 /wish/index.php
INFO: [ app_begin ] --START--
INFO: ReadHtmlCache Behavior ::run [ RunTime:0.000383s ]
INFO: [ app_begin ] --END-- [ RunTime:0.000483s ]
NOTIC: [2048] Declaration of IndexAction::show() should be compatible with that of Action::show() D:\wamp\www\wish\App\Lib\Action\Index\IndexAction.class.php 第 21 行.
SQL: SHOW COLUMNS FROM `hd_wish` [ RunTime:0.001484s ]
SQL: SELECT * FROM `hd_wish`  [ RunTime:0.000156s ]
INFO: [ view_parse ] --START--
INFO: ParseTemplate Behavior ::run [ RunTime:0.006064s ]
INFO: [ view_parse ] --END-- [ RunTime:0.006134s ]
INFO: [ view_filter ] --START--
INFO: ContentReplace Behavior ::run [ RunTime:0.000254s ]
INFO: TokenBuild Behavior ::run [ RunTime:0.000261s ]
INFO: WriteHtmlCache Behavior ::run [ RunTime:0.000154s ]
INFO: ShowRuntime Behavior ::run [ RunTime:0.000279s ]
INFO: [ view_filter ] --END-- [ RunTime:0.001110s ]
INFO: [ view_end ] --START--
INFO: ShowPageTrace Behavior ::run [ RunTime:0.000361s ]
INFO: [ view_end ] --END-- [ RunTime:0.000431s ]

[ 2014-10-22T13:13:36+08:00 ] 127.0.0.1 /wish/index.php
INFO: [ app_begin ] --START--
INFO: ReadHtmlCache Behavior ::run [ RunTime:0.000596s ]
INFO: [ app_begin ] --END-- [ RunTime:0.000704s ]
NOTIC: [2048] Declaration of IndexAction::show() should be compatible with that of Action::show() D:\wamp\www\wish\App\Lib\Action\Index\IndexAction.class.php 第 21 行.
SQL: SHOW COLUMNS FROM `hd_wish` [ RunTime:0.001570s ]
SQL: SELECT * FROM `hd_wish`  [ RunTime:0.000151s ]
INFO: [ view_parse ] --START--
INFO: ParseTemplate Behavior ::run [ RunTime:0.005828s ]
INFO: [ view_parse ] --END-- [ RunTime:0.005900s ]
INFO: [ view_filter ] --START--
INFO: ContentReplace Behavior ::run [ RunTime:0.000306s ]
INFO: TokenBuild Behavior ::run [ RunTime:0.000273s ]
INFO: WriteHtmlCache Behavior ::run [ RunTime:0.000199s ]
INFO: ShowRuntime Behavior ::run [ RunTime:0.000348s ]
INFO: [ view_filter ] --END-- [ RunTime:0.001287s ]
INFO: [ view_end ] --START--
INFO: ShowPageTrace Behavior ::run [ RunTime:0.000366s ]
INFO: [ view_end ] --END-- [ RunTime:0.000423s ]

[ 2014-10-22T13:13:38+08:00 ] 127.0.0.1 /wish/index.php
INFO: [ app_begin ] --START--
INFO: ReadHtmlCache Behavior ::run [ RunTime:0.000911s ]
INFO: [ app_begin ] --END-- [ RunTime:0.001076s ]
NOTIC: [2048] Declaration of IndexAction::show() should be compatible with that of Action::show() D:\wamp\www\wish\App\Lib\Action\Index\IndexAction.class.php 第 21 行.
SQL: SHOW COLUMNS FROM `hd_wish` [ RunTime:0.001629s ]
SQL: SELECT * FROM `hd_wish`  [ RunTime:0.000219s ]
INFO: [ view_parse ] --START--
INFO: ParseTemplate Behavior ::run [ RunTime:0.006289s ]
INFO: [ view_parse ] --END-- [ RunTime:0.006366s ]
INFO: [ view_filter ] --START--
INFO: ContentReplace Behavior ::run [ RunTime:0.000287s ]
INFO: TokenBuild Behavior ::run [ RunTime:0.000274s ]
INFO: WriteHtmlCache Behavior ::run [ RunTime:0.000204s ]
INFO: ShowRuntime Behavior ::run [ RunTime:0.000320s ]
INFO: [ view_filter ] --END-- [ RunTime:0.001274s ]
INFO: [ view_end ] --START--
INFO: ShowPageTrace Behavior ::run [ RunTime:0.000412s ]
INFO: [ view_end ] --END-- [ RunTime:0.000470s ]

[ 2014-10-22T13:14:06+08:00 ] 127.0.0.1 /wish/index.php
INFO: [ app_begin ] --START--
INFO: ReadHtmlCache Behavior ::run [ RunTime:0.001039s ]
INFO: [ app_begin ] --END-- [ RunTime:0.001239s ]
NOTIC: [2048] Declaration of IndexAction::show() should be compatible with that of Action::show() D:\wamp\www\wish\App\Lib\Action\Index\IndexAction.class.php 第 21 行.
SQL: SHOW COLUMNS FROM `hd_wish` [ RunTime:0.002040s ]
SQL: SELECT * FROM `hd_wish`  [ RunTime:0.000193s ]
INFO: [ view_parse ] --START--
INFO: ParseTemplate Behavior ::run [ RunTime:0.007224s ]
INFO: [ view_parse ] --END-- [ RunTime:0.007313s ]
INFO: [ view_filter ] --START--
INFO: ContentReplace Behavior ::run [ RunTime:0.000301s ]
INFO: TokenBuild Behavior ::run [ RunTime:0.000286s ]
INFO: WriteHtmlCache Behavior ::run [ RunTime:0.000195s ]
INFO: ShowRuntime Behavior ::run [ RunTime:0.000339s ]
INFO: [ view_filter ] --END-- [ RunTime:0.001342s ]
INFO: [ view_end ] --START--
INFO: ShowPageTrace Behavior ::run [ RunTime:0.000353s ]
INFO: [ view_end ] --END-- [ RunTime:0.000410s ]

[ 2014-10-22T13:14:08+08:00 ] 127.0.0.1 /wish/index.php
INFO: [ app_begin ] --START--
INFO: ReadHtmlCache Behavior ::run [ RunTime:0.000557s ]
INFO: [ app_begin ] --END-- [ RunTime:0.000650s ]
NOTIC: [2048] Declaration of IndexAction::show() should be compatible with that of Action::show() D:\wamp\www\wish\App\Lib\Action\Index\IndexAction.class.php 第 21 行.
SQL: SHOW COLUMNS FROM `hd_wish` [ RunTime:0.001709s ]
SQL: SELECT * FROM `hd_wish`  [ RunTime:0.000166s ]
INFO: [ view_parse ] --START--
INFO: ParseTemplate Behavior ::run [ RunTime:0.007395s ]
INFO: [ view_parse ] --END-- [ RunTime:0.007484s ]
INFO: [ view_filter ] --START--
INFO: ContentReplace Behavior ::run [ RunTime:0.000399s ]
INFO: TokenBuild Behavior ::run [ RunTime:0.000394s ]
INFO: WriteHtmlCache Behavior ::run [ RunTime:0.000299s ]
INFO: ShowRuntime Behavior ::run [ RunTime:0.000474s ]
INFO: [ view_filter ] --END-- [ RunTime:0.001785s ]
INFO: [ view_end ] --START--
INFO: ShowPageTrace Behavior ::run [ RunTime:0.000528s ]
INFO: [ view_end ] --END-- [ RunTime:0.000604s ]

[ 2014-10-22T13:14:23+08:00 ] 127.0.0.1 /wish/index.php
INFO: [ app_begin ] --START--
INFO: ReadHtmlCache Behavior ::run [ RunTime:0.000658s ]
INFO: [ app_begin ] --END-- [ RunTime:0.000791s ]
NOTIC: [2048] Declaration of IndexAction::show() should be compatible with that of Action::show() D:\wamp\www\wish\App\Lib\Action\Index\IndexAction.class.php 第 21 行.
SQL: SHOW COLUMNS FROM `hd_wish` [ RunTime:0.001927s ]
SQL: SELECT * FROM `hd_wish`  [ RunTime:0.000238s ]
INFO: [ view_parse ] --START--
INFO: ParseTemplate Behavior ::run [ RunTime:0.006026s ]
INFO: [ view_parse ] --END-- [ RunTime:0.006108s ]
INFO: [ view_filter ] --START--
INFO: ContentReplace Behavior ::run [ RunTime:0.000273s ]
INFO: TokenBuild Behavior ::run [ RunTime:0.000275s ]
INFO: WriteHtmlCache Behavior ::run [ RunTime:0.000182s ]
INFO: ShowRuntime Behavior ::run [ RunTime:0.000333s ]
INFO: [ view_filter ] --END-- [ RunTime:0.001256s ]
INFO: [ view_end ] --START--
INFO: ShowPageTrace Behavior ::run [ RunTime:0.000384s ]
INFO: [ view_end ] --END-- [ RunTime:0.000453s ]

[ 2014-10-22T13:14:52+08:00 ] 127.0.0.1 /wish/index.php
INFO: [ app_begin ] --START--
INFO: ReadHtmlCache Behavior ::run [ RunTime:0.000384s ]
INFO: [ app_begin ] --END-- [ RunTime:0.000476s ]
NOTIC: [2048] Declaration of IndexAction::show() should be compatible with that of Action::show() D:\wamp\www\wish\App\Lib\Action\Index\IndexAction.class.php 第 21 行.
SQL: SHOW COLUMNS FROM `hd_wish` [ RunTime:0.001760s ]
SQL: SELECT * FROM `hd_wish`  [ RunTime:0.000172s ]
INFO: [ view_parse ] --START--
INFO: ParseTemplate Behavior ::run [ RunTime:0.006526s ]
INFO: [ view_parse ] --END-- [ RunTime:0.006616s ]
INFO: [ view_filter ] --START--
INFO: ContentReplace Behavior ::run [ RunTime:0.000302s ]
INFO: TokenBuild Behavior ::run [ RunTime:0.000297s ]
INFO: WriteHtmlCache Behavior ::run [ RunTime:0.000194s ]
INFO: ShowRuntime Behavior ::run [ RunTime:0.000355s ]
INFO: [ view_filter ] --END-- [ RunTime:0.001354s ]
INFO: [ view_end ] --START--
INFO: ShowPageTrace Behavior ::run [ RunTime:0.000410s ]
INFO: [ view_end ] --END-- [ RunTime:0.000485s ]

[ 2014-10-22T13:15:10+08:00 ] 127.0.0.1 /wish/index.php
INFO: [ app_begin ] --START--
INFO: ReadHtmlCache Behavior ::run [ RunTime:0.000685s ]
INFO: [ app_begin ] --END-- [ RunTime:0.000816s ]
NOTIC: [2048] Declaration of IndexAction::show() should be compatible with that of Action::show() D:\wamp\www\wish\App\Lib\Action\Index\IndexAction.class.php 第 21 行.
SQL: SHOW COLUMNS FROM `hd_wish` [ RunTime:0.001508s ]
SQL: SELECT * FROM `hd_wish`  [ RunTime:0.000181s ]
INFO: [ view_parse ] --START--
INFO: ParseTemplate Behavior ::run [ RunTime:0.006138s ]
INFO: [ view_parse ] --END-- [ RunTime:0.006221s ]
INFO: [ view_filter ] --START--
INFO: ContentReplace Behavior ::run [ RunTime:0.000357s ]
INFO: TokenBuild Behavior ::run [ RunTime:0.000331s ]
INFO: WriteHtmlCache Behavior ::run [ RunTime:0.000316s ]
INFO: ShowRuntime Behavior ::run [ RunTime:0.000438s ]
INFO: [ view_filter ] --END-- [ RunTime:0.001650s ]
INFO: [ view_end ] --START--
INFO: ShowPageTrace Behavior ::run [ RunTime:0.000470s ]
INFO: [ view_end ] --END-- [ RunTime:0.000538s ]

[ 2014-10-22T13:16:11+08:00 ] 127.0.0.1 /wish/index.php
INFO: [ app_begin ] --START--
INFO: ReadHtmlCache Behavior ::run [ RunTime:0.000557s ]
INFO: [ app_begin ] --END-- [ RunTime:0.000659s ]
NOTIC: [2048] Declaration of IndexAction::show() should be compatible with that of Action::show() D:\wamp\www\wish\App\Lib\Action\Index\IndexAction.class.php 第 21 行.
SQL: SHOW COLUMNS FROM `hd_wish` [ RunTime:0.001584s ]
SQL: SELECT * FROM `hd_wish`  [ RunTime:0.000161s ]
INFO: [ view_parse ] --START--
INFO: ParseTemplate Behavior ::run [ RunTime:0.006495s ]
INFO: [ view_parse ] --END-- [ RunTime:0.006600s ]
INFO: [ view_filter ] --START--
INFO: ContentReplace Behavior ::run [ RunTime:0.000327s ]
INFO: TokenBuild Behavior ::run [ RunTime:0.000324s ]
INFO: WriteHtmlCache Behavior ::run [ RunTime:0.000229s ]
INFO: ShowRuntime Behavior ::run [ RunTime:0.000378s ]
INFO: [ view_filter ] --END-- [ RunTime:0.001452s ]
INFO: [ view_end ] --START--
INFO: ShowPageTrace Behavior ::run [ RunTime:0.000435s ]
INFO: [ view_end ] --END-- [ RunTime:0.000506s ]

[ 2014-10-22T13:16:42+08:00 ] 127.0.0.1 /wish/index.php
INFO: [ app_begin ] --START--
INFO: ReadHtmlCache Behavior ::run [ RunTime:0.001066s ]
INFO: [ app_begin ] --END-- [ RunTime:0.001261s ]
NOTIC: [2048] Declaration of IndexAction::show() should be compatible with that of Action::show() D:\wamp\www\wish\App\Lib\Action\Index\IndexAction.class.php 第 21 行.
SQL: SHOW COLUMNS FROM `hd_wish` [ RunTime:0.001515s ]
SQL: SELECT * FROM `hd_wish`  [ RunTime:0.000218s ]
INFO: [ view_parse ] --START--
INFO: ParseTemplate Behavior ::run [ RunTime:0.006309s ]
INFO: [ view_parse ] --END-- [ RunTime:0.006381s ]
INFO: [ view_filter ] --START--
INFO: ContentReplace Behavior ::run [ RunTime:0.000340s ]
INFO: TokenBuild Behavior ::run [ RunTime:0.000340s ]
INFO: WriteHtmlCache Behavior ::run [ RunTime:0.000264s ]
INFO: ShowRuntime Behavior ::run [ RunTime:0.000387s ]
INFO: [ view_filter ] --END-- [ RunTime:0.001499s ]
INFO: [ view_end ] --START--
INFO: ShowPageTrace Behavior ::run [ RunTime:0.000434s ]
INFO: [ view_end ] --END-- [ RunTime:0.000494s ]

[ 2014-10-22T13:16:43+08:00 ] 127.0.0.1 /wish/index.php
INFO: [ app_begin ] --START--
INFO: ReadHtmlCache Behavior ::run [ RunTime:0.000521s ]
INFO: [ app_begin ] --END-- [ RunTime:0.000640s ]
NOTIC: [2048] Declaration of IndexAction::show() should be compatible with that of Action::show() D:\wamp\www\wish\App\Lib\Action\Index\IndexAction.class.php 第 21 行.
SQL: SHOW COLUMNS FROM `hd_wish` [ RunTime:0.001404s ]
SQL: SELECT * FROM `hd_wish`  [ RunTime:0.000139s ]
INFO: [ view_parse ] --START--
INFO: ParseTemplate Behavior ::run [ RunTime:0.005220s ]
INFO: [ view_parse ] --END-- [ RunTime:0.005291s ]
INFO: [ view_filter ] --START--
INFO: ContentReplace Behavior ::run [ RunTime:0.000225s ]
INFO: TokenBuild Behavior ::run [ RunTime:0.000253s ]
INFO: WriteHtmlCache Behavior ::run [ RunTime:0.000150s ]
INFO: ShowRuntime Behavior ::run [ RunTime:0.000279s ]
INFO: [ view_filter ] --END-- [ RunTime:0.001069s ]
INFO: [ view_end ] --START--
INFO: ShowPageTrace Behavior ::run [ RunTime:0.000344s ]
INFO: [ view_end ] --END-- [ RunTime:0.000402s ]

[ 2014-10-22T13:16:50+08:00 ] 127.0.0.1 /wish/index.php
INFO: [ app_begin ] --START--
INFO: ReadHtmlCache Behavior ::run [ RunTime:0.000429s ]
INFO: [ app_begin ] --END-- [ RunTime:0.000513s ]
NOTIC: [2048] Declaration of IndexAction::show() should be compatible with that of Action::show() D:\wamp\www\wish\App\Lib\Action\Index\IndexAction.class.php 第 21 行.
SQL: SHOW COLUMNS FROM `hd_wish` [ RunTime:0.001365s ]
SQL: SELECT * FROM `hd_wish`  [ RunTime:0.000134s ]
INFO: [ view_parse ] --START--
INFO: ParseTemplate Behavior ::run [ RunTime:0.006685s ]
INFO: [ view_parse ] --END-- [ RunTime:0.006798s ]
INFO: [ view_filter ] --START--
INFO: ContentReplace Behavior ::run [ RunTime:0.000585s ]
INFO: TokenBuild Behavior ::run [ RunTime:0.000482s ]
INFO: WriteHtmlCache Behavior ::run [ RunTime:0.000277s ]
INFO: ShowRuntime Behavior ::run [ RunTime:0.000398s ]
INFO: [ view_filter ] --END-- [ RunTime:0.001959s ]
INFO: [ view_end ] --START--
INFO: ShowPageTrace Behavior ::run [ RunTime:0.000457s ]
INFO: [ view_end ] --END-- [ RunTime:0.000518s ]

[ 2014-10-22T13:16:52+08:00 ] 127.0.0.1 /wish/index.php
INFO: [ app_begin ] --START--
INFO: ReadHtmlCache Behavior ::run [ RunTime:0.000529s ]
INFO: [ app_begin ] --END-- [ RunTime:0.000630s ]
NOTIC: [2048] Declaration of IndexAction::show() should be compatible with that of Action::show() D:\wamp\www\wish\App\Lib\Action\Index\IndexAction.class.php 第 21 行.
SQL: SHOW COLUMNS FROM `hd_wish` [ RunTime:0.001559s ]
SQL: SELECT * FROM `hd_wish`  [ RunTime:0.000154s ]
INFO: [ view_parse ] --START--
INFO: ParseTemplate Behavior ::run [ RunTime:0.006436s ]
INFO: [ view_parse ] --END-- [ RunTime:0.006512s ]
INFO: [ view_filter ] --START--
INFO: ContentReplace Behavior ::run [ RunTime:0.000342s ]
INFO: TokenBuild Behavior ::run [ RunTime:0.000356s ]
INFO: WriteHtmlCache Behavior ::run [ RunTime:0.000290s ]
INFO: ShowRuntime Behavior ::run [ RunTime:0.000378s ]
INFO: [ view_filter ] --END-- [ RunTime:0.001544s ]
INFO: [ view_end ] --START--
INFO: ShowPageTrace Behavior ::run [ RunTime:0.000455s ]
INFO: [ view_end ] --END-- [ RunTime:0.000552s ]

[ 2014-10-22T13:17:02+08:00 ] 127.0.0.1 /wish/index.php
INFO: [ app_begin ] --START--
INFO: ReadHtmlCache Behavior ::run [ RunTime:0.000422s ]
INFO: [ app_begin ] --END-- [ RunTime:0.000505s ]
NOTIC: [2048] Declaration of IndexAction::show() should be compatible with that of Action::show() D:\wamp\www\wish\App\Lib\Action\Index\IndexAction.class.php 第 21 行.
SQL: SHOW COLUMNS FROM `hd_wish` [ RunTime:0.001532s ]
SQL: SELECT * FROM `hd_wish`  [ RunTime:0.000158s ]
INFO: [ view_parse ] --START--
INFO: ParseTemplate Behavior ::run [ RunTime:0.005735s ]
INFO: [ view_parse ] --END-- [ RunTime:0.005814s ]
INFO: [ view_filter ] --START--
INFO: ContentReplace Behavior ::run [ RunTime:0.000294s ]
INFO: TokenBuild Behavior ::run [ RunTime:0.000281s ]
INFO: WriteHtmlCache Behavior ::run [ RunTime:0.000202s ]
INFO: ShowRuntime Behavior ::run [ RunTime:0.000329s ]
INFO: [ view_filter ] --END-- [ RunTime:0.001272s ]
INFO: [ view_end ] --START--
INFO: ShowPageTrace Behavior ::run [ RunTime:0.000370s ]
INFO: [ view_end ] --END-- [ RunTime:0.000430s ]

[ 2014-10-22T13:17:51+08:00 ] 127.0.0.1 /wish/index.php
INFO: [ app_begin ] --START--
INFO: ReadHtmlCache Behavior ::run [ RunTime:0.000511s ]
INFO: [ app_begin ] --END-- [ RunTime:0.000591s ]
NOTIC: [2048] Declaration of IndexAction::show() should be compatible with that of Action::show() D:\wamp\www\wish\App\Lib\Action\Index\IndexAction.class.php 第 21 行.
SQL: SHOW COLUMNS FROM `hd_wish` [ RunTime:0.001545s ]
SQL: SELECT * FROM `hd_wish`  [ RunTime:0.000193s ]
INFO: [ view_parse ] --START--
INFO: ParseTemplate Behavior ::run [ RunTime:0.006174s ]
INFO: [ view_parse ] --END-- [ RunTime:0.006251s ]
INFO: [ view_filter ] --START--
INFO: ContentReplace Behavior ::run [ RunTime:0.000320s ]
INFO: TokenBuild Behavior ::run [ RunTime:0.000318s ]
INFO: WriteHtmlCache Behavior ::run [ RunTime:0.000249s ]
INFO: ShowRuntime Behavior ::run [ RunTime:0.000366s ]
INFO: [ view_filter ] --END-- [ RunTime:0.001442s ]
INFO: [ view_end ] --START--
INFO: ShowPageTrace Behavior ::run [ RunTime:0.000437s ]
INFO: [ view_end ] --END-- [ RunTime:0.000501s ]

[ 2014-10-22T13:17:59+08:00 ] 127.0.0.1 /wish/index.php/Index/Index/show
INFO: [ route_check ] --START--
INFO: CheckRoute Behavior ::run [ RunTime:0.000749s ]
INFO: [ route_check ] --END-- [ RunTime:0.000860s ]
INFO: [ app_begin ] --START--
INFO: ReadHtmlCache Behavior ::run [ RunTime:0.000631s ]
INFO: [ app_begin ] --END-- [ RunTime:0.000724s ]
NOTIC: [2048] Declaration of IndexAction::show() should be compatible with that of Action::show() D:\wamp\www\wish\App\Lib\Action\Index\IndexAction.class.php 第 21 行.
SQL: SHOW COLUMNS FROM `hd_wish` [ RunTime:0.001739s ]
SQL: INSERT INTO `hd_wish` (`username`,`content`,`time`) VALUES ('heyujie','heyujie',1413955079) [ RunTime:0.053660s ]

[ 2014-10-22T13:18:15+08:00 ] 127.0.0.1 /wish/index.php/Index/Index/show
INFO: [ route_check ] --START--
INFO: CheckRoute Behavior ::run [ RunTime:0.000626s ]
INFO: [ route_check ] --END-- [ RunTime:0.000715s ]
INFO: [ app_begin ] --START--
INFO: ReadHtmlCache Behavior ::run [ RunTime:0.000499s ]
INFO: [ app_begin ] --END-- [ RunTime:0.000558s ]
NOTIC: [2048] Declaration of IndexAction::show() should be compatible with that of Action::show() D:\wamp\www\wish\App\Lib\Action\Index\IndexAction.class.php 第 21 行.
SQL: SHOW COLUMNS FROM `hd_wish` [ RunTime:0.001527s ]
SQL: INSERT INTO `hd_wish` (`username`,`content`,`time`) VALUES ('和玉洁','和玉洁',1413955095) [ RunTime:0.059123s ]

[ 2014-10-22T13:25:57+08:00 ] 127.0.0.1 /wish/index.php
INFO: [ app_begin ] --START--
INFO: ReadHtmlCache Behavior ::run [ RunTime:0.000544s ]
INFO: [ app_begin ] --END-- [ RunTime:0.000637s ]
NOTIC: [2048] Declaration of IndexAction::show() should be compatible with that of Action::show() D:\wamp\www\wish\App\Lib\Action\Index\IndexAction.class.php 第 21 行.
SQL: SHOW COLUMNS FROM `hd_wish` [ RunTime:0.001498s ]
SQL: SELECT * FROM `hd_wish`  [ RunTime:0.000227s ]
INFO: [ view_parse ] --START--
INFO: ParseTemplate Behavior ::run [ RunTime:0.006356s ]
INFO: [ view_parse ] --END-- [ RunTime:0.006430s ]
INFO: [ view_filter ] --START--
INFO: ContentReplace Behavior ::run [ RunTime:0.000442s ]
INFO: TokenBuild Behavior ::run [ RunTime:0.000421s ]
INFO: WriteHtmlCache Behavior ::run [ RunTime:0.000349s ]
INFO: ShowRuntime Behavior ::run [ RunTime:0.000420s ]
INFO: [ view_filter ] --END-- [ RunTime:0.001800s ]
INFO: [ view_end ] --START--
INFO: ShowPageTrace Behavior ::run [ RunTime:0.000488s ]
INFO: [ view_end ] --END-- [ RunTime:0.000546s ]

[ 2014-10-22T13:55:32+08:00 ] 127.0.0.1 /wish/index.php
INFO: [ app_begin ] --START--
INFO: ReadHtmlCache Behavior ::run [ RunTime:0.000599s ]
INFO: [ app_begin ] --END-- [ RunTime:0.000713s ]
NOTIC: [2048] Declaration of IndexAction::show() should be compatible with that of Action::show() D:\wamp\www\wish\App\Lib\Action\Index\IndexAction.class.php 第 35 行.
SQL: SHOW COLUMNS FROM `hd_wish` [ RunTime:0.001560s ]
SQL: SELECT * FROM `hd_wish`  [ RunTime:0.000159s ]
INFO: [ view_parse ] --START--
INFO: ParseTemplate Behavior ::run [ RunTime:0.005558s ]
INFO: [ view_parse ] --END-- [ RunTime:0.005632s ]
INFO: [ view_filter ] --START--
INFO: ContentReplace Behavior ::run [ RunTime:0.000285s ]
INFO: TokenBuild Behavior ::run [ RunTime:0.000284s ]
INFO: WriteHtmlCache Behavior ::run [ RunTime:0.000200s ]
INFO: ShowRuntime Behavior ::run [ RunTime:0.000329s ]
INFO: [ view_filter ] --END-- [ RunTime:0.001272s ]
INFO: [ view_end ] --START--
INFO: ShowPageTrace Behavior ::run [ RunTime:0.000369s ]
INFO: [ view_end ] --END-- [ RunTime:0.000428s ]

[ 2014-10-22T13:55:41+08:00 ] 127.0.0.1 /wish/index.php/Index/Index/show
INFO: [ route_check ] --START--
INFO: CheckRoute Behavior ::run [ RunTime:0.000676s ]
INFO: [ route_check ] --END-- [ RunTime:0.000766s ]
INFO: [ app_begin ] --START--
INFO: ReadHtmlCache Behavior ::run [ RunTime:0.000888s ]
INFO: [ app_begin ] --END-- [ RunTime:0.001012s ]
NOTIC: [2048] Declaration of IndexAction::show() should be compatible with that of Action::show() D:\wamp\www\wish\App\Lib\Action\Index\IndexAction.class.php 第 35 行.
NOTIC: [2] file_put_contents(./data/phiz.php) [<a href='function.file-put-contents'>function.file-put-contents</a>]: failed to open stream: No such file or directory D:\wamp\www\wish\App\Lib\Action\Index\IndexAction.class.php 第 28 行.

[ 2014-10-22T14:00:17+08:00 ] 127.0.0.1 /wish/index.php/Index/Index/show
INFO: [ route_check ] --START--
INFO: CheckRoute Behavior ::run [ RunTime:0.000514s ]
INFO: [ route_check ] --END-- [ RunTime:0.000593s ]
INFO: [ app_begin ] --START--
INFO: ReadHtmlCache Behavior ::run [ RunTime:0.000380s ]
INFO: [ app_begin ] --END-- [ RunTime:0.000434s ]
NOTIC: [2048] Declaration of IndexAction::show() should be compatible with that of Action::show() D:\wamp\www\wish\App\Lib\Action\Index\IndexAction.class.php 第 35 行.

[ 2014-10-22T14:00:28+08:00 ] 127.0.0.1 /wish/index.php/Index/Index/show
INFO: [ route_check ] --START--
INFO: CheckRoute Behavior ::run [ RunTime:0.001054s ]
INFO: [ route_check ] --END-- [ RunTime:0.001194s ]
INFO: [ app_begin ] --START--
INFO: ReadHtmlCache Behavior ::run [ RunTime:0.000787s ]
INFO: [ app_begin ] --END-- [ RunTime:0.000894s ]
NOTIC: [2048] Declaration of IndexAction::show() should be compatible with that of Action::show() D:\wamp\www\wish\App\Lib\Action\Index\IndexAction.class.php 第 35 行.

[ 2014-10-22T14:00:36+08:00 ] 127.0.0.1 /wish/index.php/Index/Index/show
INFO: [ route_check ] --START--
INFO: CheckRoute Behavior ::run [ RunTime:0.000632s ]
INFO: [ route_check ] --END-- [ RunTime:0.000727s ]
INFO: [ app_begin ] --START--
INFO: ReadHtmlCache Behavior ::run [ RunTime:0.000504s ]
INFO: [ app_begin ] --END-- [ RunTime:0.000574s ]
NOTIC: [2048] Declaration of IndexAction::show() should be compatible with that of Action::show() D:\wamp\www\wish\App\Lib\Action\Index\IndexAction.class.php 第 35 行.

[ 2014-10-22T14:01:30+08:00 ] 127.0.0.1 /wish/index.php/Index/Index/show
INFO: [ route_check ] --START--
INFO: CheckRoute Behavior ::run [ RunTime:0.001265s ]
INFO: [ route_check ] --END-- [ RunTime:0.001506s ]
INFO: [ app_begin ] --START--
INFO: ReadHtmlCache Behavior ::run [ RunTime:0.000573s ]
INFO: [ app_begin ] --END-- [ RunTime:0.000639s ]
NOTIC: [2048] Declaration of IndexAction::show() should be compatible with that of Action::show() D:\wamp\www\wish\App\Lib\Action\Index\IndexAction.class.php 第 35 行.
SQL: SHOW COLUMNS FROM `hd_wish` [ RunTime:0.001430s ]
SQL: INSERT INTO `hd_wish` (`username`,`content`,`time`) VALUES ('和玉洁','nihao',1413957690) [ RunTime:0.069778s ]

[ 2014-10-22T14:12:05+08:00 ] 127.0.0.1 /wish/index.php/index/Index/show
INFO: [ route_check ] --START--
INFO: CheckRoute Behavior ::run [ RunTime:0.000815s ]
INFO: [ route_check ] --END-- [ RunTime:0.000944s ]
INFO: [ app_begin ] --START--
INFO: ReadHtmlCache Behavior ::run [ RunTime:0.000511s ]
INFO: [ app_begin ] --END-- [ RunTime:0.000595s ]
NOTIC: [2048] Declaration of IndexAction::show() should be compatible with that of Action::show() D:\wamp\www\wish\App\Lib\Action\Index\IndexAction.class.php 第 37 行.
SQL: SHOW COLUMNS FROM `hd_wish` [ RunTime:0.001436s ]
SQL: INSERT INTO `hd_wish` (`username`,`content`,`time`) VALUES ('','',1413958325) [ RunTime:0.091638s ]
INFO: [ view_parse ] --START--
INFO: ParseTemplate Behavior ::run [ RunTime:0.017074s ]
INFO: [ view_parse ] --END-- [ RunTime:0.017166s ]
INFO: [ view_filter ] --START--
INFO: ContentReplace Behavior ::run [ RunTime:0.000409s ]
INFO: TokenBuild Behavior ::run [ RunTime:0.000449s ]
INFO: WriteHtmlCache Behavior ::run [ RunTime:0.000291s ]
INFO: ShowRuntime Behavior ::run [ RunTime:0.000458s ]
INFO: [ view_filter ] --END-- [ RunTime:0.001792s ]
INFO: [ view_end ] --START--
INFO: ShowPageTrace Behavior ::run [ RunTime:0.000462s ]
INFO: [ view_end ] --END-- [ RunTime:0.000525s ]

[ 2014-10-22T14:12:06+08:00 ] 127.0.0.1 /wish/index.php/index/Index/index
INFO: [ route_check ] --START--
INFO: CheckRoute Behavior ::run [ RunTime:0.000793s ]
INFO: [ route_check ] --END-- [ RunTime:0.000924s ]
INFO: [ app_begin ] --START--
INFO: ReadHtmlCache Behavior ::run [ RunTime:0.000982s ]
INFO: [ app_begin ] --END-- [ RunTime:0.001125s ]
NOTIC: [2048] Declaration of IndexAction::show() should be compatible with that of Action::show() D:\wamp\www\wish\App\Lib\Action\Index\IndexAction.class.php 第 37 行.
SQL: SHOW COLUMNS FROM `hd_wish` [ RunTime:0.002293s ]
SQL: SELECT * FROM `hd_wish`  [ RunTime:0.000257s ]
INFO: [ view_parse ] --START--
INFO: ParseTemplate Behavior ::run [ RunTime:0.011573s ]
INFO: [ view_parse ] --END-- [ RunTime:0.011873s ]
INFO: [ view_filter ] --START--
INFO: ContentReplace Behavior ::run [ RunTime:0.000742s ]
INFO: TokenBuild Behavior ::run [ RunTime:0.000718s ]
INFO: WriteHtmlCache Behavior ::run [ RunTime:0.000520s ]
INFO: ShowRuntime Behavior ::run [ RunTime:0.000443s ]
INFO: [ view_filter ] --END-- [ RunTime:0.002770s ]
INFO: [ view_end ] --START--
INFO: ShowPageTrace Behavior ::run [ RunTime:0.000491s ]
INFO: [ view_end ] --END-- [ RunTime:0.000554s ]

[ 2014-10-22T21:08:17+08:00 ] 127.0.0.1 /wish/
INFO: [ app_begin ] --START--
INFO: ReadHtmlCache Behavior ::run [ RunTime:0.009507s ]
INFO: [ app_begin ] --END-- [ RunTime:0.028414s ]
NOTIC: [2048] Declaration of IndexAction::show() should be compatible with that of Action::show() D:\wamp\www\wish\App\Lib\Action\Index\IndexAction.class.php 第 26 行.
SQL: SHOW COLUMNS FROM `hd_wish` [ RunTime:0.236182s ]
SQL: SELECT * FROM `hd_wish`  [ RunTime:0.053320s ]
INFO: [ view_parse ] --START--
INFO: ParseTemplate Behavior ::run [ RunTime:0.243700s ]
INFO: [ view_parse ] --END-- [ RunTime:0.243806s ]
INFO: [ view_filter ] --START--
INFO: ContentReplace Behavior ::run [ RunTime:0.012453s ]
INFO: TokenBuild Behavior ::run [ RunTime:0.005043s ]
INFO: WriteHtmlCache Behavior ::run [ RunTime:0.000517s ]
INFO: ShowRuntime Behavior ::run [ RunTime:0.000650s ]
INFO: [ view_filter ] --END-- [ RunTime:0.018879s ]
INFO: [ view_end ] --START--
INFO: ShowPageTrace Behavior ::run [ RunTime:0.008994s ]
INFO: [ view_end ] --END-- [ RunTime:0.009073s ]

[ 2014-10-22T21:08:26+08:00 ] 127.0.0.1 /wish/index.php/Index/Index/show
INFO: [ route_check ] --START--
INFO: CheckRoute Behavior ::run [ RunTime:0.010046s ]
INFO: [ route_check ] --END-- [ RunTime:0.010309s ]
INFO: [ app_begin ] --START--
INFO: ReadHtmlCache Behavior ::run [ RunTime:0.000549s ]
INFO: [ app_begin ] --END-- [ RunTime:0.000609s ]
NOTIC: [2048] Declaration of IndexAction::show() should be compatible with that of Action::show() D:\wamp\www\wish\App\Lib\Action\Index\IndexAction.class.php 第 26 行.

[ 2014-10-22T21:27:45+08:00 ] 127.0.0.1 /wish/index.php/Index/Index/show
INFO: [ route_check ] --START--
INFO: CheckRoute Behavior ::run [ RunTime:0.000717s ]
INFO: [ route_check ] --END-- [ RunTime:0.000805s ]
INFO: [ app_begin ] --START--
INFO: ReadHtmlCache Behavior ::run [ RunTime:0.000464s ]
INFO: [ app_begin ] --END-- [ RunTime:0.000524s ]
NOTIC: [2048] Declaration of IndexAction::show() should be compatible with that of Action::show() D:\wamp\www\wish\App\Lib\Action\Index\IndexAction.class.php 第 26 行.
SQL: SHOW COLUMNS FROM `hd_wish` [ RunTime:0.002183s ]
SQL: INSERT INTO `hd_wish` (`username`,`content`,`time`) VALUES ('nihap','nihao[抓狂][抓狂]',1413984465) [ RunTime:0.271514s ]
NOTIC: [8] Undefined variable: id D:\wamp\www\wish\App\Lib\Action\Index\IndexAction.class.php 第 17 行.
NOTIC: [2] Invalid argument supplied for foreach() D:\wamp\www\wish\App\Common\common.php 第 12 行.
NOTIC: [2] Invalid argument supplied for foreach() D:\wamp\www\wish\App\Common\common.php 第 12 行.

[ 2014-10-22T21:27:46+08:00 ] 127.0.0.1 /wish/index.php/Index/Index/show
INFO: [ route_check ] --START--
INFO: CheckRoute Behavior ::run [ RunTime:0.000568s ]
INFO: [ route_check ] --END-- [ RunTime:0.000650s ]
INFO: [ app_begin ] --START--
INFO: ReadHtmlCache Behavior ::run [ RunTime:0.000464s ]
INFO: [ app_begin ] --END-- [ RunTime:0.000522s ]
NOTIC: [2048] Declaration of IndexAction::show() should be compatible with that of Action::show() D:\wamp\www\wish\App\Lib\Action\Index\IndexAction.class.php 第 26 行.
SQL: SHOW COLUMNS FROM `hd_wish` [ RunTime:0.001629s ]
SQL: INSERT INTO `hd_wish` (`username`,`content`,`time`) VALUES ('nihap','nihao[抓狂][抓狂]',1413984466) [ RunTime:0.097465s ]
NOTIC: [8] Undefined variable: id D:\wamp\www\wish\App\Lib\Action\Index\IndexAction.class.php 第 17 行.
NOTIC: [2] Invalid argument supplied for foreach() D:\wamp\www\wish\App\Common\common.php 第 12 行.
NOTIC: [2] Invalid argument supplied for foreach() D:\wamp\www\wish\App\Common\common.php 第 12 行.

[ 2014-10-22T21:27:47+08:00 ] 127.0.0.1 /wish/index.php/Index/Index/show
INFO: [ route_check ] --START--
INFO: CheckRoute Behavior ::run [ RunTime:0.000584s ]
INFO: [ route_check ] --END-- [ RunTime:0.000673s ]
INFO: [ app_begin ] --START--
INFO: ReadHtmlCache Behavior ::run [ RunTime:0.000454s ]
INFO: [ app_begin ] --END-- [ RunTime:0.000513s ]
NOTIC: [2048] Declaration of IndexAction::show() should be compatible with that of Action::show() D:\wamp\www\wish\App\Lib\Action\Index\IndexAction.class.php 第 26 行.
SQL: SHOW COLUMNS FROM `hd_wish` [ RunTime:0.001488s ]
SQL: INSERT INTO `hd_wish` (`username`,`content`,`time`) VALUES ('nihap','nihao[抓狂][抓狂]',1413984467) [ RunTime:0.045887s ]
NOTIC: [8] Undefined variable: id D:\wamp\www\wish\App\Lib\Action\Index\IndexAction.class.php 第 17 行.
NOTIC: [2] Invalid argument supplied for foreach() D:\wamp\www\wish\App\Common\common.php 第 12 行.
NOTIC: [2] Invalid argument supplied for foreach() D:\wamp\www\wish\App\Common\common.php 第 12 行.

[ 2014-10-22T21:27:47+08:00 ] 127.0.0.1 /wish/index.php/Index/Index/show
INFO: [ route_check ] --START--
INFO: CheckRoute Behavior ::run [ RunTime:0.000583s ]
INFO: [ route_check ] --END-- [ RunTime:0.000669s ]
INFO: [ app_begin ] --START--
INFO: ReadHtmlCache Behavior ::run [ RunTime:0.000458s ]
INFO: [ app_begin ] --END-- [ RunTime:0.000516s ]
NOTIC: [2048] Declaration of IndexAction::show() should be compatible with that of Action::show() D:\wamp\www\wish\App\Lib\Action\Index\IndexAction.class.php 第 26 行.
SQL: SHOW COLUMNS FROM `hd_wish` [ RunTime:0.002147s ]
SQL: INSERT INTO `hd_wish` (`username`,`content`,`time`) VALUES ('nihap','nihao[抓狂][抓狂]',1413984467) [ RunTime:0.046264s ]
NOTIC: [8] Undefined variable: id D:\wamp\www\wish\App\Lib\Action\Index\IndexAction.class.php 第 17 行.
NOTIC: [2] Invalid argument supplied for foreach() D:\wamp\www\wish\App\Common\common.php 第 12 行.
NOTIC: [2] Invalid argument supplied for foreach() D:\wamp\www\wish\App\Common\common.php 第 12 行.

[ 2014-10-22T21:27:49+08:00 ] 127.0.0.1 /wish/
INFO: [ app_begin ] --START--
INFO: ReadHtmlCache Behavior ::run [ RunTime:0.000702s ]
INFO: [ app_begin ] --END-- [ RunTime:0.000828s ]
NOTIC: [2048] Declaration of IndexAction::show() should be compatible with that of Action::show() D:\wamp\www\wish\App\Lib\Action\Index\IndexAction.class.php 第 26 行.
SQL: SHOW COLUMNS FROM `hd_wish` [ RunTime:0.001434s ]
SQL: SELECT * FROM `hd_wish`  [ RunTime:0.000159s ]
INFO: [ view_parse ] --START--
INFO: ParseTemplate Behavior ::run [ RunTime:0.006734s ]
INFO: [ view_parse ] --END-- [ RunTime:0.006816s ]
INFO: [ view_filter ] --START--
INFO: ContentReplace Behavior ::run [ RunTime:0.000387s ]
INFO: TokenBuild Behavior ::run [ RunTime:0.000380s ]
INFO: WriteHtmlCache Behavior ::run [ RunTime:0.000294s ]
INFO: ShowRuntime Behavior ::run [ RunTime:0.000431s ]
INFO: [ view_filter ] --END-- [ RunTime:0.001669s ]
INFO: [ view_end ] --START--
INFO: ShowPageTrace Behavior ::run [ RunTime:0.000471s ]
INFO: [ view_end ] --END-- [ RunTime:0.000532s ]

[ 2014-10-22T21:28:06+08:00 ] 127.0.0.1 /wish/
INFO: [ app_begin ] --START--
INFO: ReadHtmlCache Behavior ::run [ RunTime:0.000507s ]
INFO: [ app_begin ] --END-- [ RunTime:0.000594s ]
NOTIC: [2048] Declaration of IndexAction::show() should be compatible with that of Action::show() D:\wamp\www\wish\App\Lib\Action\Index\IndexAction.class.php 第 26 行.
SQL: SHOW COLUMNS FROM `hd_wish` [ RunTime:0.001440s ]
SQL: SELECT * FROM `hd_wish`  [ RunTime:0.000182s ]
INFO: [ view_parse ] --START--
INFO: ParseTemplate Behavior ::run [ RunTime:0.014691s ]
INFO: [ view_parse ] --END-- [ RunTime:0.014781s ]
INFO: [ view_filter ] --START--
INFO: ContentReplace Behavior ::run [ RunTime:0.000376s ]
INFO: TokenBuild Behavior ::run [ RunTime:0.000328s ]
INFO: WriteHtmlCache Behavior ::run [ RunTime:0.000247s ]
INFO: ShowRuntime Behavior ::run [ RunTime:0.000408s ]
INFO: [ view_filter ] --END-- [ RunTime:0.001526s ]
INFO: [ view_end ] --START--
INFO: ShowPageTrace Behavior ::run [ RunTime:0.000431s ]
INFO: [ view_end ] --END-- [ RunTime:0.000490s ]

[ 2014-10-22T21:28:14+08:00 ] 127.0.0.1 /wish/index.php/Index/Index/show
INFO: [ route_check ] --START--
INFO: CheckRoute Behavior ::run [ RunTime:0.000591s ]
INFO: [ route_check ] --END-- [ RunTime:0.000662s ]
INFO: [ app_begin ] --START--
INFO: ReadHtmlCache Behavior ::run [ RunTime:0.000578s ]
INFO: [ app_begin ] --END-- [ RunTime:0.000643s ]
NOTIC: [2048] Declaration of IndexAction::show() should be compatible with that of Action::show() D:\wamp\www\wish\App\Lib\Action\Index\IndexAction.class.php 第 26 行.
SQL: SHOW COLUMNS FROM `hd_wish` [ RunTime:0.002719s ]
SQL: INSERT INTO `hd_wish` (`username`,`content`,`time`) VALUES ('nihao','nihao',1413984494) [ RunTime:0.067642s ]
NOTIC: [8] Undefined variable: id D:\wamp\www\wish\App\Lib\Action\Index\IndexAction.class.php 第 17 行.

[ 2014-10-22T21:29:21+08:00 ] 127.0.0.1 /wish/
INFO: [ app_begin ] --START--
INFO: ReadHtmlCache Behavior ::run [ RunTime:0.000533s ]
INFO: [ app_begin ] --END-- [ RunTime:0.000614s ]
NOTIC: [2048] Declaration of IndexAction::show() should be compatible with that of Action::show() D:\wamp\www\wish\App\Lib\Action\Index\IndexAction.class.php 第 26 行.
SQL: SHOW COLUMNS FROM `hd_wish` [ RunTime:0.001550s ]
SQL: SELECT * FROM `hd_wish`  [ RunTime:0.000156s ]
INFO: [ view_parse ] --START--
INFO: ParseTemplate Behavior ::run [ RunTime:0.006164s ]
INFO: [ view_parse ] --END-- [ RunTime:0.006262s ]
INFO: [ view_filter ] --START--
INFO: ContentReplace Behavior ::run [ RunTime:0.000377s ]
INFO: TokenBuild Behavior ::run [ RunTime:0.000367s ]
INFO: WriteHtmlCache Behavior ::run [ RunTime:0.000291s ]
INFO: ShowRuntime Behavior ::run [ RunTime:0.000416s ]
INFO: [ view_filter ] --END-- [ RunTime:0.001644s ]
INFO: [ view_end ] --START--
INFO: ShowPageTrace Behavior ::run [ RunTime:0.000595s ]
INFO: [ view_end ] --END-- [ RunTime:0.000658s ]

[ 2014-10-22T21:29:29+08:00 ] 127.0.0.1 /wish/
INFO: [ app_begin ] --START--
INFO: ReadHtmlCache Behavior ::run [ RunTime:0.000412s ]
INFO: [ app_begin ] --END-- [ RunTime:0.000489s ]
NOTIC: [2048] Declaration of IndexAction::show() should be compatible with that of Action::show() D:\wamp\www\wish\App\Lib\Action\Index\IndexAction.class.php 第 26 行.
SQL: SHOW COLUMNS FROM `hd_wish` [ RunTime:0.001435s ]
SQL: SELECT * FROM `hd_wish`  [ RunTime:0.000142s ]
INFO: [ view_parse ] --START--
INFO: ParseTemplate Behavior ::run [ RunTime:0.005461s ]
INFO: [ view_parse ] --END-- [ RunTime:0.005533s ]
INFO: [ view_filter ] --START--
INFO: ContentReplace Behavior ::run [ RunTime:0.000331s ]
INFO: TokenBuild Behavior ::run [ RunTime:0.000275s ]
INFO: WriteHtmlCache Behavior ::run [ RunTime:0.000199s ]
INFO: ShowRuntime Behavior ::run [ RunTime:0.000383s ]
INFO: [ view_filter ] --END-- [ RunTime:0.001364s ]
INFO: [ view_end ] --START--
INFO: ShowPageTrace Behavior ::run [ RunTime:0.000401s ]
INFO: [ view_end ] --END-- [ RunTime:0.000460s ]

[ 2014-10-22T21:29:46+08:00 ] 127.0.0.1 /wish/index.php/Index/Index/show
INFO: [ route_check ] --START--
INFO: CheckRoute Behavior ::run [ RunTime:0.000603s ]
INFO: [ route_check ] --END-- [ RunTime:0.000684s ]
INFO: [ app_begin ] --START--
INFO: ReadHtmlCache Behavior ::run [ RunTime:0.000449s ]
INFO: [ app_begin ] --END-- [ RunTime:0.000506s ]
NOTIC: [2048] Declaration of IndexAction::show() should be compatible with that of Action::show() D:\wamp\www\wish\App\Lib\Action\Index\IndexAction.class.php 第 26 行.
SQL: SHOW COLUMNS FROM `hd_wish` [ RunTime:0.001455s ]
SQL: INSERT INTO `hd_wish` (`username`,`content`,`time`) VALUES ('UESTC','UESTC',1413984586) [ RunTime:0.061943s ]
NOTIC: [8] Undefined variable: id D:\wamp\www\wish\App\Lib\Action\Index\IndexAction.class.php 第 17 行.

[ 2014-10-22T21:30:57+08:00 ] 127.0.0.1 /wish/
INFO: [ app_begin ] --START--
INFO: ReadHtmlCache Behavior ::run [ RunTime:0.000403s ]
INFO: [ app_begin ] --END-- [ RunTime:0.000483s ]
NOTIC: [2048] Declaration of IndexAction::show() should be compatible with that of Action::show() D:\wamp\www\wish\App\Lib\Action\Index\IndexAction.class.php 第 26 行.
SQL: SHOW COLUMNS FROM `hd_wish` [ RunTime:0.001525s ]
SQL: SELECT * FROM `hd_wish`  [ RunTime:0.000168s ]
INFO: [ view_parse ] --START--
INFO: ParseTemplate Behavior ::run [ RunTime:0.014686s ]
INFO: [ view_parse ] --END-- [ RunTime:0.014766s ]
INFO: [ view_filter ] --START--
INFO: ContentReplace Behavior ::run [ RunTime:0.000284s ]
INFO: TokenBuild Behavior ::run [ RunTime:0.000385s ]
INFO: WriteHtmlCache Behavior ::run [ RunTime:0.000193s ]
INFO: ShowRuntime Behavior ::run [ RunTime:0.000320s ]
INFO: [ view_filter ] --END-- [ RunTime:0.001343s ]
INFO: [ view_end ] --START--
INFO: ShowPageTrace Behavior ::run [ RunTime:0.000448s ]
INFO: [ view_end ] --END-- [ RunTime:0.000504s ]

[ 2014-10-22T21:31:11+08:00 ] 127.0.0.1 /wish/index.php/Index/Index/show
INFO: [ route_check ] --START--
INFO: CheckRoute Behavior ::run [ RunTime:0.000802s ]
INFO: [ route_check ] --END-- [ RunTime:0.000922s ]
INFO: [ app_begin ] --START--
INFO: ReadHtmlCache Behavior ::run [ RunTime:0.000476s ]
INFO: [ app_begin ] --END-- [ RunTime:0.000533s ]
NOTIC: [2048] Declaration of IndexAction::show() should be compatible with that of Action::show() D:\wamp\www\wish\App\Lib\Action\Index\IndexAction.class.php 第 26 行.
SQL: SHOW COLUMNS FROM `hd_wish` [ RunTime:0.002343s ]
SQL: INSERT INTO `hd_wish` (`username`,`content`,`time`) VALUES ('ABCD','ABCD[抓狂][抱抱]',1413984671) [ RunTime:0.068669s ]
NOTIC: [8] Undefined variable: id D:\wamp\www\wish\App\Lib\Action\Index\IndexAction.class.php 第 17 行.
NOTIC: [2] Invalid argument supplied for foreach() D:\wamp\www\wish\App\Common\common.php 第 12 行.
NOTIC: [2] Invalid argument supplied for foreach() D:\wamp\www\wish\App\Common\common.php 第 12 行.

[ 2014-10-22T21:33:17+08:00 ] 127.0.0.1 /wish/
INFO: [ app_begin ] --START--
INFO: ReadHtmlCache Behavior ::run [ RunTime:0.000557s ]
INFO: [ app_begin ] --END-- [ RunTime:0.000721s ]
NOTIC: [2048] Declaration of IndexAction::show() should be compatible with that of Action::show() D:\wamp\www\wish\App\Lib\Action\Index\IndexAction.class.php 第 26 行.
SQL: SHOW COLUMNS FROM `hd_wish` [ RunTime:0.001428s ]
SQL: SELECT * FROM `hd_wish`  [ RunTime:0.000175s ]
INFO: [ view_parse ] --START--
INFO: ParseTemplate Behavior ::run [ RunTime:0.006749s ]
INFO: [ view_parse ] --END-- [ RunTime:0.006824s ]
INFO: [ view_filter ] --START--
INFO: ContentReplace Behavior ::run [ RunTime:0.000374s ]
INFO: TokenBuild Behavior ::run [ RunTime:0.000387s ]
INFO: WriteHtmlCache Behavior ::run [ RunTime:0.000304s ]
INFO: ShowRuntime Behavior ::run [ RunTime:0.000467s ]
INFO: [ view_filter ] --END-- [ RunTime:0.001727s ]
INFO: [ view_end ] --START--
INFO: ShowPageTrace Behavior ::run [ RunTime:0.000461s ]
INFO: [ view_end ] --END-- [ RunTime:0.000521s ]

[ 2014-10-22T21:33:24+08:00 ] 127.0.0.1 /wish/index.php/Index/Index/show
INFO: [ route_check ] --START--
INFO: CheckRoute Behavior ::run [ RunTime:0.000625s ]
INFO: [ route_check ] --END-- [ RunTime:0.000720s ]
INFO: [ app_begin ] --START--
INFO: ReadHtmlCache Behavior ::run [ RunTime:0.000465s ]
INFO: [ app_begin ] --END-- [ RunTime:0.000525s ]
NOTIC: [2048] Declaration of IndexAction::show() should be compatible with that of Action::show() D:\wamp\www\wish\App\Lib\Action\Index\IndexAction.class.php 第 26 行.
SQL: SHOW COLUMNS FROM `hd_wish` [ RunTime:0.001431s ]
SQL: INSERT INTO `hd_wish` (`username`,`content`,`time`) VALUES ('id','id',1413984804) [ RunTime:0.062728s ]

[ 2014-10-22T21:59:01+08:00 ] 127.0.0.1 /wish/
INFO: [ app_begin ] --START--
INFO: ReadHtmlCache Behavior ::run [ RunTime:0.462301s ]
INFO: [ app_begin ] --END-- [ RunTime:0.676826s ]
NOTIC: [2048] Declaration of IndexAction::show() should be compatible with that of Action::show() D:\wamp\www\wish\App\Lib\Action\Index\IndexAction.class.php 第 26 行.

[ 2014-10-22T21:59:39+08:00 ] 127.0.0.1 /wish/index.php
INFO: [ app_begin ] --START--
INFO: ReadHtmlCache Behavior ::run [ RunTime:0.083737s ]
INFO: [ app_begin ] --END-- [ RunTime:0.083857s ]
NOTIC: [2048] Declaration of IndexAction::show() should be compatible with that of Action::show() D:\wamp\www\wish\App\Lib\Action\Index\IndexAction.class.php 第 26 行.
SQL: SHOW COLUMNS FROM `hd_wish` [ RunTime:3.821253s ]
SQL: SELECT * FROM `hd_wish`  [ RunTime:0.681698s ]
INFO: [ view_parse ] --START--
INFO: ParseTemplate Behavior ::run [ RunTime:5.059786s ]
INFO: [ view_parse ] --END-- [ RunTime:5.060124s ]
INFO: [ view_filter ] --START--
INFO: ContentReplace Behavior ::run [ RunTime:0.107142s ]
INFO: TokenBuild Behavior ::run [ RunTime:0.379815s ]
INFO: WriteHtmlCache Behavior ::run [ RunTime:0.432436s ]
INFO: ShowRuntime Behavior ::run [ RunTime:0.075876s ]
INFO: [ view_filter ] --END-- [ RunTime:0.995995s ]
INFO: [ view_end ] --START--
INFO: ShowPageTrace Behavior ::run [ RunTime:0.112005s ]
INFO: [ view_end ] --END-- [ RunTime:0.112310s ]

[ 2014-10-22T22:00:13+08:00 ] 127.0.0.1 /wish/index.php/Index/Index/show
INFO: [ route_check ] --START--
INFO: CheckRoute Behavior ::run [ RunTime:0.021469s ]
INFO: [ route_check ] --END-- [ RunTime:0.021576s ]
INFO: [ app_begin ] --START--
INFO: ReadHtmlCache Behavior ::run [ RunTime:0.000509s ]
INFO: [ app_begin ] --END-- [ RunTime:0.000581s ]
NOTIC: [2048] Declaration of IndexAction::show() should be compatible with that of Action::show() D:\wamp\www\wish\App\Lib\Action\Index\IndexAction.class.php 第 26 行.
SQL: SHOW COLUMNS FROM `hd_wish` [ RunTime:0.019342s ]
SQL: INSERT INTO `hd_wish` (`username`,`content`,`time`) VALUES ('id1','id1',1413986412) [ RunTime:0.348184s ]

[ 2014-10-22T22:00:27+08:00 ] 127.0.0.1 /wish/index.php/Index/Index/show
INFO: [ route_check ] --START--
INFO: CheckRoute Behavior ::run [ RunTime:0.000594s ]
INFO: [ route_check ] --END-- [ RunTime:0.000684s ]
INFO: [ app_begin ] --START--
INFO: ReadHtmlCache Behavior ::run [ RunTime:0.000422s ]
INFO: [ app_begin ] --END-- [ RunTime:0.000484s ]
NOTIC: [2048] Declaration of IndexAction::show() should be compatible with that of Action::show() D:\wamp\www\wish\App\Lib\Action\Index\IndexAction.class.php 第 26 行.
SQL: SHOW COLUMNS FROM `hd_wish` [ RunTime:0.001660s ]
SQL: INSERT INTO `hd_wish` (`username`,`content`,`time`) VALUES ('id2','id2',1413986427) [ RunTime:0.057982s ]

[ 2014-10-22T22:00:50+08:00 ] 127.0.0.1 /wish/index.php
INFO: [ app_begin ] --START--
INFO: ReadHtmlCache Behavior ::run [ RunTime:0.000417s ]
INFO: [ app_begin ] --END-- [ RunTime:0.000500s ]
NOTIC: [2048] Declaration of IndexAction::show() should be compatible with that of Action::show() D:\wamp\www\wish\App\Lib\Action\Index\IndexAction.class.php 第 26 行.
SQL: SHOW COLUMNS FROM `hd_wish` [ RunTime:0.001444s ]
SQL: SELECT * FROM `hd_wish`  [ RunTime:0.018973s ]
INFO: [ view_parse ] --START--
INFO: ParseTemplate Behavior ::run [ RunTime:0.006078s ]
INFO: [ view_parse ] --END-- [ RunTime:0.006163s ]
INFO: [ view_filter ] --START--
INFO: ContentReplace Behavior ::run [ RunTime:0.000312s ]
INFO: TokenBuild Behavior ::run [ RunTime:0.000301s ]
INFO: WriteHtmlCache Behavior ::run [ RunTime:0.000212s ]
INFO: ShowRuntime Behavior ::run [ RunTime:0.000405s ]
INFO: [ view_filter ] --END-- [ RunTime:0.001432s ]
INFO: [ view_end ] --START--
INFO: ShowPageTrace Behavior ::run [ RunTime:0.000389s ]
INFO: [ view_end ] --END-- [ RunTime:0.000450s ]

[ 2014-10-22T22:01:04+08:00 ] 127.0.0.1 /wish/index.php/Index/Index/show
INFO: [ route_check ] --START--
INFO: CheckRoute Behavior ::run [ RunTime:0.001686s ]
INFO: [ route_check ] --END-- [ RunTime:0.001924s ]
INFO: [ app_begin ] --START--
INFO: ReadHtmlCache Behavior ::run [ RunTime:0.001337s ]
INFO: [ app_begin ] --END-- [ RunTime:0.001540s ]
NOTIC: [2048] Declaration of IndexAction::show() should be compatible with that of Action::show() D:\wamp\www\wish\App\Lib\Action\Index\IndexAction.class.php 第 26 行.
SQL: SHOW COLUMNS FROM `hd_wish` [ RunTime:0.003846s ]
SQL: INSERT INTO `hd_wish` (`username`,`content`,`time`) VALUES ('id','id1',1413986463) [ RunTime:0.192621s ]

[ 2014-10-22T22:02:38+08:00 ] 127.0.0.1 /wish/index.php
INFO: [ app_begin ] --START--
INFO: ReadHtmlCache Behavior ::run [ RunTime:0.027076s ]
INFO: [ app_begin ] --END-- [ RunTime:0.027241s ]
NOTIC: [2048] Declaration of IndexAction::show() should be compatible with that of Action::show() D:\wamp\www\wish\App\Lib\Action\Index\IndexAction.class.php 第 26 行.
SQL: SHOW COLUMNS FROM `hd_wish` [ RunTime:0.002154s ]
SQL: SELECT * FROM `hd_wish`  [ RunTime:0.000736s ]
INFO: [ view_parse ] --START--
INFO: ParseTemplate Behavior ::run [ RunTime:0.205417s ]
INFO: [ view_parse ] --END-- [ RunTime:0.205719s ]
INFO: [ view_filter ] --START--
INFO: ContentReplace Behavior ::run [ RunTime:0.001399s ]
INFO: TokenBuild Behavior ::run [ RunTime:0.021732s ]
INFO: WriteHtmlCache Behavior ::run [ RunTime:0.032915s ]
INFO: ShowRuntime Behavior ::run [ RunTime:0.025998s ]
INFO: [ view_filter ] --END-- [ RunTime:0.082692s ]
INFO: [ view_end ] --START--
INFO: ShowPageTrace Behavior ::run [ RunTime:0.019394s ]
INFO: [ view_end ] --END-- [ RunTime:0.019857s ]

[ 2014-10-22T22:07:07+08:00 ] 127.0.0.1 /wish/index.php
INFO: [ app_begin ] --START--
INFO: ReadHtmlCache Behavior ::run [ RunTime:0.008636s ]
INFO: [ app_begin ] --END-- [ RunTime:0.009012s ]
NOTIC: [2048] Declaration of IndexAction::show() should be compatible with that of Action::show() D:\wamp\www\wish\App\Lib\Action\Index\IndexAction.class.php 第 26 行.
SQL: SHOW COLUMNS FROM `hd_wish` [ RunTime:0.006509s ]
SQL: SELECT * FROM `hd_wish`  [ RunTime:0.000705s ]
INFO: [ view_parse ] --START--
INFO: ParseTemplate Behavior ::run [ RunTime:0.066851s ]
INFO: [ view_parse ] --END-- [ RunTime:0.067178s ]
INFO: [ view_filter ] --START--
INFO: ContentReplace Behavior ::run [ RunTime:0.001648s ]
INFO: TokenBuild Behavior ::run [ RunTime:0.001693s ]
INFO: WriteHtmlCache Behavior ::run [ RunTime:0.001314s ]
INFO: ShowRuntime Behavior ::run [ RunTime:0.002088s ]
INFO: [ view_filter ] --END-- [ RunTime:0.007563s ]
INFO: [ view_end ] --START--
INFO: ShowPageTrace Behavior ::run [ RunTime:0.002113s ]
INFO: [ view_end ] --END-- [ RunTime:0.002396s ]

[ 2014-10-22T22:07:49+08:00 ] 127.0.0.1 /wish/index.php/Index/Index/show
INFO: [ route_check ] --START--
INFO: CheckRoute Behavior ::run [ RunTime:0.001890s ]
INFO: [ route_check ] --END-- [ RunTime:0.002094s ]
INFO: [ app_begin ] --START--
INFO: ReadHtmlCache Behavior ::run [ RunTime:0.001079s ]
INFO: [ app_begin ] --END-- [ RunTime:0.001217s ]
NOTIC: [2048] Declaration of IndexAction::show() should be compatible with that of Action::show() D:\wamp\www\wish\App\Lib\Action\Index\IndexAction.class.php 第 26 行.
SQL: SHOW COLUMNS FROM `hd_wish` [ RunTime:0.001533s ]
SQL: INSERT INTO `hd_wish` (`username`,`content`,`time`) VALUES ('id','id3',1413986869) [ RunTime:0.076960s ]

[ 2014-10-22T22:08:25+08:00 ] 127.0.0.1 /wish/index.php
INFO: [ app_begin ] --START--
INFO: ReadHtmlCache Behavior ::run [ RunTime:0.000941s ]
INFO: [ app_begin ] --END-- [ RunTime:0.001092s ]
NOTIC: [2048] Declaration of IndexAction::show() should be compatible with that of Action::show() D:\wamp\www\wish\App\Lib\Action\Index\IndexAction.class.php 第 26 行.
SQL: SHOW COLUMNS FROM `hd_wish` [ RunTime:0.001511s ]
SQL: SELECT * FROM `hd_wish`  [ RunTime:0.000172s ]
INFO: [ view_parse ] --START--
INFO: ParseTemplate Behavior ::run [ RunTime:0.006806s ]
INFO: [ view_parse ] --END-- [ RunTime:0.006887s ]
INFO: [ view_filter ] --START--
INFO: ContentReplace Behavior ::run [ RunTime:0.000438s ]
INFO: TokenBuild Behavior ::run [ RunTime:0.000428s ]
INFO: WriteHtmlCache Behavior ::run [ RunTime:0.000336s ]
INFO: ShowRuntime Behavior ::run [ RunTime:0.000489s ]
INFO: [ view_filter ] --END-- [ RunTime:0.001887s ]
INFO: [ view_end ] --START--
INFO: ShowPageTrace Behavior ::run [ RunTime:0.000543s ]
INFO: [ view_end ] --END-- [ RunTime:0.000612s ]

[ 2014-10-22T22:08:31+08:00 ] 127.0.0.1 /wish/index.php/Index/Index/show
INFO: [ route_check ] --START--
INFO: CheckRoute Behavior ::run [ RunTime:0.000784s ]
INFO: [ route_check ] --END-- [ RunTime:0.000888s ]
INFO: [ app_begin ] --START--
INFO: ReadHtmlCache Behavior ::run [ RunTime:0.000614s ]
INFO: [ app_begin ] --END-- [ RunTime:0.000693s ]
NOTIC: [2048] Declaration of IndexAction::show() should be compatible with that of Action::show() D:\wamp\www\wish\App\Lib\Action\Index\IndexAction.class.php 第 26 行.
SQL: SHOW COLUMNS FROM `hd_wish` [ RunTime:0.001839s ]
SQL: INSERT INTO `hd_wish` (`username`,`content`,`time`) VALUES ('id','88888',1413986911) [ RunTime:0.100786s ]

[ 2014-10-22T22:08:38+08:00 ] 127.0.0.1 /wish/index.php/Index/Index/show
INFO: [ route_check ] --START--
INFO: CheckRoute Behavior ::run [ RunTime:0.002563s ]
INFO: [ route_check ] --END-- [ RunTime:0.002996s ]
INFO: [ app_begin ] --START--
INFO: ReadHtmlCache Behavior ::run [ RunTime:0.002700s ]
INFO: [ app_begin ] --END-- [ RunTime:0.002978s ]
NOTIC: [2048] Declaration of IndexAction::show() should be compatible with that of Action::show() D:\wamp\www\wish\App\Lib\Action\Index\IndexAction.class.php 第 26 行.
SQL: SHOW COLUMNS FROM `hd_wish` [ RunTime:0.005283s ]
SQL: INSERT INTO `hd_wish` (`username`,`content`,`time`) VALUES ('id','99999',1413986918) [ RunTime:0.068053s ]

[ 2014-10-22T22:08:49+08:00 ] 127.0.0.1 /wish/
INFO: [ app_begin ] --START--
INFO: ReadHtmlCache Behavior ::run [ RunTime:0.001122s ]
INFO: [ app_begin ] --END-- [ RunTime:0.001302s ]
NOTIC: [2048] Declaration of IndexAction::show() should be compatible with that of Action::show() D:\wamp\www\wish\App\Lib\Action\Index\IndexAction.class.php 第 26 行.
SQL: SHOW COLUMNS FROM `hd_wish` [ RunTime:0.001939s ]
SQL: SELECT * FROM `hd_wish`  [ RunTime:0.000204s ]
INFO: [ view_parse ] --START--
INFO: ParseTemplate Behavior ::run [ RunTime:0.007988s ]
INFO: [ view_parse ] --END-- [ RunTime:0.008076s ]
INFO: [ view_filter ] --START--
INFO: ContentReplace Behavior ::run [ RunTime:0.000398s ]
INFO: TokenBuild Behavior ::run [ RunTime:0.000381s ]
INFO: WriteHtmlCache Behavior ::run [ RunTime:0.000335s ]
INFO: ShowRuntime Behavior ::run [ RunTime:0.000475s ]
INFO: [ view_filter ] --END-- [ RunTime:0.001770s ]
INFO: [ view_end ] --START--
INFO: ShowPageTrace Behavior ::run [ RunTime:0.000471s ]
INFO: [ view_end ] --END-- [ RunTime:0.000532s ]

[ 2014-10-22T22:09:13+08:00 ] 127.0.0.1 /wish/index.php/Index/Index/show
INFO: [ route_check ] --START--
INFO: CheckRoute Behavior ::run [ RunTime:0.001202s ]
INFO: [ route_check ] --END-- [ RunTime:0.001359s ]
INFO: [ app_begin ] --START--
INFO: ReadHtmlCache Behavior ::run [ RunTime:0.000975s ]
INFO: [ app_begin ] --END-- [ RunTime:0.001098s ]
NOTIC: [2048] Declaration of IndexAction::show() should be compatible with that of Action::show() D:\wamp\www\wish\App\Lib\Action\Index\IndexAction.class.php 第 26 行.
SQL: SHOW COLUMNS FROM `hd_wish` [ RunTime:0.002712s ]
SQL: INSERT INTO `hd_wish` (`username`,`content`,`time`) VALUES ('id','id',1413986953) [ RunTime:0.066437s ]

[ 2014-10-22T22:09:18+08:00 ] 127.0.0.1 /wish/
INFO: [ app_begin ] --START--
INFO: ReadHtmlCache Behavior ::run [ RunTime:0.000554s ]
INFO: [ app_begin ] --END-- [ RunTime:0.000724s ]
NOTIC: [2048] Declaration of IndexAction::show() should be compatible with that of Action::show() D:\wamp\www\wish\App\Lib\Action\Index\IndexAction.class.php 第 26 行.
SQL: SHOW COLUMNS FROM `hd_wish` [ RunTime:0.001524s ]
SQL: SELECT * FROM `hd_wish`  [ RunTime:0.000162s ]
INFO: [ view_parse ] --START--
INFO: ParseTemplate Behavior ::run [ RunTime:0.005830s ]
INFO: [ view_parse ] --END-- [ RunTime:0.005901s ]
INFO: [ view_filter ] --START--
INFO: ContentReplace Behavior ::run [ RunTime:0.000412s ]
INFO: TokenBuild Behavior ::run [ RunTime:0.000380s ]
INFO: WriteHtmlCache Behavior ::run [ RunTime:0.000281s ]
INFO: ShowRuntime Behavior ::run [ RunTime:0.000458s ]
INFO: [ view_filter ] --END-- [ RunTime:0.001696s ]
INFO: [ view_end ] --START--
INFO: ShowPageTrace Behavior ::run [ RunTime:0.000452s ]
INFO: [ view_end ] --END-- [ RunTime:0.000510s ]

[ 2014-10-22T22:18:27+08:00 ] 127.0.0.1 /wish/
INFO: [ app_begin ] --START--
INFO: ReadHtmlCache Behavior ::run [ RunTime:0.000526s ]
INFO: [ app_begin ] --END-- [ RunTime:0.000618s ]
NOTIC: [2048] Declaration of IndexAction::show() should be compatible with that of Action::show() D:\wamp\www\wish\App\Lib\Action\Index\IndexAction.class.php 第 26 行.
SQL: SHOW COLUMNS FROM `hd_wish` [ RunTime:0.001541s ]
SQL: SELECT * FROM `hd_wish`  [ RunTime:0.000198s ]
INFO: [ view_parse ] --START--
INFO: ParseTemplate Behavior ::run [ RunTime:0.006576s ]
INFO: [ view_parse ] --END-- [ RunTime:0.006653s ]
INFO: [ view_filter ] --START--
INFO: ContentReplace Behavior ::run [ RunTime:0.000333s ]
INFO: TokenBuild Behavior ::run [ RunTime:0.000338s ]
INFO: WriteHtmlCache Behavior ::run [ RunTime:0.000259s ]
INFO: ShowRuntime Behavior ::run [ RunTime:0.000393s ]
INFO: [ view_filter ] --END-- [ RunTime:0.001524s ]
INFO: [ view_end ] --START--
INFO: ShowPageTrace Behavior ::run [ RunTime:0.000416s ]
INFO: [ view_end ] --END-- [ RunTime:0.000473s ]

[ 2014-10-22T22:18:34+08:00 ] 127.0.0.1 /wish/index.php/Index/Index/show
INFO: [ route_check ] --START--
INFO: CheckRoute Behavior ::run [ RunTime:0.000962s ]
INFO: [ route_check ] --END-- [ RunTime:0.001121s ]
INFO: [ app_begin ] --START--
INFO: ReadHtmlCache Behavior ::run [ RunTime:0.000853s ]
INFO: [ app_begin ] --END-- [ RunTime:0.000958s ]
NOTIC: [2048] Declaration of IndexAction::show() should be compatible with that of Action::show() D:\wamp\www\wish\App\Lib\Action\Index\IndexAction.class.php 第 26 行.
SQL: SHOW COLUMNS FROM `hd_wish` [ RunTime:0.001614s ]
SQL: INSERT INTO `hd_wish` (`username`,`content`,`time`) VALUES ('mi','mi',1413987514) [ RunTime:0.064195s ]

[ 2014-10-22T22:29:23+08:00 ] 127.0.0.1 /wish/
INFO: [ app_begin ] --START--
INFO: ReadHtmlCache Behavior ::run [ RunTime:0.000567s ]
INFO: [ app_begin ] --END-- [ RunTime:0.000678s ]
NOTIC: [2048] Declaration of IndexAction::show() should be compatible with that of Action::show() D:\wamp\www\wish\App\Lib\Action\Index\IndexAction.class.php 第 26 行.
SQL: SHOW COLUMNS FROM `hd_wish` [ RunTime:0.001562s ]
SQL: SELECT * FROM `hd_wish`  [ RunTime:0.000199s ]
INFO: [ view_parse ] --START--
INFO: ParseTemplate Behavior ::run [ RunTime:0.006741s ]
INFO: [ view_parse ] --END-- [ RunTime:0.006825s ]
INFO: [ view_filter ] --START--
INFO: ContentReplace Behavior ::run [ RunTime:0.000443s ]
INFO: TokenBuild Behavior ::run [ RunTime:0.000434s ]
INFO: WriteHtmlCache Behavior ::run [ RunTime:0.000342s ]
INFO: ShowRuntime Behavior ::run [ RunTime:0.000493s ]
INFO: [ view_filter ] --END-- [ RunTime:0.001908s ]
INFO: [ view_end ] --START--
INFO: ShowPageTrace Behavior ::run [ RunTime:0.000546s ]
INFO: [ view_end ] --END-- [ RunTime:0.000616s ]

[ 2014-10-22T22:29:34+08:00 ] 127.0.0.1 /wish/index.php/Index/Index/show
INFO: [ route_check ] --START--
INFO: CheckRoute Behavior ::run [ RunTime:0.001472s ]
INFO: [ route_check ] --END-- [ RunTime:0.001679s ]
INFO: [ app_begin ] --START--
INFO: ReadHtmlCache Behavior ::run [ RunTime:0.001305s ]
INFO: [ app_begin ] --END-- [ RunTime:0.001466s ]
NOTIC: [2048] Declaration of IndexAction::show() should be compatible with that of Action::show() D:\wamp\www\wish\App\Lib\Action\Index\IndexAction.class.php 第 26 行.
NOTIC: [8] Use of undefined constant content - assumed 'content' D:\wamp\www\wish\App\Lib\Action\Index\IndexAction.class.php 第 15 行.
NOTIC: [2] Invalid argument supplied for foreach() D:\wamp\www\wish\App\Common\common.php 第 12 行.
NOTIC: [2] Invalid argument supplied for foreach() D:\wamp\www\wish\App\Common\common.php 第 12 行.
NOTIC: [2] Invalid argument supplied for foreach() D:\wamp\www\wish\App\Common\common.php 第 12 行.
NOTIC: [2] Invalid argument supplied for foreach() D:\wamp\www\wish\App\Common\common.php 第 12 行.
SQL: SHOW COLUMNS FROM `hd_wish` [ RunTime:0.001984s ]
SQL: INSERT INTO `hd_wish` (`username`,`content`,`time`) VALUES ('nihao','nihao[抓狂][抓狂][抓狂][抓狂]',1413988174) [ RunTime:0.081835s ]
NOTIC: [2] Invalid argument supplied for foreach() D:\wamp\www\wish\App\Common\common.php 第 12 行.
NOTIC: [2] Invalid argument supplied for foreach() D:\wamp\www\wish\App\Common\common.php 第 12 行.
NOTIC: [2] Invalid argument supplied for foreach() D:\wamp\www\wish\App\Common\common.php 第 12 行.
NOTIC: [2] Invalid argument supplied for foreach() D:\wamp\www\wish\App\Common\common.php 第 12 行.

[ 2014-10-22T22:29:35+08:00 ] 127.0.0.1 /wish/index.php/Index/Index/show
INFO: [ route_check ] --START--
INFO: CheckRoute Behavior ::run [ RunTime:0.001155s ]
INFO: [ route_check ] --END-- [ RunTime:0.001339s ]
INFO: [ app_begin ] --START--
INFO: ReadHtmlCache Behavior ::run [ RunTime:0.000906s ]
INFO: [ app_begin ] --END-- [ RunTime:0.001033s ]
NOTIC: [2048] Declaration of IndexAction::show() should be compatible with that of Action::show() D:\wamp\www\wish\App\Lib\Action\Index\IndexAction.class.php 第 26 行.
NOTIC: [8] Use of undefined constant content - assumed 'content' D:\wamp\www\wish\App\Lib\Action\Index\IndexAction.class.php 第 15 行.
NOTIC: [2] Invalid argument supplied for foreach() D:\wamp\www\wish\App\Common\common.php 第 12 行.
NOTIC: [2] Invalid argument supplied for foreach() D:\wamp\www\wish\App\Common\common.php 第 12 行.
NOTIC: [2] Invalid argument supplied for foreach() D:\wamp\www\wish\App\Common\common.php 第 12 行.
NOTIC: [2] Invalid argument supplied for foreach() D:\wamp\www\wish\App\Common\common.php 第 12 行.
SQL: SHOW COLUMNS FROM `hd_wish` [ RunTime:0.001606s ]
SQL: INSERT INTO `hd_wish` (`username`,`content`,`time`) VALUES ('nihao','nihao[抓狂][抓狂][抓狂][抓狂]',1413988175) [ RunTime:0.073334s ]
NOTIC: [2] Invalid argument supplied for foreach() D:\wamp\www\wish\App\Common\common.php 第 12 行.
NOTIC: [2] Invalid argument supplied for foreach() D:\wamp\www\wish\App\Common\common.php 第 12 行.
NOTIC: [2] Invalid argument supplied for foreach() D:\wamp\www\wish\App\Common\common.php 第 12 行.
NOTIC: [2] Invalid argument supplied for foreach() D:\wamp\www\wish\App\Common\common.php 第 12 行.

[ 2014-10-22T22:29:37+08:00 ] 127.0.0.1 /wish/index.php/Index/Index/show
INFO: [ route_check ] --START--
INFO: CheckRoute Behavior ::run [ RunTime:0.001136s ]
INFO: [ route_check ] --END-- [ RunTime:0.001403s ]
INFO: [ app_begin ] --START--
INFO: ReadHtmlCache Behavior ::run [ RunTime:0.000905s ]
INFO: [ app_begin ] --END-- [ RunTime:0.001029s ]
NOTIC: [2048] Declaration of IndexAction::show() should be compatible with that of Action::show() D:\wamp\www\wish\App\Lib\Action\Index\IndexAction.class.php 第 26 行.
NOTIC: [8] Use of undefined constant content - assumed 'content' D:\wamp\www\wish\App\Lib\Action\Index\IndexAction.class.php 第 15 行.
NOTIC: [2] Invalid argument supplied for foreach() D:\wamp\www\wish\App\Common\common.php 第 12 行.
NOTIC: [2] Invalid argument supplied for foreach() D:\wamp\www\wish\App\Common\common.php 第 12 行.
NOTIC: [2] Invalid argument supplied for foreach() D:\wamp\www\wish\App\Common\common.php 第 12 行.
NOTIC: [2] Invalid argument supplied for foreach() D:\wamp\www\wish\App\Common\common.php 第 12 行.
SQL: SHOW COLUMNS FROM `hd_wish` [ RunTime:0.002737s ]
SQL: INSERT INTO `hd_wish` (`username`,`content`,`time`) VALUES ('nihao','nihao[抓狂][抓狂][抓狂][抓狂]',1413988177) [ RunTime:0.048340s ]
NOTIC: [2] Invalid argument supplied for foreach() D:\wamp\www\wish\App\Common\common.php 第 12 行.
NOTIC: [2] Invalid argument supplied for foreach() D:\wamp\www\wish\App\Common\common.php 第 12 行.
NOTIC: [2] Invalid argument supplied for foreach() D:\wamp\www\wish\App\Common\common.php 第 12 行.
NOTIC: [2] Invalid argument supplied for foreach() D:\wamp\www\wish\App\Common\common.php 第 12 行.

[ 2014-10-22T22:29:38+08:00 ] 127.0.0.1 /wish/index.php/Index/Index/show
INFO: [ route_check ] --START--
INFO: CheckRoute Behavior ::run [ RunTime:0.001414s ]
INFO: [ route_check ] --END-- [ RunTime:0.001619s ]
INFO: [ app_begin ] --START--
INFO: ReadHtmlCache Behavior ::run [ RunTime:0.001195s ]
INFO: [ app_begin ] --END-- [ RunTime:0.001350s ]
NOTIC: [2048] Declaration of IndexAction::show() should be compatible with that of Action::show() D:\wamp\www\wish\App\Lib\Action\Index\IndexAction.class.php 第 26 行.
NOTIC: [8] Use of undefined constant content - assumed 'content' D:\wamp\www\wish\App\Lib\Action\Index\IndexAction.class.php 第 15 行.
NOTIC: [2] Invalid argument supplied for foreach() D:\wamp\www\wish\App\Common\common.php 第 12 行.
NOTIC: [2] Invalid argument supplied for foreach() D:\wamp\www\wish\App\Common\common.php 第 12 行.
NOTIC: [2] Invalid argument supplied for foreach() D:\wamp\www\wish\App\Common\common.php 第 12 行.
NOTIC: [2] Invalid argument supplied for foreach() D:\wamp\www\wish\App\Common\common.php 第 12 行.
SQL: SHOW COLUMNS FROM `hd_wish` [ RunTime:0.003276s ]
SQL: INSERT INTO `hd_wish` (`username`,`content`,`time`) VALUES ('nihao','nihao[抓狂][抓狂][抓狂][抓狂]',1413988178) [ RunTime:0.054935s ]
NOTIC: [2] Invalid argument supplied for foreach() D:\wamp\www\wish\App\Common\common.php 第 12 行.
NOTIC: [2] Invalid argument supplied for foreach() D:\wamp\www\wish\App\Common\common.php 第 12 行.
NOTIC: [2] Invalid argument supplied for foreach() D:\wamp\www\wish\App\Common\common.php 第 12 行.
NOTIC: [2] Invalid argument supplied for foreach() D:\wamp\www\wish\App\Common\common.php 第 12 行.

[ 2014-10-22T22:29:38+08:00 ] 127.0.0.1 /wish/index.php/Index/Index/show
INFO: [ route_check ] --START--
INFO: CheckRoute Behavior ::run [ RunTime:0.000907s ]
INFO: [ route_check ] --END-- [ RunTime:0.001048s ]
INFO: [ app_begin ] --START--
INFO: ReadHtmlCache Behavior ::run [ RunTime:0.000718s ]
INFO: [ app_begin ] --END-- [ RunTime:0.000817s ]
NOTIC: [2048] Declaration of IndexAction::show() should be compatible with that of Action::show() D:\wamp\www\wish\App\Lib\Action\Index\IndexAction.class.php 第 26 行.
NOTIC: [8] Use of undefined constant content - assumed 'content' D:\wamp\www\wish\App\Lib\Action\Index\IndexAction.class.php 第 15 行.
NOTIC: [2] Invalid argument supplied for foreach() D:\wamp\www\wish\App\Common\common.php 第 12 行.
NOTIC: [2] Invalid argument supplied for foreach() D:\wamp\www\wish\App\Common\common.php 第 12 行.
NOTIC: [2] Invalid argument supplied for foreach() D:\wamp\www\wish\App\Common\common.php 第 12 行.
NOTIC: [2] Invalid argument supplied for foreach() D:\wamp\www\wish\App\Common\common.php 第 12 行.
SQL: SHOW COLUMNS FROM `hd_wish` [ RunTime:0.002225s ]
SQL: INSERT INTO `hd_wish` (`username`,`content`,`time`) VALUES ('nihao','nihao[抓狂][抓狂][抓狂][抓狂]',1413988178) [ RunTime:0.050562s ]
NOTIC: [2] Invalid argument supplied for foreach() D:\wamp\www\wish\App\Common\common.php 第 12 行.
NOTIC: [2] Invalid argument supplied for foreach() D:\wamp\www\wish\App\Common\common.php 第 12 行.
NOTIC: [2] Invalid argument supplied for foreach() D:\wamp\www\wish\App\Common\common.php 第 12 行.
NOTIC: [2] Invalid argument supplied for foreach() D:\wamp\www\wish\App\Common\common.php 第 12 行.

[ 2014-10-22T22:29:38+08:00 ] 127.0.0.1 /wish/index.php/Index/Index/show
INFO: [ route_check ] --START--
INFO: CheckRoute Behavior ::run [ RunTime:0.002145s ]
INFO: [ route_check ] --END-- [ RunTime:0.002483s ]
INFO: [ app_begin ] --START--
INFO: ReadHtmlCache Behavior ::run [ RunTime:0.001280s ]
INFO: [ app_begin ] --END-- [ RunTime:0.001455s ]
NOTIC: [2048] Declaration of IndexAction::show() should be compatible with that of Action::show() D:\wamp\www\wish\App\Lib\Action\Index\IndexAction.class.php 第 26 行.
NOTIC: [8] Use of undefined constant content - assumed 'content' D:\wamp\www\wish\App\Lib\Action\Index\IndexAction.class.php 第 15 行.
NOTIC: [2] Invalid argument supplied for foreach() D:\wamp\www\wish\App\Common\common.php 第 12 行.
NOTIC: [2] Invalid argument supplied for foreach() D:\wamp\www\wish\App\Common\common.php 第 12 行.
NOTIC: [2] Invalid argument supplied for foreach() D:\wamp\www\wish\App\Common\common.php 第 12 行.
NOTIC: [2] Invalid argument supplied for foreach() D:\wamp\www\wish\App\Common\common.php 第 12 行.
SQL: SHOW COLUMNS FROM `hd_wish` [ RunTime:0.003901s ]
SQL: INSERT INTO `hd_wish` (`username`,`content`,`time`) VALUES ('nihao','nihao[抓狂][抓狂][抓狂][抓狂]',1413988178) [ RunTime:0.082757s ]
NOTIC: [2] Invalid argument supplied for foreach() D:\wamp\www\wish\App\Common\common.php 第 12 行.
NOTIC: [2] Invalid argument supplied for foreach() D:\wamp\www\wish\App\Common\common.php 第 12 行.
NOTIC: [2] Invalid argument supplied for foreach() D:\wamp\www\wish\App\Common\common.php 第 12 行.
NOTIC: [2] Invalid argument supplied for foreach() D:\wamp\www\wish\App\Common\common.php 第 12 行.

[ 2014-10-22T22:29:41+08:00 ] 127.0.0.1 /wish/
INFO: [ app_begin ] --START--
INFO: ReadHtmlCache Behavior ::run [ RunTime:0.000564s ]
INFO: [ app_begin ] --END-- [ RunTime:0.000667s ]
NOTIC: [2048] Declaration of IndexAction::show() should be compatible with that of Action::show() D:\wamp\www\wish\App\Lib\Action\Index\IndexAction.class.php 第 26 行.
SQL: SHOW COLUMNS FROM `hd_wish` [ RunTime:0.001707s ]
SQL: SELECT * FROM `hd_wish`  [ RunTime:0.000243s ]
INFO: [ view_parse ] --START--
INFO: ParseTemplate Behavior ::run [ RunTime:0.007849s ]
INFO: [ view_parse ] --END-- [ RunTime:0.007944s ]
INFO: [ view_filter ] --START--
INFO: ContentReplace Behavior ::run [ RunTime:0.000445s ]
INFO: TokenBuild Behavior ::run [ RunTime:0.000435s ]
INFO: WriteHtmlCache Behavior ::run [ RunTime:0.000327s ]
INFO: ShowRuntime Behavior ::run [ RunTime:0.000510s ]
INFO: [ view_filter ] --END-- [ RunTime:0.001942s ]
INFO: [ view_end ] --START--
INFO: ShowPageTrace Behavior ::run [ RunTime:0.000644s ]
INFO: [ view_end ] --END-- [ RunTime:0.000738s ]

[ 2014-10-22T22:30:58+08:00 ] 127.0.0.1 /wish/
INFO: [ app_begin ] --START--
INFO: ReadHtmlCache Behavior ::run [ RunTime:0.000609s ]
INFO: [ app_begin ] --END-- [ RunTime:0.000720s ]
NOTIC: [2048] Declaration of IndexAction::show() should be compatible with that of Action::show() D:\wamp\www\wish\App\Lib\Action\Index\IndexAction.class.php 第 26 行.
SQL: SHOW COLUMNS FROM `hd_wish` [ RunTime:0.001730s ]
SQL: SELECT * FROM `hd_wish`  [ RunTime:0.000242s ]
INFO: [ view_parse ] --START--
INFO: ParseTemplate Behavior ::run [ RunTime:0.018898s ]
INFO: [ view_parse ] --END-- [ RunTime:0.018997s ]
INFO: [ view_filter ] --START--
INFO: ContentReplace Behavior ::run [ RunTime:0.000446s ]
INFO: TokenBuild Behavior ::run [ RunTime:0.000424s ]
INFO: WriteHtmlCache Behavior ::run [ RunTime:0.000319s ]
INFO: ShowRuntime Behavior ::run [ RunTime:0.000503s ]
INFO: [ view_filter ] --END-- [ RunTime:0.001917s ]
INFO: [ view_end ] --START--
INFO: ShowPageTrace Behavior ::run [ RunTime:0.000553s ]
INFO: [ view_end ] --END-- [ RunTime:0.000635s ]

[ 2014-10-22T22:31:11+08:00 ] 127.0.0.1 /wish/index.php/Index/Index/show
INFO: [ route_check ] --START--
INFO: CheckRoute Behavior ::run [ RunTime:0.002115s ]
INFO: [ route_check ] --END-- [ RunTime:0.002383s ]
INFO: [ app_begin ] --START--
INFO: ReadHtmlCache Behavior ::run [ RunTime:0.000684s ]
INFO: [ app_begin ] --END-- [ RunTime:0.000772s ]
NOTIC: [2048] Declaration of IndexAction::show() should be compatible with that of Action::show() D:\wamp\www\wish\App\Lib\Action\Index\IndexAction.class.php 第 26 行.
NOTIC: [8] Use of undefined constant content - assumed 'content' D:\wamp\www\wish\App\Lib\Action\Index\IndexAction.class.php 第 15 行.
NOTIC: [2] Invalid argument supplied for foreach() D:\wamp\www\wish\App\Common\common.php 第 12 行.
NOTIC: [2] Invalid argument supplied for foreach() D:\wamp\www\wish\App\Common\common.php 第 12 行.
NOTIC: [2] Invalid argument supplied for foreach() D:\wamp\www\wish\App\Common\common.php 第 12 行.
NOTIC: [2] Invalid argument supplied for foreach() D:\wamp\www\wish\App\Common\common.php 第 12 行.
SQL: SHOW COLUMNS FROM `hd_wish` [ RunTime:0.002941s ]
SQL: INSERT INTO `hd_wish` (`username`,`content`,`time`) VALUES ('biaoqign','[抓狂][抓狂][抱抱][抱抱]',1413988271) [ RunTime:0.073951s ]
NOTIC: [2] Invalid argument supplied for foreach() D:\wamp\www\wish\App\Common\common.php 第 12 行.
NOTIC: [2] Invalid argument supplied for foreach() D:\wamp\www\wish\App\Common\common.php 第 12 行.
NOTIC: [2] Invalid argument supplied for foreach() D:\wamp\www\wish\App\Common\common.php 第 12 行.
NOTIC: [2] Invalid argument supplied for foreach() D:\wamp\www\wish\App\Common\common.php 第 12 行.

[ 2014-10-22T22:31:12+08:00 ] 127.0.0.1 /wish/index.php/Index/Index/show
INFO: [ route_check ] --START--
INFO: CheckRoute Behavior ::run [ RunTime:0.001442s ]
INFO: [ route_check ] --END-- [ RunTime:0.001634s ]
INFO: [ app_begin ] --START--
INFO: ReadHtmlCache Behavior ::run [ RunTime:0.001216s ]
INFO: [ app_begin ] --END-- [ RunTime:0.001373s ]
NOTIC: [2048] Declaration of IndexAction::show() should be compatible with that of Action::show() D:\wamp\www\wish\App\Lib\Action\Index\IndexAction.class.php 第 26 行.
NOTIC: [8] Use of undefined constant content - assumed 'content' D:\wamp\www\wish\App\Lib\Action\Index\IndexAction.class.php 第 15 行.
NOTIC: [2] Invalid argument supplied for foreach() D:\wamp\www\wish\App\Common\common.php 第 12 行.
NOTIC: [2] Invalid argument supplied for foreach() D:\wamp\www\wish\App\Common\common.php 第 12 行.
NOTIC: [2] Invalid argument supplied for foreach() D:\wamp\www\wish\App\Common\common.php 第 12 行.
NOTIC: [2] Invalid argument supplied for foreach() D:\wamp\www\wish\App\Common\common.php 第 12 行.
SQL: SHOW COLUMNS FROM `hd_wish` [ RunTime:0.002780s ]
SQL: INSERT INTO `hd_wish` (`username`,`content`,`time`) VALUES ('biaoqign','[抓狂][抓狂][抱抱][抱抱]',1413988272) [ RunTime:0.058903s ]
NOTIC: [2] Invalid argument supplied for foreach() D:\wamp\www\wish\App\Common\common.php 第 12 行.
NOTIC: [2] Invalid argument supplied for foreach() D:\wamp\www\wish\App\Common\common.php 第 12 行.
NOTIC: [2] Invalid argument supplied for foreach() D:\wamp\www\wish\App\Common\common.php 第 12 行.
NOTIC: [2] Invalid argument supplied for foreach() D:\wamp\www\wish\App\Common\common.php 第 12 行.

[ 2014-10-22T22:32:58+08:00 ] 127.0.0.1 /wish/
INFO: [ app_begin ] --START--
INFO: ReadHtmlCache Behavior ::run [ RunTime:0.000590s ]
INFO: [ app_begin ] --END-- [ RunTime:0.000700s ]
NOTIC: [2048] Declaration of IndexAction::show() should be compatible with that of Action::show() D:\wamp\www\wish\App\Lib\Action\Index\IndexAction.class.php 第 25 行.
SQL: SHOW COLUMNS FROM `hd_wish` [ RunTime:0.001649s ]
SQL: SELECT * FROM `hd_wish`  [ RunTime:0.000228s ]
INFO: [ view_parse ] --START--
INFO: ParseTemplate Behavior ::run [ RunTime:0.007126s ]
INFO: [ view_parse ] --END-- [ RunTime:0.007213s ]
INFO: [ view_filter ] --START--
INFO: ContentReplace Behavior ::run [ RunTime:0.000475s ]
INFO: TokenBuild Behavior ::run [ RunTime:0.000461s ]
INFO: WriteHtmlCache Behavior ::run [ RunTime:0.000358s ]
INFO: ShowRuntime Behavior ::run [ RunTime:0.000519s ]
INFO: [ view_filter ] --END-- [ RunTime:0.002020s ]
INFO: [ view_end ] --START--
INFO: ShowPageTrace Behavior ::run [ RunTime:0.000568s ]
INFO: [ view_end ] --END-- [ RunTime:0.000641s ]

[ 2014-10-22T22:33:05+08:00 ] 127.0.0.1 /wish/index.php/Index/Index/show
INFO: [ route_check ] --START--
INFO: CheckRoute Behavior ::run [ RunTime:0.000695s ]
INFO: [ route_check ] --END-- [ RunTime:0.000894s ]
INFO: [ app_begin ] --START--
INFO: ReadHtmlCache Behavior ::run [ RunTime:0.000408s ]
INFO: [ app_begin ] --END-- [ RunTime:0.000484s ]
NOTIC: [2048] Declaration of IndexAction::show() should be compatible with that of Action::show() D:\wamp\www\wish\App\Lib\Action\Index\IndexAction.class.php 第 25 行.
SQL: SHOW COLUMNS FROM `hd_wish` [ RunTime:0.002439s ]
SQL: INSERT INTO `hd_wish` (`username`,`content`,`time`) VALUES ('hao','haoi',1413988385) [ RunTime:0.065114s ]

[ 2014-10-22T22:33:10+08:00 ] 127.0.0.1 /wish/
INFO: [ app_begin ] --START--
INFO: ReadHtmlCache Behavior ::run [ RunTime:0.000488s ]
INFO: [ app_begin ] --END-- [ RunTime:0.000582s ]
NOTIC: [2048] Declaration of IndexAction::show() should be compatible with that of Action::show() D:\wamp\www\wish\App\Lib\Action\Index\IndexAction.class.php 第 25 行.
SQL: SHOW COLUMNS FROM `hd_wish` [ RunTime:0.001463s ]
SQL: SELECT * FROM `hd_wish`  [ RunTime:0.000159s ]
INFO: [ view_parse ] --START--
INFO: ParseTemplate Behavior ::run [ RunTime:0.005914s ]
INFO: [ view_parse ] --END-- [ RunTime:0.005986s ]
INFO: [ view_filter ] --START--
INFO: ContentReplace Behavior ::run [ RunTime:0.000409s ]
INFO: TokenBuild Behavior ::run [ RunTime:0.000325s ]
INFO: WriteHtmlCache Behavior ::run [ RunTime:0.000247s ]
INFO: ShowRuntime Behavior ::run [ RunTime:0.000384s ]
INFO: [ view_filter ] --END-- [ RunTime:0.001572s ]
INFO: [ view_end ] --START--
INFO: ShowPageTrace Behavior ::run [ RunTime:0.000412s ]
INFO: [ view_end ] --END-- [ RunTime:0.000470s ]

[ 2014-10-22T22:33:57+08:00 ] 127.0.0.1 /wish/
INFO: [ app_begin ] --START--
INFO: ReadHtmlCache Behavior ::run [ RunTime:0.000464s ]
INFO: [ app_begin ] --END-- [ RunTime:0.000538s ]
NOTIC: [2048] Declaration of IndexAction::show() should be compatible with that of Action::show() D:\wamp\www\wish\App\Lib\Action\Index\IndexAction.class.php 第 25 行.
SQL: SHOW COLUMNS FROM `hd_wish` [ RunTime:0.001428s ]
SQL: SELECT * FROM `hd_wish`  [ RunTime:0.000147s ]
INFO: [ view_parse ] --START--
INFO: ParseTemplate Behavior ::run [ RunTime:0.006424s ]
INFO: [ view_parse ] --END-- [ RunTime:0.006506s ]
INFO: [ view_filter ] --START--
INFO: ContentReplace Behavior ::run [ RunTime:0.000353s ]
INFO: TokenBuild Behavior ::run [ RunTime:0.000353s ]
INFO: WriteHtmlCache Behavior ::run [ RunTime:0.000326s ]
INFO: ShowRuntime Behavior ::run [ RunTime:0.000401s ]
INFO: [ view_filter ] --END-- [ RunTime:0.001602s ]
INFO: [ view_end ] --START--
INFO: ShowPageTrace Behavior ::run [ RunTime:0.000469s ]
INFO: [ view_end ] --END-- [ RunTime:0.000528s ]

[ 2014-10-22T22:37:38+08:00 ] 127.0.0.1 /wish/
INFO: [ app_begin ] --START--
INFO: ReadHtmlCache Behavior ::run [ RunTime:0.000596s ]
INFO: [ app_begin ] --END-- [ RunTime:0.000691s ]
NOTIC: [2048] Declaration of IndexAction::show() should be compatible with that of Action::show() D:\wamp\www\wish\App\Lib\Action\Index\IndexAction.class.php 第 25 行.
SQL: SHOW COLUMNS FROM `hd_wish` [ RunTime:0.001582s ]
SQL: SELECT * FROM `hd_wish`  [ RunTime:0.000198s ]
INFO: [ view_parse ] --START--
INFO: ParseTemplate Behavior ::run [ RunTime:0.006731s ]
INFO: [ view_parse ] --END-- [ RunTime:0.006815s ]
INFO: [ view_filter ] --START--
INFO: ContentReplace Behavior ::run [ RunTime:0.000435s ]
INFO: TokenBuild Behavior ::run [ RunTime:0.000442s ]
INFO: WriteHtmlCache Behavior ::run [ RunTime:0.000343s ]
INFO: ShowRuntime Behavior ::run [ RunTime:0.000502s ]
INFO: [ view_filter ] --END-- [ RunTime:0.001926s ]
INFO: [ view_end ] --START--
INFO: ShowPageTrace Behavior ::run [ RunTime:0.000593s ]
INFO: [ view_end ] --END-- [ RunTime:0.000666s ]

[ 2014-10-22T22:37:44+08:00 ] 127.0.0.1 /wish/index.php/Index/Index/show
INFO: [ route_check ] --START--
INFO: CheckRoute Behavior ::run [ RunTime:0.000704s ]
INFO: [ route_check ] --END-- [ RunTime:0.000797s ]
INFO: [ app_begin ] --START--
INFO: ReadHtmlCache Behavior ::run [ RunTime:0.000608s ]
INFO: [ app_begin ] --END-- [ RunTime:0.000681s ]
NOTIC: [2048] Declaration of IndexAction::show() should be compatible with that of Action::show() D:\wamp\www\wish\App\Lib\Action\Index\IndexAction.class.php 第 25 行.
SQL: SHOW COLUMNS FROM `hd_wish` [ RunTime:0.002679s ]
SQL: INSERT INTO `hd_wish` (`username`,`content`,`time`) VALUES ('id','id',1413988664) [ RunTime:0.078575s ]

